{"obj": {"type": "AssignString", "path": ["sys", "name"], "value": "Untitled"}, "version": 1}
{"obj": {"type": "AssignString", "path": ["sys", "description"], "value": ""}, "version": 2}
{"obj": {"type": "AssignString", "path": ["sys", "hostname"], "value": "LAPTOP-5BDQRCA3"}, "version": 3}
{"obj": {"type": "AssignBool", "path": ["sys", "failed"], "value": false}, "version": 4}
{"obj": {"type": "ClearStringLog", "path": ["monitoring", "stdout"]}, "version": 5}
{"obj": {"type": "ClearStringLog", "path": ["monitoring", "stderr"]}, "version": 6}
{"obj": {"type": "ConfigFloatSeries", "path": ["monitoring", "cpu"], "min": 0.0, "max": 100.0, "unit": "%"}, "version": 7}
{"obj": {"type": "ClearFloatLog", "path": ["monitoring", "cpu"]}, "version": 8}
{"obj": {"type": "ConfigFloatSeries", "path": ["monitoring", "memory"], "min": 0.0, "max": 15.811737060546875, "unit": "GB"}, "version": 9}
{"obj": {"type": "ClearFloatLog", "path": ["monitoring", "memory"]}, "version": 10}
{"obj": {"type": "ConfigFloatSeries", "path": ["monitoring", "gpu"], "min": 0.0, "max": 100.0, "unit": "%"}, "version": 11}
{"obj": {"type": "ClearFloatLog", "path": ["monitoring", "gpu"]}, "version": 12}
{"obj": {"type": "ConfigFloatSeries", "path": ["monitoring", "gpu_memory"], "min": 0.0, "max": 4.0, "unit": "GB"}, "version": 13}
{"obj": {"type": "ClearFloatLog", "path": ["monitoring", "gpu_memory"]}, "version": 14}
{"obj": {"type": "LogStrings", "path": ["monitoring", "stdout"], "values": [{"value": "", "step": null, "ts": 1638527966.523038}]}, "version": 15}
{"obj": {"type": "LogStrings", "path": ["monitoring", "stdout"], "values": [{"value": "https://app.neptune.ai/Facemask-project/Facemask/e/FAC-3\n", "step": null, "ts": 1638527966.5386324}]}, "version": 16}
{"obj": {"type": "LogStrings", "path": ["monitoring", "stdout"], "values": [{"value": "Remember to stop your run once you\u2019ve finished logging your metadata (https://docs.neptune.ai/api-reference/run#stop). It will be stopped automatically only when the notebook kernel/interactive console is terminated.\n", "step": null, "ts": 1638527966.5386324}]}, "version": 17}
{"obj": {"type": "LogFloats", "path": ["monitoring", "cpu"], "values": [{"value": 28.5, "step": null, "ts": 1638527966.523038}]}, "version": 18}
{"obj": {"type": "LogFloats", "path": ["monitoring", "memory"], "values": [{"value": 9.476051330566406, "step": null, "ts": 1638527966.523038}]}, "version": 19}
{"obj": {"type": "LogFloats", "path": ["monitoring", "gpu_memory"], "values": [{"value": 0.8793754577636719, "step": null, "ts": 1638527966.523038}]}, "version": 20}
{"obj": {"type": "LogFloats", "path": ["monitoring", "cpu"], "values": [{"value": 12.7, "step": null, "ts": 1638527976.5487084}]}, "version": 21}
{"obj": {"type": "LogFloats", "path": ["monitoring", "memory"], "values": [{"value": 9.458053588867188, "step": null, "ts": 1638527976.5487084}]}, "version": 22}
{"obj": {"type": "LogFloats", "path": ["monitoring", "gpu_memory"], "values": [{"value": 0.8793754577636719, "step": null, "ts": 1638527976.5487084}]}, "version": 23}
{"obj": {"type": "LogStrings", "path": ["monitoring", "stderr"], "values": [{"value": "", "step": null, "ts": 1638527983.661746}]}, "version": 24}
{"obj": {"type": "LogStrings", "path": ["monitoring", "stderr"], "values": [{"value": "Warning: string series 'monitoring/stdout' value was longer than 1000 characters and was truncated. This warning is printed only once per series.\n", "step": null, "ts": 1638527983.661746}]}, "version": 25}
{"obj": {"type": "LogStrings", "path": ["monitoring", "stderr"], "values": [{"value": "Warning: string series 'monitoring/stdout' value was longer than 1000 characters and was truncated. This warning is printed only once per series.\n", "step": null, "ts": 1638527983.661746}]}, "version": 26}
{"obj": {"type": "LogStrings", "path": ["monitoring", "stdout"], "values": [{"value": "ConvAutoencoder(\n  (flatten): Flatten(start_dim=1, end_dim=-1)\n  (linear1): Linear(in_features=1728, out_features=2500, bias=True)\n  (linear2): Linear(in_features=2500, out_features=1600, bias=True)\n  (linear3): Linear(in_features=1600, out_features=1200, bias=True)\n  (unflatten): Unflatten(dim=1, unflattened_size=(12, 10, 10))\n  (conv1): Conv2d(3, 16, kernel_size=(3, 3), stride=(1, 1), padding=(1, 1))\n  (conv2): Conv2d(16, 32, kernel_size=(3, 3), stride=(1, 1), padding=(1, 1))\n  (conv3): Conv2d(32, 44, kernel_size=(3, 3), stride=(1, 1), padding=(1, 1))\n  (conv4): Conv2d(44, 32, kernel_size=(3, 3), stride=(1, 1), padding=(1, 1))\n  (conv5): Conv2d(32, 16, kernel_size=(3, 3), stride=(1, 1), padding=(1, 1))\n  (conv6): Conv2d(16, 12, kernel_size=(3, 3), stride=(1, 1), padding=(1, 1))\n  (pool): MaxPool2d(kernel_size=2, stride=2, padding=0, dilation=1, ceil_mode=False)\n  (t_conv1): ConvTranspose2d(12, 16, kernel_size=(3, 3), stride=(3, 3), padding=(2, 2))\n  (t_conv2): ConvTranspose2d(16, 32,", "step": null, "ts": 1638527983.661746}]}, "version": 27}
{"obj": {"type": "LogStrings", "path": ["monitoring", "stdout"], "values": [{"value": "\n", "step": null, "ts": 1638527983.661746}]}, "version": 28}
{"obj": {"type": "LogStrings", "path": ["monitoring", "stdout"], "values": [{"value": "cuda", "step": null, "ts": 1638527983.661746}]}, "version": 29}
{"obj": {"type": "LogStrings", "path": ["monitoring", "stdout"], "values": [{"value": "\n", "step": null, "ts": 1638527983.661746}]}, "version": 30}
{"obj": {"type": "LogFloats", "path": ["monitoring", "cpu"], "values": [{"value": 10.1, "step": null, "ts": 1638527986.5627155}]}, "version": 31}
{"obj": {"type": "LogFloats", "path": ["monitoring", "memory"], "values": [{"value": 9.448970794677734, "step": null, "ts": 1638527986.5627155}]}, "version": 32}
{"obj": {"type": "LogFloats", "path": ["monitoring", "gpu_memory"], "values": [{"value": 0.8793754577636719, "step": null, "ts": 1638527986.5627155}]}, "version": 33}
{"obj": {"type": "AssignFloat", "path": ["parameters", "lr"], "value": 0.05}, "version": 34}
{"obj": {"type": "AssignString", "path": ["parameters", "optim"], "value": "Adam"}, "version": 35}
{"obj": {"type": "AssignString", "path": ["parameters", "loss_function"], "value": "MSELoss()"}, "version": 36}
{"obj": {"type": "AssignInt", "path": ["parameters", "Batch_size"], "value": 25}, "version": 37}
{"obj": {"type": "LogFloats", "path": ["monitoring", "cpu"], "values": [{"value": 4.7, "step": null, "ts": 1638527996.587946}]}, "version": 38}
{"obj": {"type": "LogFloats", "path": ["monitoring", "memory"], "values": [{"value": 9.437793731689453, "step": null, "ts": 1638527996.587946}]}, "version": 39}
{"obj": {"type": "LogFloats", "path": ["monitoring", "gpu_memory"], "values": [{"value": 0.8793754577636719, "step": null, "ts": 1638527996.587946}]}, "version": 40}
{"obj": {"type": "LogFloats", "path": ["monitoring", "cpu"], "values": [{"value": 5.9, "step": null, "ts": 1638528006.590409}]}, "version": 41}
{"obj": {"type": "LogFloats", "path": ["monitoring", "memory"], "values": [{"value": 9.435840606689453, "step": null, "ts": 1638528006.590409}]}, "version": 42}
{"obj": {"type": "LogFloats", "path": ["monitoring", "gpu_memory"], "values": [{"value": 0.8793754577636719, "step": null, "ts": 1638528006.590409}]}, "version": 43}
{"obj": {"type": "LogFloats", "path": ["monitoring", "cpu"], "values": [{"value": 17.5, "step": null, "ts": 1638528016.5931437}]}, "version": 44}
{"obj": {"type": "LogFloats", "path": ["monitoring", "memory"], "values": [{"value": 9.443634033203125, "step": null, "ts": 1638528016.5931437}]}, "version": 45}
{"obj": {"type": "LogFloats", "path": ["monitoring", "gpu"], "values": [{"value": 95.0, "step": null, "ts": 1638528016.5931437}]}, "version": 46}
{"obj": {"type": "LogFloats", "path": ["monitoring", "gpu_memory"], "values": [{"value": 1.0395317077636719, "step": null, "ts": 1638528016.5931437}]}, "version": 47}
{"obj": {"type": "LogFloats", "path": ["monitoring", "cpu"], "values": [{"value": 13.6, "step": null, "ts": 1638528026.5996103}]}, "version": 48}
{"obj": {"type": "LogFloats", "path": ["monitoring", "memory"], "values": [{"value": 9.440544128417969, "step": null, "ts": 1638528026.5996103}]}, "version": 49}
{"obj": {"type": "LogFloats", "path": ["monitoring", "gpu"], "values": [{"value": 97.0, "step": null, "ts": 1638528026.5996103}]}, "version": 50}
{"obj": {"type": "LogFloats", "path": ["monitoring", "gpu_memory"], "values": [{"value": 1.0395317077636719, "step": null, "ts": 1638528026.5996103}]}, "version": 51}
{"obj": {"type": "LogFloats", "path": ["monitoring", "cpu"], "values": [{"value": 13.1, "step": null, "ts": 1638528036.6094978}]}, "version": 52}
{"obj": {"type": "LogFloats", "path": ["monitoring", "memory"], "values": [{"value": 9.4464111328125, "step": null, "ts": 1638528036.6094978}]}, "version": 53}
{"obj": {"type": "LogFloats", "path": ["monitoring", "gpu"], "values": [{"value": 97.0, "step": null, "ts": 1638528036.6094978}]}, "version": 54}
{"obj": {"type": "LogFloats", "path": ["monitoring", "gpu_memory"], "values": [{"value": 1.0395317077636719, "step": null, "ts": 1638528036.6094978}]}, "version": 55}
{"obj": {"type": "LogStrings", "path": ["monitoring", "stdout"], "values": [{"value": "Epoch: 2 \tTraining Loss: 1336.281738", "step": null, "ts": 1638528037.121445}]}, "version": 56}
{"obj": {"type": "LogStrings", "path": ["monitoring", "stdout"], "values": [{"value": "\n", "step": null, "ts": 1638528037.121445}]}, "version": 57}
{"obj": {"type": "LogFloats", "path": ["train", "loss"], "values": [{"value": 1336.28173828125, "step": null, "ts": 1638528037.121445}]}, "version": 58}
{"obj": {"type": "LogFloats", "path": ["monitoring", "cpu"], "values": [{"value": 40.7, "step": null, "ts": 1638528046.623835}]}, "version": 59}
{"obj": {"type": "LogFloats", "path": ["monitoring", "memory"], "values": [{"value": 9.437385559082031, "step": null, "ts": 1638528046.623835}]}, "version": 60}
{"obj": {"type": "LogFloats", "path": ["monitoring", "gpu"], "values": [{"value": 83.0, "step": null, "ts": 1638528046.623835}]}, "version": 61}
{"obj": {"type": "LogFloats", "path": ["monitoring", "gpu_memory"], "values": [{"value": 1.0395317077636719, "step": null, "ts": 1638528046.623835}]}, "version": 62}
{"obj": {"type": "LogFloats", "path": ["monitoring", "cpu"], "values": [{"value": 15.0, "step": null, "ts": 1638528056.6301608}]}, "version": 63}
{"obj": {"type": "LogFloats", "path": ["monitoring", "memory"], "values": [{"value": 9.460216522216797, "step": null, "ts": 1638528056.6301608}]}, "version": 64}
{"obj": {"type": "LogFloats", "path": ["monitoring", "gpu"], "values": [{"value": 97.0, "step": null, "ts": 1638528056.6301608}]}, "version": 65}
{"obj": {"type": "LogFloats", "path": ["monitoring", "gpu_memory"], "values": [{"value": 1.0395317077636719, "step": null, "ts": 1638528056.6301608}]}, "version": 66}
{"obj": {"type": "LogStrings", "path": ["monitoring", "stdout"], "values": [{"value": "Epoch: 4 \tTraining Loss: 1200.471497", "step": null, "ts": 1638528060.03808}]}, "version": 67}
{"obj": {"type": "LogStrings", "path": ["monitoring", "stdout"], "values": [{"value": "\n", "step": null, "ts": 1638528060.03808}]}, "version": 68}
{"obj": {"type": "LogFloats", "path": ["train", "loss"], "values": [{"value": 1200.4714965820312, "step": null, "ts": 1638528060.03808}]}, "version": 69}
{"obj": {"type": "LogFloats", "path": ["monitoring", "cpu"], "values": [{"value": 20.1, "step": null, "ts": 1638528066.639567}]}, "version": 70}
{"obj": {"type": "LogFloats", "path": ["monitoring", "memory"], "values": [{"value": 9.46329116821289, "step": null, "ts": 1638528066.639567}]}, "version": 71}
{"obj": {"type": "LogFloats", "path": ["monitoring", "gpu"], "values": [{"value": 97.0, "step": null, "ts": 1638528066.639567}]}, "version": 72}
{"obj": {"type": "LogFloats", "path": ["monitoring", "gpu_memory"], "values": [{"value": 1.0395317077636719, "step": null, "ts": 1638528066.639567}]}, "version": 73}
{"obj": {"type": "LogFloats", "path": ["monitoring", "cpu"], "values": [{"value": 13.4, "step": null, "ts": 1638528076.641734}]}, "version": 74}
{"obj": {"type": "LogFloats", "path": ["monitoring", "memory"], "values": [{"value": 9.451045989990234, "step": null, "ts": 1638528076.641734}]}, "version": 75}
{"obj": {"type": "LogFloats", "path": ["monitoring", "gpu"], "values": [{"value": 97.0, "step": null, "ts": 1638528076.641734}]}, "version": 76}
{"obj": {"type": "LogFloats", "path": ["monitoring", "gpu_memory"], "values": [{"value": 1.0395317077636719, "step": null, "ts": 1638528076.641734}]}, "version": 77}
{"obj": {"type": "LogStrings", "path": ["monitoring", "stdout"], "values": [{"value": "Epoch: 6 \tTraining Loss: 1218.803329", "step": null, "ts": 1638528082.3545108}]}, "version": 78}
{"obj": {"type": "LogStrings", "path": ["monitoring", "stdout"], "values": [{"value": "\n", "step": null, "ts": 1638528082.3545108}]}, "version": 79}
{"obj": {"type": "LogFloats", "path": ["train", "loss"], "values": [{"value": 1218.8033294677734, "step": null, "ts": 1638528082.3545108}]}, "version": 80}
{"obj": {"type": "LogFloats", "path": ["monitoring", "cpu"], "values": [{"value": 16.7, "step": null, "ts": 1638528086.6489265}]}, "version": 81}
{"obj": {"type": "LogFloats", "path": ["monitoring", "memory"], "values": [{"value": 9.552852630615234, "step": null, "ts": 1638528086.6489265}]}, "version": 82}
{"obj": {"type": "LogFloats", "path": ["monitoring", "gpu"], "values": [{"value": 97.0, "step": null, "ts": 1638528086.6489265}]}, "version": 83}
{"obj": {"type": "LogFloats", "path": ["monitoring", "gpu_memory"], "values": [{"value": 1.0395317077636719, "step": null, "ts": 1638528086.6489265}]}, "version": 84}
{"obj": {"type": "LogFloats", "path": ["monitoring", "cpu"], "values": [{"value": 38.9, "step": null, "ts": 1638528096.6746786}]}, "version": 85}
{"obj": {"type": "LogFloats", "path": ["monitoring", "memory"], "values": [{"value": 9.578712463378906, "step": null, "ts": 1638528096.6746786}]}, "version": 86}
{"obj": {"type": "LogFloats", "path": ["monitoring", "gpu"], "values": [{"value": 64.0, "step": null, "ts": 1638528096.6746786}]}, "version": 87}
{"obj": {"type": "LogFloats", "path": ["monitoring", "gpu_memory"], "values": [{"value": 1.0395317077636719, "step": null, "ts": 1638528096.6746786}]}, "version": 88}
{"obj": {"type": "LogStrings", "path": ["monitoring", "stdout"], "values": [{"value": "Epoch: 8 \tTraining Loss: 1348.609772", "step": null, "ts": 1638528105.695773}]}, "version": 89}
{"obj": {"type": "LogStrings", "path": ["monitoring", "stdout"], "values": [{"value": "\n", "step": null, "ts": 1638528105.695773}]}, "version": 90}
{"obj": {"type": "LogFloats", "path": ["train", "loss"], "values": [{"value": 1348.6097717285156, "step": null, "ts": 1638528105.695773}]}, "version": 91}
{"obj": {"type": "LogFloats", "path": ["monitoring", "cpu"], "values": [{"value": 45.3, "step": null, "ts": 1638528106.6816163}]}, "version": 92}
{"obj": {"type": "LogFloats", "path": ["monitoring", "memory"], "values": [{"value": 9.551795959472656, "step": null, "ts": 1638528106.6816163}]}, "version": 93}
{"obj": {"type": "LogFloats", "path": ["monitoring", "gpu"], "values": [{"value": 96.0, "step": null, "ts": 1638528106.6816163}]}, "version": 94}
{"obj": {"type": "LogFloats", "path": ["monitoring", "gpu_memory"], "values": [{"value": 1.0395317077636719, "step": null, "ts": 1638528106.6816163}]}, "version": 95}
{"obj": {"type": "LogFloats", "path": ["monitoring", "cpu"], "values": [{"value": 16.6, "step": null, "ts": 1638528116.687325}]}, "version": 96}
{"obj": {"type": "LogFloats", "path": ["monitoring", "memory"], "values": [{"value": 9.517696380615234, "step": null, "ts": 1638528116.687325}]}, "version": 97}
{"obj": {"type": "LogFloats", "path": ["monitoring", "gpu"], "values": [{"value": 92.0, "step": null, "ts": 1638528116.687325}]}, "version": 98}
{"obj": {"type": "LogFloats", "path": ["monitoring", "gpu_memory"], "values": [{"value": 1.0395317077636719, "step": null, "ts": 1638528116.687325}]}, "version": 99}
{"obj": {"type": "LogFloats", "path": ["monitoring", "cpu"], "values": [{"value": 26.5, "step": null, "ts": 1638528126.689526}]}, "version": 100}
{"obj": {"type": "LogFloats", "path": ["monitoring", "memory"], "values": [{"value": 9.465362548828125, "step": null, "ts": 1638528126.689526}]}, "version": 101}
{"obj": {"type": "LogFloats", "path": ["monitoring", "gpu"], "values": [{"value": 63.0, "step": null, "ts": 1638528126.689526}]}, "version": 102}
{"obj": {"type": "LogFloats", "path": ["monitoring", "gpu_memory"], "values": [{"value": 1.0395317077636719, "step": null, "ts": 1638528126.689526}]}, "version": 103}
{"obj": {"type": "LogStrings", "path": ["monitoring", "stdout"], "values": [{"value": "Epoch: 10 \tTraining Loss: 1178.415146", "step": null, "ts": 1638528129.079703}]}, "version": 104}
{"obj": {"type": "LogStrings", "path": ["monitoring", "stdout"], "values": [{"value": "\n", "step": null, "ts": 1638528129.079703}]}, "version": 105}
{"obj": {"type": "LogFloats", "path": ["train", "loss"], "values": [{"value": 1178.4151458740234, "step": null, "ts": 1638528129.079703}]}, "version": 106}
{"obj": {"type": "UploadFile", "path": ["model"], "ext": "", "file_path": "C:\\Users\\malth\\Desktop\\Dataprojekt\\Dataprojekt and data\\Dataproject\\DL-Face-Mask\\model"}, "version": 107}
{"obj": {"type": "LogStrings", "path": ["monitoring", "stderr"], "values": [{"value": "Error occurred during asynchronous operation processing: Cannot upload file C:\\Users\\malth\\Desktop\\Dataprojekt\\Dataprojekt and data\\Dataproject\\DL-Face-Mask\\model: Path not found or is a not a file.\n", "step": null, "ts": 1638528131.0491824}]}, "version": 108}
{"obj": {"type": "LogFloats", "path": ["monitoring", "cpu"], "values": [{"value": 1.1, "step": null, "ts": 1638528136.6969833}]}, "version": 109}
{"obj": {"type": "LogFloats", "path": ["monitoring", "memory"], "values": [{"value": 9.44655990600586, "step": null, "ts": 1638528136.6969833}]}, "version": 110}
{"obj": {"type": "LogFloats", "path": ["monitoring", "gpu_memory"], "values": [{"value": 1.0395317077636719, "step": null, "ts": 1638528136.6969833}]}, "version": 111}
{"obj": {"type": "LogFloats", "path": ["monitoring", "cpu"], "values": [{"value": 6.9, "step": null, "ts": 1638528146.7033226}]}, "version": 112}
{"obj": {"type": "LogFloats", "path": ["monitoring", "memory"], "values": [{"value": 9.49947738647461, "step": null, "ts": 1638528146.7033226}]}, "version": 113}
{"obj": {"type": "LogFloats", "path": ["monitoring", "gpu_memory"], "values": [{"value": 1.0395317077636719, "step": null, "ts": 1638528146.7033226}]}, "version": 114}
{"obj": {"type": "LogFloats", "path": ["monitoring", "cpu"], "values": [{"value": 26.4, "step": null, "ts": 1638528156.715527}]}, "version": 115}
{"obj": {"type": "LogFloats", "path": ["monitoring", "memory"], "values": [{"value": 9.585739135742188, "step": null, "ts": 1638528156.715527}]}, "version": 116}
{"obj": {"type": "LogFloats", "path": ["monitoring", "gpu_memory"], "values": [{"value": 1.0395317077636719, "step": null, "ts": 1638528156.715527}]}, "version": 117}
{"obj": {"type": "LogFloats", "path": ["monitoring", "cpu"], "values": [{"value": 2.1, "step": null, "ts": 1638528166.9523637}]}, "version": 118}
{"obj": {"type": "LogFloats", "path": ["monitoring", "memory"], "values": [{"value": 9.517749786376953, "step": null, "ts": 1638528166.9523637}]}, "version": 119}
{"obj": {"type": "LogFloats", "path": ["monitoring", "gpu_memory"], "values": [{"value": 1.0395317077636719, "step": null, "ts": 1638528166.9523637}]}, "version": 120}
{"obj": {"type": "LogFloats", "path": ["monitoring", "cpu"], "values": [{"value": 4.9, "step": null, "ts": 1638528176.962321}]}, "version": 121}
{"obj": {"type": "LogFloats", "path": ["monitoring", "memory"], "values": [{"value": 9.567874908447266, "step": null, "ts": 1638528176.962321}]}, "version": 122}
{"obj": {"type": "LogFloats", "path": ["monitoring", "gpu_memory"], "values": [{"value": 1.0395317077636719, "step": null, "ts": 1638528176.962321}]}, "version": 123}
{"obj": {"type": "LogFloats", "path": ["monitoring", "cpu"], "values": [{"value": 8.9, "step": null, "ts": 1638528186.9699829}]}, "version": 124}
{"obj": {"type": "LogFloats", "path": ["monitoring", "memory"], "values": [{"value": 9.542434692382812, "step": null, "ts": 1638528186.9699829}]}, "version": 125}
{"obj": {"type": "LogFloats", "path": ["monitoring", "gpu_memory"], "values": [{"value": 1.0395317077636719, "step": null, "ts": 1638528186.9699829}]}, "version": 126}
{"obj": {"type": "LogFloats", "path": ["monitoring", "cpu"], "values": [{"value": 5.2, "step": null, "ts": 1638528196.9956517}]}, "version": 127}
{"obj": {"type": "LogFloats", "path": ["monitoring", "memory"], "values": [{"value": 9.545764923095703, "step": null, "ts": 1638528196.9956517}]}, "version": 128}
{"obj": {"type": "LogFloats", "path": ["monitoring", "gpu_memory"], "values": [{"value": 1.0395317077636719, "step": null, "ts": 1638528196.9956517}]}, "version": 129}
{"obj": {"type": "LogFloats", "path": ["monitoring", "cpu"], "values": [{"value": 10.4, "step": null, "ts": 1638528207.239234}]}, "version": 130}
{"obj": {"type": "LogFloats", "path": ["monitoring", "memory"], "values": [{"value": 9.534866333007812, "step": null, "ts": 1638528207.239234}]}, "version": 131}
{"obj": {"type": "LogFloats", "path": ["monitoring", "gpu_memory"], "values": [{"value": 1.0395317077636719, "step": null, "ts": 1638528207.239234}]}, "version": 132}
{"obj": {"type": "LogStrings", "path": ["monitoring", "stdout"], "values": [{"value": "ConvAutoencoder(\n  (flatten): Flatten(start_dim=1, end_dim=-1)\n  (linear1): Linear(in_features=1728, out_features=2500, bias=True)\n  (linear2): Linear(in_features=2500, out_features=1600, bias=True)\n  (linear3): Linear(in_features=1600, out_features=1200, bias=True)\n  (unflatten): Unflatten(dim=1, unflattened_size=(12, 10, 10))\n  (conv1): Conv2d(3, 16, kernel_size=(3, 3), stride=(1, 1), padding=(1, 1))\n  (conv2): Conv2d(16, 32, kernel_size=(3, 3), stride=(1, 1), padding=(1, 1))\n  (conv3): Conv2d(32, 44, kernel_size=(3, 3), stride=(1, 1), padding=(1, 1))\n  (conv4): Conv2d(44, 32, kernel_size=(3, 3), stride=(1, 1), padding=(1, 1))\n  (conv5): Conv2d(32, 16, kernel_size=(3, 3), stride=(1, 1), padding=(1, 1))\n  (conv6): Conv2d(16, 12, kernel_size=(3, 3), stride=(1, 1), padding=(1, 1))\n  (pool): MaxPool2d(kernel_size=2, stride=2, padding=0, dilation=1, ceil_mode=False)\n  (t_conv1): ConvTranspose2d(12, 16, kernel_size=(3, 3), stride=(3, 3), padding=(2, 2))\n  (t_conv2): ConvTranspose2d(16, 32,", "step": null, "ts": 1638528213.3282592}]}, "version": 133}
{"obj": {"type": "LogStrings", "path": ["monitoring", "stdout"], "values": [{"value": "\n", "step": null, "ts": 1638528213.3282592}]}, "version": 134}
{"obj": {"type": "LogStrings", "path": ["monitoring", "stdout"], "values": [{"value": "cuda", "step": null, "ts": 1638528213.3282592}]}, "version": 135}
{"obj": {"type": "LogStrings", "path": ["monitoring", "stdout"], "values": [{"value": "\n", "step": null, "ts": 1638528213.3282592}]}, "version": 136}
{"obj": {"type": "LogFloats", "path": ["monitoring", "cpu"], "values": [{"value": 2.4, "step": null, "ts": 1638528217.2676172}]}, "version": 137}
{"obj": {"type": "LogFloats", "path": ["monitoring", "memory"], "values": [{"value": 9.51397705078125, "step": null, "ts": 1638528217.2676172}]}, "version": 138}
{"obj": {"type": "LogFloats", "path": ["monitoring", "gpu_memory"], "values": [{"value": 1.0395317077636719, "step": null, "ts": 1638528217.2676172}]}, "version": 139}
{"obj": {"type": "AssignFloat", "path": ["parameters", "lr"], "value": 0.001}, "version": 140}
{"obj": {"type": "AssignString", "path": ["parameters", "optim"], "value": "Adam"}, "version": 141}
{"obj": {"type": "AssignString", "path": ["parameters", "loss_function"], "value": "MSELoss()"}, "version": 142}
{"obj": {"type": "AssignInt", "path": ["parameters", "Batch_size"], "value": 25}, "version": 143}
{"obj": {"type": "LogFloats", "path": ["monitoring", "cpu"], "values": [{"value": 16.3, "step": null, "ts": 1638528227.2743785}]}, "version": 144}
{"obj": {"type": "LogFloats", "path": ["monitoring", "memory"], "values": [{"value": 9.531307220458984, "step": null, "ts": 1638528227.2743785}]}, "version": 145}
{"obj": {"type": "LogFloats", "path": ["monitoring", "gpu"], "values": [{"value": 97.0, "step": null, "ts": 1638528227.2743785}]}, "version": 146}
{"obj": {"type": "LogFloats", "path": ["monitoring", "gpu_memory"], "values": [{"value": 1.0395317077636719, "step": null, "ts": 1638528227.2743785}]}, "version": 147}
{"obj": {"type": "LogFloats", "path": ["monitoring", "cpu"], "values": [{"value": 14.6, "step": null, "ts": 1638528237.2757654}]}, "version": 148}
{"obj": {"type": "LogFloats", "path": ["monitoring", "memory"], "values": [{"value": 9.53475570678711, "step": null, "ts": 1638528237.2757654}]}, "version": 149}
{"obj": {"type": "LogFloats", "path": ["monitoring", "gpu"], "values": [{"value": 97.0, "step": null, "ts": 1638528237.2757654}]}, "version": 150}
{"obj": {"type": "LogFloats", "path": ["monitoring", "gpu_memory"], "values": [{"value": 1.0395317077636719, "step": null, "ts": 1638528237.2757654}]}, "version": 151}
{"obj": {"type": "LogFloats", "path": ["monitoring", "cpu"], "values": [{"value": 16.3, "step": null, "ts": 1638528247.282528}]}, "version": 152}
{"obj": {"type": "LogFloats", "path": ["monitoring", "memory"], "values": [{"value": 9.515937805175781, "step": null, "ts": 1638528247.282528}]}, "version": 153}
{"obj": {"type": "LogFloats", "path": ["monitoring", "gpu"], "values": [{"value": 97.0, "step": null, "ts": 1638528247.282528}]}, "version": 154}
{"obj": {"type": "LogFloats", "path": ["monitoring", "gpu_memory"], "values": [{"value": 1.0395317077636719, "step": null, "ts": 1638528247.282528}]}, "version": 155}
{"obj": {"type": "LogStrings", "path": ["monitoring", "stdout"], "values": [{"value": "Epoch: 2 \tTraining Loss: 1210.218582", "step": null, "ts": 1638528248.353782}]}, "version": 156}
{"obj": {"type": "LogStrings", "path": ["monitoring", "stdout"], "values": [{"value": "\n", "step": null, "ts": 1638528248.353782}]}, "version": 157}
{"obj": {"type": "LogFloats", "path": ["train", "loss"], "values": [{"value": 1210.2185821533203, "step": null, "ts": 1638528248.353782}]}, "version": 158}
{"obj": {"type": "UploadFile", "path": ["model"], "ext": "", "file_path": "C:\\Users\\malth\\Desktop\\Dataprojekt\\Dataprojekt and data\\Dataproject\\DL-Face-Mask\\model"}, "version": 159}
{"obj": {"type": "LogStrings", "path": ["monitoring", "stderr"], "values": [{"value": "Error occurred during asynchronous operation processing: Cannot upload file C:\\Users\\malth\\Desktop\\Dataprojekt\\Dataprojekt and data\\Dataproject\\DL-Face-Mask\\model: Path not found or is a not a file.\n", "step": null, "ts": 1638528248.8863134}]}, "version": 160}
{"obj": {"type": "LogFloats", "path": ["monitoring", "memory"], "values": [{"value": 9.368667602539062, "step": null, "ts": 1638528257.2875483}]}, "version": 161}
{"obj": {"type": "LogFloats", "path": ["monitoring", "gpu_memory"], "values": [{"value": 1.0395317077636719, "step": null, "ts": 1638528257.2875483}]}, "version": 162}
{"obj": {"type": "LogFloats", "path": ["monitoring", "cpu"], "values": [{"value": 6.1, "step": null, "ts": 1638528267.2939925}]}, "version": 163}
{"obj": {"type": "LogFloats", "path": ["monitoring", "memory"], "values": [{"value": 9.391845703125, "step": null, "ts": 1638528267.2939925}]}, "version": 164}
{"obj": {"type": "LogFloats", "path": ["monitoring", "gpu_memory"], "values": [{"value": 1.0395317077636719, "step": null, "ts": 1638528267.2939925}]}, "version": 165}
{"obj": {"type": "LogFloats", "path": ["monitoring", "cpu"], "values": [{"value": 17.9, "step": null, "ts": 1638528277.2944858}]}, "version": 166}
{"obj": {"type": "LogFloats", "path": ["monitoring", "memory"], "values": [{"value": 9.408000946044922, "step": null, "ts": 1638528277.2944858}]}, "version": 167}
{"obj": {"type": "LogFloats", "path": ["monitoring", "gpu_memory"], "values": [{"value": 1.0395317077636719, "step": null, "ts": 1638528277.2944858}]}, "version": 168}
{"obj": {"type": "LogStrings", "path": ["monitoring", "stdout"], "values": [{"value": "The line_profiler extension is already loaded. To reload it, use:", "step": null, "ts": 1638528280.5102482}]}, "version": 169}
{"obj": {"type": "LogStrings", "path": ["monitoring", "stdout"], "values": [{"value": "\n", "step": null, "ts": 1638528280.5112734}]}, "version": 170}
{"obj": {"type": "LogStrings", "path": ["monitoring", "stdout"], "values": [{"value": "  %reload_ext", "step": null, "ts": 1638528280.5114703}]}, "version": 171}
{"obj": {"type": "LogStrings", "path": ["monitoring", "stdout"], "values": [{"value": " ", "step": null, "ts": 1638528280.5124683}]}, "version": 172}
{"obj": {"type": "LogStrings", "path": ["monitoring", "stdout"], "values": [{"value": "line_profiler", "step": null, "ts": 1638528280.5134656}]}, "version": 173}
{"obj": {"type": "LogStrings", "path": ["monitoring", "stdout"], "values": [{"value": "\n", "step": null, "ts": 1638528280.5144634}]}, "version": 174}
{"obj": {"type": "LogFloats", "path": ["monitoring", "cpu"], "values": [{"value": 2.2, "step": null, "ts": 1638528287.3047671}]}, "version": 175}
{"obj": {"type": "LogFloats", "path": ["monitoring", "memory"], "values": [{"value": 9.537395477294922, "step": null, "ts": 1638528287.3047671}]}, "version": 176}
{"obj": {"type": "LogFloats", "path": ["monitoring", "gpu_memory"], "values": [{"value": 1.0395317077636719, "step": null, "ts": 1638528287.3047671}]}, "version": 177}
{"obj": {"type": "LogFloats", "path": ["monitoring", "cpu"], "values": [{"value": 6.2, "step": null, "ts": 1638528297.3209035}]}, "version": 178}
{"obj": {"type": "LogFloats", "path": ["monitoring", "memory"], "values": [{"value": 9.529022216796875, "step": null, "ts": 1638528297.3209035}]}, "version": 179}
{"obj": {"type": "LogFloats", "path": ["monitoring", "gpu_memory"], "values": [{"value": 1.0395317077636719, "step": null, "ts": 1638528297.3209035}]}, "version": 180}
{"obj": {"type": "LogFloats", "path": ["monitoring", "cpu"], "values": [{"value": 2.5, "step": null, "ts": 1638528307.3289526}]}, "version": 181}
{"obj": {"type": "LogFloats", "path": ["monitoring", "memory"], "values": [{"value": 9.531360626220703, "step": null, "ts": 1638528307.3289526}]}, "version": 182}
{"obj": {"type": "LogFloats", "path": ["monitoring", "gpu_memory"], "values": [{"value": 1.0395317077636719, "step": null, "ts": 1638528307.3289526}]}, "version": 183}
{"obj": {"type": "LogStrings", "path": ["monitoring", "stdout"], "values": [{"value": "ConvAutoencoder(\n  (flatten): Flatten(start_dim=1, end_dim=-1)\n  (linear1): Linear(in_features=1728, out_features=2500, bias=True)\n  (linear2): Linear(in_features=2500, out_features=1600, bias=True)\n  (linear3): Linear(in_features=1600, out_features=1200, bias=True)\n  (unflatten): Unflatten(dim=1, unflattened_size=(12, 10, 10))\n  (conv1): Conv2d(3, 16, kernel_size=(3, 3), stride=(1, 1), padding=(1, 1))\n  (conv2): Conv2d(16, 32, kernel_size=(3, 3), stride=(1, 1), padding=(1, 1))\n  (conv3): Conv2d(32, 44, kernel_size=(3, 3), stride=(1, 1), padding=(1, 1))\n  (conv4): Conv2d(44, 32, kernel_size=(3, 3), stride=(1, 1), padding=(1, 1))\n  (conv5): Conv2d(32, 16, kernel_size=(3, 3), stride=(1, 1), padding=(1, 1))\n  (conv6): Conv2d(16, 12, kernel_size=(3, 3), stride=(1, 1), padding=(1, 1))\n  (pool): MaxPool2d(kernel_size=2, stride=2, padding=0, dilation=1, ceil_mode=False)\n  (t_conv1): ConvTranspose2d(12, 16, kernel_size=(3, 3), stride=(3, 3), padding=(2, 2))\n  (t_conv2): ConvTranspose2d(16, 32,", "step": null, "ts": 1638528310.0760593}]}, "version": 184}
{"obj": {"type": "LogStrings", "path": ["monitoring", "stdout"], "values": [{"value": "\n", "step": null, "ts": 1638528310.0760593}]}, "version": 185}
{"obj": {"type": "LogStrings", "path": ["monitoring", "stdout"], "values": [{"value": "cuda", "step": null, "ts": 1638528310.0760593}]}, "version": 186}
{"obj": {"type": "LogStrings", "path": ["monitoring", "stdout"], "values": [{"value": "\n", "step": null, "ts": 1638528310.0760593}]}, "version": 187}
{"obj": {"type": "AssignFloat", "path": ["parameters", "lr"], "value": 0.001}, "version": 188}
{"obj": {"type": "AssignString", "path": ["parameters", "optim"], "value": "Adam"}, "version": 189}
{"obj": {"type": "AssignString", "path": ["parameters", "loss_function"], "value": "MSELoss()"}, "version": 190}
{"obj": {"type": "AssignInt", "path": ["parameters", "Batch_size"], "value": 25}, "version": 191}
{"obj": {"type": "LogFloats", "path": ["monitoring", "cpu"], "values": [{"value": 13.3, "step": null, "ts": 1638528317.3323166}]}, "version": 192}
{"obj": {"type": "LogFloats", "path": ["monitoring", "memory"], "values": [{"value": 9.554508209228516, "step": null, "ts": 1638528317.3323166}]}, "version": 193}
{"obj": {"type": "LogFloats", "path": ["monitoring", "gpu"], "values": [{"value": 97.0, "step": null, "ts": 1638528317.3323166}]}, "version": 194}
{"obj": {"type": "LogFloats", "path": ["monitoring", "gpu_memory"], "values": [{"value": 1.1274223327636719, "step": null, "ts": 1638528317.3323166}]}, "version": 195}
{"obj": {"type": "LogFloats", "path": ["monitoring", "cpu"], "values": [{"value": 14.7, "step": null, "ts": 1638528327.341848}]}, "version": 196}
{"obj": {"type": "LogFloats", "path": ["monitoring", "memory"], "values": [{"value": 9.527610778808594, "step": null, "ts": 1638528327.341848}]}, "version": 197}
{"obj": {"type": "LogFloats", "path": ["monitoring", "gpu"], "values": [{"value": 97.0, "step": null, "ts": 1638528327.341848}]}, "version": 198}
{"obj": {"type": "LogFloats", "path": ["monitoring", "gpu_memory"], "values": [{"value": 1.1274223327636719, "step": null, "ts": 1638528327.341848}]}, "version": 199}
{"obj": {"type": "LogFloats", "path": ["monitoring", "cpu"], "values": [{"value": 13.7, "step": null, "ts": 1638528337.3454795}]}, "version": 200}
{"obj": {"type": "LogFloats", "path": ["monitoring", "memory"], "values": [{"value": 9.530174255371094, "step": null, "ts": 1638528337.3454795}]}, "version": 201}
{"obj": {"type": "LogFloats", "path": ["monitoring", "gpu"], "values": [{"value": 97.0, "step": null, "ts": 1638528337.3454795}]}, "version": 202}
{"obj": {"type": "LogFloats", "path": ["monitoring", "gpu_memory"], "values": [{"value": 1.1274223327636719, "step": null, "ts": 1638528337.3454795}]}, "version": 203}
{"obj": {"type": "LogStrings", "path": ["monitoring", "stdout"], "values": [{"value": "Epoch: 2 \tTraining Loss: 84.391623", "step": null, "ts": 1638528339.172034}]}, "version": 204}
{"obj": {"type": "LogStrings", "path": ["monitoring", "stdout"], "values": [{"value": "\n", "step": null, "ts": 1638528339.172034}]}, "version": 205}
{"obj": {"type": "LogFloats", "path": ["train", "loss"], "values": [{"value": 84.39162254333496, "step": null, "ts": 1638528339.172034}]}, "version": 206}
{"obj": {"type": "UploadFile", "path": ["model"], "ext": "", "file_path": "C:\\Users\\malth\\Desktop\\Dataprojekt\\Dataprojekt and data\\Dataproject\\DL-Face-Mask\\model"}, "version": 207}
{"obj": {"type": "LogStrings", "path": ["monitoring", "stderr"], "values": [{"value": "Error occurred during asynchronous operation processing: Cannot upload file C:\\Users\\malth\\Desktop\\Dataprojekt\\Dataprojekt and data\\Dataproject\\DL-Face-Mask\\model: Path not found or is a not a file.\n", "step": null, "ts": 1638528341.2392359}]}, "version": 208}
{"obj": {"type": "LogFloats", "path": ["monitoring", "cpu"], "values": [{"value": 2.9, "step": null, "ts": 1638528347.3493624}]}, "version": 209}
{"obj": {"type": "LogFloats", "path": ["monitoring", "memory"], "values": [{"value": 9.466949462890625, "step": null, "ts": 1638528347.3493624}]}, "version": 210}
{"obj": {"type": "LogFloats", "path": ["monitoring", "gpu_memory"], "values": [{"value": 1.1274223327636719, "step": null, "ts": 1638528347.3493624}]}, "version": 211}
{"obj": {"type": "LogFloats", "path": ["monitoring", "cpu"], "values": [{"value": 2.2, "step": null, "ts": 1638528357.3703828}]}, "version": 212}
{"obj": {"type": "LogFloats", "path": ["monitoring", "memory"], "values": [{"value": 9.457977294921875, "step": null, "ts": 1638528357.3703828}]}, "version": 213}
{"obj": {"type": "LogFloats", "path": ["monitoring", "gpu_memory"], "values": [{"value": 1.1274223327636719, "step": null, "ts": 1638528357.3703828}]}, "version": 214}
{"obj": {"type": "LogFloats", "path": ["monitoring", "cpu"], "values": [{"value": 1.7, "step": null, "ts": 1638528367.390247}]}, "version": 215}
{"obj": {"type": "LogFloats", "path": ["monitoring", "memory"], "values": [{"value": 9.46533203125, "step": null, "ts": 1638528367.390247}]}, "version": 216}
{"obj": {"type": "LogFloats", "path": ["monitoring", "gpu_memory"], "values": [{"value": 1.1274223327636719, "step": null, "ts": 1638528367.390247}]}, "version": 217}
{"obj": {"type": "LogFloats", "path": ["monitoring", "cpu"], "values": [{"value": 1.2, "step": null, "ts": 1638528377.399996}]}, "version": 218}
{"obj": {"type": "LogFloats", "path": ["monitoring", "memory"], "values": [{"value": 9.48056411743164, "step": null, "ts": 1638528377.399996}]}, "version": 219}
{"obj": {"type": "LogFloats", "path": ["monitoring", "gpu_memory"], "values": [{"value": 1.1274223327636719, "step": null, "ts": 1638528377.399996}]}, "version": 220}
{"obj": {"type": "LogFloats", "path": ["monitoring", "cpu"], "values": [{"value": 2.1, "step": null, "ts": 1638528387.419729}]}, "version": 221}
{"obj": {"type": "LogFloats", "path": ["monitoring", "memory"], "values": [{"value": 9.52450942993164, "step": null, "ts": 1638528387.419729}]}, "version": 222}
{"obj": {"type": "LogFloats", "path": ["monitoring", "gpu"], "values": [{"value": 1.0, "step": null, "ts": 1638528387.419729}]}, "version": 223}
{"obj": {"type": "LogFloats", "path": ["monitoring", "gpu_memory"], "values": [{"value": 1.1274223327636719, "step": null, "ts": 1638528387.419729}]}, "version": 224}
{"obj": {"type": "LogFloats", "path": ["monitoring", "cpu"], "values": [{"value": 56.6, "step": null, "ts": 1638528397.434262}]}, "version": 225}
{"obj": {"type": "LogFloats", "path": ["monitoring", "memory"], "values": [{"value": 9.994915008544922, "step": null, "ts": 1638528397.434262}]}, "version": 226}
{"obj": {"type": "LogFloats", "path": ["monitoring", "gpu_memory"], "values": [{"value": 1.1274223327636719, "step": null, "ts": 1638528397.434262}]}, "version": 227}
{"obj": {"type": "LogFloats", "path": ["monitoring", "cpu"], "values": [{"value": 38.4, "step": null, "ts": 1638528407.6787689}]}, "version": 228}
{"obj": {"type": "LogFloats", "path": ["monitoring", "memory"], "values": [{"value": 10.589599609375, "step": null, "ts": 1638528407.6787689}]}, "version": 229}
{"obj": {"type": "LogFloats", "path": ["monitoring", "gpu_memory"], "values": [{"value": 1.1274223327636719, "step": null, "ts": 1638528407.6787689}]}, "version": 230}
{"obj": {"type": "LogFloats", "path": ["monitoring", "cpu"], "values": [{"value": 44.7, "step": null, "ts": 1638528417.701206}]}, "version": 231}
{"obj": {"type": "LogFloats", "path": ["monitoring", "memory"], "values": [{"value": 10.936561584472656, "step": null, "ts": 1638528417.701206}]}, "version": 232}
{"obj": {"type": "LogFloats", "path": ["monitoring", "gpu_memory"], "values": [{"value": 1.1274223327636719, "step": null, "ts": 1638528417.701206}]}, "version": 233}
{"obj": {"type": "LogFloats", "path": ["monitoring", "cpu"], "values": [{"value": 15.8, "step": null, "ts": 1638528427.718714}]}, "version": 234}
{"obj": {"type": "LogFloats", "path": ["monitoring", "memory"], "values": [{"value": 10.950263977050781, "step": null, "ts": 1638528427.718714}]}, "version": 235}
{"obj": {"type": "LogFloats", "path": ["monitoring", "gpu"], "values": [{"value": 1.0, "step": null, "ts": 1638528427.718714}]}, "version": 236}
{"obj": {"type": "LogFloats", "path": ["monitoring", "gpu_memory"], "values": [{"value": 1.1274223327636719, "step": null, "ts": 1638528427.718714}]}, "version": 237}
{"obj": {"type": "LogFloats", "path": ["monitoring", "cpu"], "values": [{"value": 2.0, "step": null, "ts": 1638528437.7256975}]}, "version": 238}
{"obj": {"type": "LogFloats", "path": ["monitoring", "memory"], "values": [{"value": 10.91109848022461, "step": null, "ts": 1638528437.7256975}]}, "version": 239}
{"obj": {"type": "LogFloats", "path": ["monitoring", "gpu_memory"], "values": [{"value": 1.1274223327636719, "step": null, "ts": 1638528437.7256975}]}, "version": 240}
{"obj": {"type": "LogFloats", "path": ["monitoring", "cpu"], "values": [{"value": 2.7, "step": null, "ts": 1638528447.949627}]}, "version": 241}
{"obj": {"type": "LogFloats", "path": ["monitoring", "memory"], "values": [{"value": 10.882293701171875, "step": null, "ts": 1638528447.949627}]}, "version": 242}
{"obj": {"type": "LogFloats", "path": ["monitoring", "gpu_memory"], "values": [{"value": 1.1274223327636719, "step": null, "ts": 1638528447.949627}]}, "version": 243}
{"obj": {"type": "LogFloats", "path": ["monitoring", "memory"], "values": [{"value": 10.878494262695312, "step": null, "ts": 1638528457.9705458}]}, "version": 244}
{"obj": {"type": "LogFloats", "path": ["monitoring", "gpu_memory"], "values": [{"value": 1.1274223327636719, "step": null, "ts": 1638528457.9705458}]}, "version": 245}
{"obj": {"type": "LogFloats", "path": ["monitoring", "cpu"], "values": [{"value": 8.7, "step": null, "ts": 1638528467.976681}]}, "version": 246}
{"obj": {"type": "LogFloats", "path": ["monitoring", "memory"], "values": [{"value": 10.854503631591797, "step": null, "ts": 1638528467.976681}]}, "version": 247}
{"obj": {"type": "LogFloats", "path": ["monitoring", "gpu"], "values": [{"value": 1.0, "step": null, "ts": 1638528467.976681}]}, "version": 248}
{"obj": {"type": "LogFloats", "path": ["monitoring", "gpu_memory"], "values": [{"value": 1.1274223327636719, "step": null, "ts": 1638528467.976681}]}, "version": 249}
{"obj": {"type": "LogFloats", "path": ["monitoring", "cpu"], "values": [{"value": 1.2, "step": null, "ts": 1638528477.9809535}]}, "version": 250}
{"obj": {"type": "LogFloats", "path": ["monitoring", "memory"], "values": [{"value": 10.853153228759766, "step": null, "ts": 1638528477.9809535}]}, "version": 251}
{"obj": {"type": "LogFloats", "path": ["monitoring", "gpu_memory"], "values": [{"value": 1.1274223327636719, "step": null, "ts": 1638528477.9809535}]}, "version": 252}
{"obj": {"type": "LogFloats", "path": ["monitoring", "cpu"], "values": [{"value": 8.3, "step": null, "ts": 1638528488.2191124}]}, "version": 253}
{"obj": {"type": "LogFloats", "path": ["monitoring", "memory"], "values": [{"value": 10.859935760498047, "step": null, "ts": 1638528488.2191124}]}, "version": 254}
{"obj": {"type": "LogFloats", "path": ["monitoring", "gpu_memory"], "values": [{"value": 1.1274223327636719, "step": null, "ts": 1638528488.2191124}]}, "version": 255}
{"obj": {"type": "LogFloats", "path": ["monitoring", "cpu"], "values": [{"value": 11.9, "step": null, "ts": 1638528498.22185}]}, "version": 256}
{"obj": {"type": "LogFloats", "path": ["monitoring", "memory"], "values": [{"value": 10.859375, "step": null, "ts": 1638528498.22185}]}, "version": 257}
{"obj": {"type": "LogFloats", "path": ["monitoring", "gpu_memory"], "values": [{"value": 1.1274223327636719, "step": null, "ts": 1638528498.22185}]}, "version": 258}
{"obj": {"type": "LogFloats", "path": ["monitoring", "cpu"], "values": [{"value": 7.1, "step": null, "ts": 1638528508.2251534}]}, "version": 259}
{"obj": {"type": "LogFloats", "path": ["monitoring", "memory"], "values": [{"value": 10.862380981445312, "step": null, "ts": 1638528508.2251534}]}, "version": 260}
{"obj": {"type": "LogFloats", "path": ["monitoring", "gpu"], "values": [{"value": 1.0, "step": null, "ts": 1638528508.2251534}]}, "version": 261}
{"obj": {"type": "LogFloats", "path": ["monitoring", "gpu_memory"], "values": [{"value": 1.1274223327636719, "step": null, "ts": 1638528508.2251534}]}, "version": 262}
{"obj": {"type": "LogStrings", "path": ["monitoring", "stdout"], "values": [{"value": "[]", "step": null, "ts": 1638528512.0384066}]}, "version": 263}
{"obj": {"type": "LogStrings", "path": ["monitoring", "stdout"], "values": [{"value": "\n", "step": null, "ts": 1638528512.0394533}]}, "version": 264}
{"obj": {"type": "LogFloats", "path": ["monitoring", "cpu"], "values": [{"value": 5.0, "step": null, "ts": 1638528518.2343419}]}, "version": 265}
{"obj": {"type": "LogFloats", "path": ["monitoring", "memory"], "values": [{"value": 10.858814239501953, "step": null, "ts": 1638528518.2343419}]}, "version": 266}
{"obj": {"type": "LogFloats", "path": ["monitoring", "gpu_memory"], "values": [{"value": 1.1274223327636719, "step": null, "ts": 1638528518.2343419}]}, "version": 267}
{"obj": {"type": "LogFloats", "path": ["monitoring", "cpu"], "values": [{"value": 10.5, "step": null, "ts": 1638528528.4517605}]}, "version": 268}
{"obj": {"type": "LogFloats", "path": ["monitoring", "memory"], "values": [{"value": 10.857807159423828, "step": null, "ts": 1638528528.4517605}]}, "version": 269}
{"obj": {"type": "LogFloats", "path": ["monitoring", "gpu_memory"], "values": [{"value": 1.1274223327636719, "step": null, "ts": 1638528528.4517605}]}, "version": 270}
{"obj": {"type": "LogFloats", "path": ["monitoring", "cpu"], "values": [{"value": 0.4, "step": null, "ts": 1638528538.472737}]}, "version": 271}
{"obj": {"type": "LogFloats", "path": ["monitoring", "memory"], "values": [{"value": 10.87423324584961, "step": null, "ts": 1638528538.472737}]}, "version": 272}
{"obj": {"type": "LogFloats", "path": ["monitoring", "gpu_memory"], "values": [{"value": 1.1274223327636719, "step": null, "ts": 1638528538.472737}]}, "version": 273}
{"obj": {"type": "LogFloats", "path": ["monitoring", "cpu"], "values": [{"value": 9.1, "step": null, "ts": 1638528548.4944527}]}, "version": 274}
{"obj": {"type": "LogFloats", "path": ["monitoring", "memory"], "values": [{"value": 10.875019073486328, "step": null, "ts": 1638528548.4944527}]}, "version": 275}
{"obj": {"type": "LogFloats", "path": ["monitoring", "gpu"], "values": [{"value": 2.0, "step": null, "ts": 1638528548.4944527}]}, "version": 276}
{"obj": {"type": "LogFloats", "path": ["monitoring", "gpu_memory"], "values": [{"value": 1.1274223327636719, "step": null, "ts": 1638528548.4944527}]}, "version": 277}
{"obj": {"type": "LogStrings", "path": ["monitoring", "stdout"], "values": [{"value": "['eyJhcGlfYWRkcmVzcyI6Imh0dHBzOi8vYXBwLm5lcHR1bmUuYWkiLCJhcGlfdXJsIjoiaHR0cHM6Ly9hcHAubmVwdHVuZS5haSIsImFwaV9rZXkiOiI0NjVkZWVhNy03ZTRhLTQ4MzUtYjBlYi1lMzhhOTJmOGVjMTAifQ==']", "step": null, "ts": 1638528552.0483944}]}, "version": 278}
{"obj": {"type": "LogStrings", "path": ["monitoring", "stdout"], "values": [{"value": "\n", "step": null, "ts": 1638528552.0483944}]}, "version": 279}
{"obj": {"type": "LogStrings", "path": ["monitoring", "stdout"], "values": [{"value": "eyJhcGlfYWRkcmVzcyI6Imh0dHBzOi8vYXBwLm5lcHR1bmUuYWkiLCJhcGlfdXJsIjoiaHR0cHM6Ly9hcHAubmVwdHVuZS5haSIsImFwaV9rZXkiOiI0NjVkZWVhNy03ZTRhLTQ4MzUtYjBlYi1lMzhhOTJmOGVjMTAifQ==", "step": null, "ts": 1638528558.1283123}]}, "version": 280}
{"obj": {"type": "LogStrings", "path": ["monitoring", "stdout"], "values": [{"value": "\n", "step": null, "ts": 1638528558.1293619}]}, "version": 281}
{"obj": {"type": "LogFloats", "path": ["monitoring", "memory"], "values": [{"value": 10.865673065185547, "step": null, "ts": 1638528558.5198107}]}, "version": 282}
{"obj": {"type": "LogFloats", "path": ["monitoring", "gpu_memory"], "values": [{"value": 1.1274223327636719, "step": null, "ts": 1638528558.5198107}]}, "version": 283}
{"obj": {"type": "LogFloats", "path": ["monitoring", "cpu"], "values": [{"value": 11.7, "step": null, "ts": 1638528568.7651145}]}, "version": 284}
{"obj": {"type": "LogFloats", "path": ["monitoring", "memory"], "values": [{"value": 10.872932434082031, "step": null, "ts": 1638528568.7651145}]}, "version": 285}
{"obj": {"type": "LogFloats", "path": ["monitoring", "gpu_memory"], "values": [{"value": 1.1274223327636719, "step": null, "ts": 1638528568.7651145}]}, "version": 286}
{"obj": {"type": "LogFloats", "path": ["monitoring", "cpu"], "values": [{"value": 6.3, "step": null, "ts": 1638528578.7690845}]}, "version": 287}
{"obj": {"type": "LogFloats", "path": ["monitoring", "memory"], "values": [{"value": 10.856338500976562, "step": null, "ts": 1638528578.7690845}]}, "version": 288}
{"obj": {"type": "LogFloats", "path": ["monitoring", "gpu_memory"], "values": [{"value": 1.1274223327636719, "step": null, "ts": 1638528578.7690845}]}, "version": 289}
{"obj": {"type": "LogFloats", "path": ["monitoring", "cpu"], "values": [{"value": 3.1, "step": null, "ts": 1638528588.7894666}]}, "version": 290}
{"obj": {"type": "LogFloats", "path": ["monitoring", "memory"], "values": [{"value": 10.825908660888672, "step": null, "ts": 1638528588.7894666}]}, "version": 291}
{"obj": {"type": "LogFloats", "path": ["monitoring", "gpu_memory"], "values": [{"value": 1.1274223327636719, "step": null, "ts": 1638528588.7894666}]}, "version": 292}
{"obj": {"type": "LogStrings", "path": ["monitoring", "stdout"], "values": [{"value": "", "step": null, "ts": 1638528597.4312446}]}, "version": 293}
{"obj": {"type": "LogStrings", "path": ["monitoring", "stdout"], "values": [{"value": "https://app.neptune.ai/Facemask-project/Facemask/e/FAC-4\n", "step": null, "ts": 1638528597.4312446}]}, "version": 294}
{"obj": {"type": "LogStrings", "path": ["monitoring", "stdout"], "values": [{"value": "Remember to stop your run once you\u2019ve finished logging your metadata (https://docs.neptune.ai/api-reference/run#stop). It will be stopped automatically only when the notebook kernel/interactive console is terminated.\n", "step": null, "ts": 1638528597.4312446}]}, "version": 295}
{"obj": {"type": "LogFloats", "path": ["monitoring", "cpu"], "values": [{"value": 43.1, "step": null, "ts": 1638528598.7923374}]}, "version": 296}
{"obj": {"type": "LogFloats", "path": ["monitoring", "memory"], "values": [{"value": 10.857643127441406, "step": null, "ts": 1638528598.7923374}]}, "version": 297}
{"obj": {"type": "LogFloats", "path": ["monitoring", "gpu_memory"], "values": [{"value": 1.1274223327636719, "step": null, "ts": 1638528598.7923374}]}, "version": 298}
{"obj": {"type": "LogFloats", "path": ["monitoring", "cpu"], "values": [{"value": 1.2, "step": null, "ts": 1638528608.8132956}]}, "version": 299}
{"obj": {"type": "LogFloats", "path": ["monitoring", "memory"], "values": [{"value": 10.834518432617188, "step": null, "ts": 1638528608.8132956}]}, "version": 300}
{"obj": {"type": "LogFloats", "path": ["monitoring", "gpu_memory"], "values": [{"value": 1.1274223327636719, "step": null, "ts": 1638528608.8132956}]}, "version": 301}
{"obj": {"type": "LogFloats", "path": ["monitoring", "cpu"], "values": [{"value": 13.1, "step": null, "ts": 1638528619.0318491}]}, "version": 302}
{"obj": {"type": "LogFloats", "path": ["monitoring", "memory"], "values": [{"value": 10.853511810302734, "step": null, "ts": 1638528619.0318491}]}, "version": 303}
{"obj": {"type": "LogFloats", "path": ["monitoring", "gpu_memory"], "values": [{"value": 1.1274223327636719, "step": null, "ts": 1638528619.0318491}]}, "version": 304}
{"obj": {"type": "LogFloats", "path": ["monitoring", "cpu"], "values": [{"value": 5.2, "step": null, "ts": 1638528629.0522187}]}, "version": 305}
{"obj": {"type": "LogFloats", "path": ["monitoring", "memory"], "values": [{"value": 10.894699096679688, "step": null, "ts": 1638528629.0522187}]}, "version": 306}
{"obj": {"type": "LogFloats", "path": ["monitoring", "gpu_memory"], "values": [{"value": 1.1274223327636719, "step": null, "ts": 1638528629.0522187}]}, "version": 307}
{"obj": {"type": "LogFloats", "path": ["monitoring", "cpu"], "values": [{"value": 14.9, "step": null, "ts": 1638528639.0562751}]}, "version": 308}
{"obj": {"type": "LogFloats", "path": ["monitoring", "memory"], "values": [{"value": 10.897151947021484, "step": null, "ts": 1638528639.0562751}]}, "version": 309}
{"obj": {"type": "LogFloats", "path": ["monitoring", "gpu"], "values": [{"value": 1.0, "step": null, "ts": 1638528639.0562751}]}, "version": 310}
{"obj": {"type": "LogFloats", "path": ["monitoring", "gpu_memory"], "values": [{"value": 1.1274223327636719, "step": null, "ts": 1638528639.0562751}]}, "version": 311}
{"obj": {"type": "LogFloats", "path": ["monitoring", "cpu"], "values": [{"value": 19.4, "step": null, "ts": 1638528649.0739555}]}, "version": 312}
{"obj": {"type": "LogFloats", "path": ["monitoring", "memory"], "values": [{"value": 10.907608032226562, "step": null, "ts": 1638528649.0739555}]}, "version": 313}
{"obj": {"type": "LogFloats", "path": ["monitoring", "gpu_memory"], "values": [{"value": 1.1274223327636719, "step": null, "ts": 1638528649.0739555}]}, "version": 314}
{"obj": {"type": "LogFloats", "path": ["monitoring", "cpu"], "values": [{"value": 6.1, "step": null, "ts": 1638528659.3022156}]}, "version": 315}
{"obj": {"type": "LogFloats", "path": ["monitoring", "memory"], "values": [{"value": 10.956035614013672, "step": null, "ts": 1638528659.3022156}]}, "version": 316}
{"obj": {"type": "LogFloats", "path": ["monitoring", "gpu_memory"], "values": [{"value": 1.1274223327636719, "step": null, "ts": 1638528659.3022156}]}, "version": 317}
{"obj": {"type": "LogFloats", "path": ["monitoring", "cpu"], "values": [{"value": 6.6, "step": null, "ts": 1638528669.3221784}]}, "version": 318}
{"obj": {"type": "LogFloats", "path": ["monitoring", "memory"], "values": [{"value": 10.955875396728516, "step": null, "ts": 1638528669.3221784}]}, "version": 319}
{"obj": {"type": "LogFloats", "path": ["monitoring", "gpu_memory"], "values": [{"value": 1.1274223327636719, "step": null, "ts": 1638528669.3221784}]}, "version": 320}
{"obj": {"type": "LogFloats", "path": ["monitoring", "cpu"], "values": [{"value": 13.3, "step": null, "ts": 1638528679.3439221}]}, "version": 321}
{"obj": {"type": "LogFloats", "path": ["monitoring", "memory"], "values": [{"value": 10.938278198242188, "step": null, "ts": 1638528679.3439221}]}, "version": 322}
{"obj": {"type": "LogFloats", "path": ["monitoring", "gpu"], "values": [{"value": 1.0, "step": null, "ts": 1638528679.3439221}]}, "version": 323}
{"obj": {"type": "LogFloats", "path": ["monitoring", "gpu_memory"], "values": [{"value": 1.1274223327636719, "step": null, "ts": 1638528679.3439221}]}, "version": 324}
{"obj": {"type": "LogFloats", "path": ["monitoring", "cpu"], "values": [{"value": 2.9, "step": null, "ts": 1638528689.364396}]}, "version": 325}
{"obj": {"type": "LogFloats", "path": ["monitoring", "memory"], "values": [{"value": 10.937000274658203, "step": null, "ts": 1638528689.364396}]}, "version": 326}
{"obj": {"type": "LogFloats", "path": ["monitoring", "gpu_memory"], "values": [{"value": 1.1274223327636719, "step": null, "ts": 1638528689.364396}]}, "version": 327}
{"obj": {"type": "LogFloats", "path": ["monitoring", "cpu"], "values": [{"value": 4.2, "step": null, "ts": 1638528699.5854316}]}, "version": 328}
{"obj": {"type": "LogFloats", "path": ["monitoring", "memory"], "values": [{"value": 10.969219207763672, "step": null, "ts": 1638528699.5854316}]}, "version": 329}
{"obj": {"type": "LogFloats", "path": ["monitoring", "gpu_memory"], "values": [{"value": 1.1274223327636719, "step": null, "ts": 1638528699.5854316}]}, "version": 330}
{"obj": {"type": "LogFloats", "path": ["monitoring", "cpu"], "values": [{"value": 33.6, "step": null, "ts": 1638528709.6059039}]}, "version": 331}
{"obj": {"type": "LogFloats", "path": ["monitoring", "memory"], "values": [{"value": 11.011039733886719, "step": null, "ts": 1638528709.6059039}]}, "version": 332}
{"obj": {"type": "LogFloats", "path": ["monitoring", "gpu_memory"], "values": [{"value": 1.1274223327636719, "step": null, "ts": 1638528709.6059039}]}, "version": 333}
{"obj": {"type": "LogFloats", "path": ["monitoring", "cpu"], "values": [{"value": 1.2, "step": null, "ts": 1638528719.6256273}]}, "version": 334}
{"obj": {"type": "LogFloats", "path": ["monitoring", "memory"], "values": [{"value": 10.37070083618164, "step": null, "ts": 1638528719.6256273}]}, "version": 335}
{"obj": {"type": "LogFloats", "path": ["monitoring", "gpu"], "values": [{"value": 1.0, "step": null, "ts": 1638528719.6256273}]}, "version": 336}
{"obj": {"type": "LogFloats", "path": ["monitoring", "gpu_memory"], "values": [{"value": 1.1274223327636719, "step": null, "ts": 1638528719.6256273}]}, "version": 337}
{"obj": {"type": "LogFloats", "path": ["monitoring", "cpu"], "values": [{"value": 2.8, "step": null, "ts": 1638528729.6384535}]}, "version": 338}
{"obj": {"type": "LogFloats", "path": ["monitoring", "memory"], "values": [{"value": 10.390880584716797, "step": null, "ts": 1638528729.6384535}]}, "version": 339}
{"obj": {"type": "LogFloats", "path": ["monitoring", "gpu_memory"], "values": [{"value": 1.1274223327636719, "step": null, "ts": 1638528729.6384535}]}, "version": 340}
{"obj": {"type": "LogFloats", "path": ["monitoring", "cpu"], "values": [{"value": 35.1, "step": null, "ts": 1638528739.8795083}]}, "version": 341}
{"obj": {"type": "LogFloats", "path": ["monitoring", "memory"], "values": [{"value": 10.493274688720703, "step": null, "ts": 1638528739.8795083}]}, "version": 342}
{"obj": {"type": "LogFloats", "path": ["monitoring", "gpu_memory"], "values": [{"value": 1.1274223327636719, "step": null, "ts": 1638528739.8795083}]}, "version": 343}
{"obj": {"type": "LogFloats", "path": ["monitoring", "cpu"], "values": [{"value": 1.2, "step": null, "ts": 1638528749.8873847}]}, "version": 344}
{"obj": {"type": "LogFloats", "path": ["monitoring", "memory"], "values": [{"value": 10.490127563476562, "step": null, "ts": 1638528749.8873847}]}, "version": 345}
{"obj": {"type": "LogFloats", "path": ["monitoring", "gpu_memory"], "values": [{"value": 1.1274223327636719, "step": null, "ts": 1638528749.8873847}]}, "version": 346}
{"obj": {"type": "LogFloats", "path": ["monitoring", "cpu"], "values": [{"value": 6.4, "step": null, "ts": 1638528759.9014788}]}, "version": 347}
{"obj": {"type": "LogFloats", "path": ["monitoring", "memory"], "values": [{"value": 10.483428955078125, "step": null, "ts": 1638528759.9014788}]}, "version": 348}
{"obj": {"type": "LogFloats", "path": ["monitoring", "gpu"], "values": [{"value": 1.0, "step": null, "ts": 1638528759.9014788}]}, "version": 349}
{"obj": {"type": "LogFloats", "path": ["monitoring", "gpu_memory"], "values": [{"value": 1.1274223327636719, "step": null, "ts": 1638528759.9014788}]}, "version": 350}
{"obj": {"type": "LogFloats", "path": ["monitoring", "cpu"], "values": [{"value": 3.1, "step": null, "ts": 1638528769.9206295}]}, "version": 351}
{"obj": {"type": "LogFloats", "path": ["monitoring", "memory"], "values": [{"value": 10.486698150634766, "step": null, "ts": 1638528769.9206295}]}, "version": 352}
{"obj": {"type": "LogFloats", "path": ["monitoring", "gpu_memory"], "values": [{"value": 1.1274223327636719, "step": null, "ts": 1638528769.9206295}]}, "version": 353}
{"obj": {"type": "LogFloats", "path": ["monitoring", "cpu"], "values": [{"value": 7.1, "step": null, "ts": 1638528780.140301}]}, "version": 354}
{"obj": {"type": "LogFloats", "path": ["monitoring", "memory"], "values": [{"value": 10.508026123046875, "step": null, "ts": 1638528780.140301}]}, "version": 355}
{"obj": {"type": "LogFloats", "path": ["monitoring", "gpu_memory"], "values": [{"value": 1.1274223327636719, "step": null, "ts": 1638528780.140301}]}, "version": 356}
{"obj": {"type": "LogFloats", "path": ["monitoring", "cpu"], "values": [{"value": 3.2, "step": null, "ts": 1638528790.1523275}]}, "version": 357}
{"obj": {"type": "LogFloats", "path": ["monitoring", "memory"], "values": [{"value": 10.536083221435547, "step": null, "ts": 1638528790.1523275}]}, "version": 358}
{"obj": {"type": "LogFloats", "path": ["monitoring", "gpu_memory"], "values": [{"value": 1.1274223327636719, "step": null, "ts": 1638528790.1523275}]}, "version": 359}
{"obj": {"type": "LogFloats", "path": ["monitoring", "cpu"], "values": [{"value": 9.4, "step": null, "ts": 1638528800.1722164}]}, "version": 360}
{"obj": {"type": "LogFloats", "path": ["monitoring", "memory"], "values": [{"value": 10.536598205566406, "step": null, "ts": 1638528800.1722164}]}, "version": 361}
{"obj": {"type": "LogFloats", "path": ["monitoring", "gpu"], "values": [{"value": 1.0, "step": null, "ts": 1638528800.1722164}]}, "version": 362}
{"obj": {"type": "LogFloats", "path": ["monitoring", "gpu_memory"], "values": [{"value": 1.1274223327636719, "step": null, "ts": 1638528800.1722164}]}, "version": 363}
{"obj": {"type": "LogFloats", "path": ["monitoring", "cpu"], "values": [{"value": 0.8, "step": null, "ts": 1638528810.191086}]}, "version": 364}
{"obj": {"type": "LogFloats", "path": ["monitoring", "memory"], "values": [{"value": 10.497364044189453, "step": null, "ts": 1638528810.191086}]}, "version": 365}
{"obj": {"type": "LogFloats", "path": ["monitoring", "gpu_memory"], "values": [{"value": 1.1274223327636719, "step": null, "ts": 1638528810.191086}]}, "version": 366}
{"obj": {"type": "LogFloats", "path": ["monitoring", "cpu"], "values": [{"value": 30.4, "step": null, "ts": 1638528820.427291}]}, "version": 367}
{"obj": {"type": "LogFloats", "path": ["monitoring", "memory"], "values": [{"value": 10.537731170654297, "step": null, "ts": 1638528820.427291}]}, "version": 368}
{"obj": {"type": "LogFloats", "path": ["monitoring", "gpu_memory"], "values": [{"value": 1.1274223327636719, "step": null, "ts": 1638528820.427291}]}, "version": 369}
{"obj": {"type": "LogFloats", "path": ["monitoring", "cpu"], "values": [{"value": 0.4, "step": null, "ts": 1638528830.4346397}]}, "version": 370}
{"obj": {"type": "LogFloats", "path": ["monitoring", "memory"], "values": [{"value": 10.53335952758789, "step": null, "ts": 1638528830.4346397}]}, "version": 371}
{"obj": {"type": "LogFloats", "path": ["monitoring", "gpu_memory"], "values": [{"value": 1.1274223327636719, "step": null, "ts": 1638528830.4346397}]}, "version": 372}
{"obj": {"type": "LogFloats", "path": ["monitoring", "cpu"], "values": [{"value": 5.3, "step": null, "ts": 1638528840.4557316}]}, "version": 373}
{"obj": {"type": "LogFloats", "path": ["monitoring", "memory"], "values": [{"value": 10.528766632080078, "step": null, "ts": 1638528840.4557316}]}, "version": 374}
{"obj": {"type": "LogFloats", "path": ["monitoring", "gpu"], "values": [{"value": 1.0, "step": null, "ts": 1638528840.4557316}]}, "version": 375}
{"obj": {"type": "LogFloats", "path": ["monitoring", "gpu_memory"], "values": [{"value": 1.1274223327636719, "step": null, "ts": 1638528840.4557316}]}, "version": 376}
{"obj": {"type": "LogFloats", "path": ["monitoring", "cpu"], "values": [{"value": 10.6, "step": null, "ts": 1638528850.4577386}]}, "version": 377}
{"obj": {"type": "LogFloats", "path": ["monitoring", "memory"], "values": [{"value": 10.875431060791016, "step": null, "ts": 1638528850.4577386}]}, "version": 378}
{"obj": {"type": "LogFloats", "path": ["monitoring", "gpu_memory"], "values": [{"value": 1.1274223327636719, "step": null, "ts": 1638528850.4577386}]}, "version": 379}
{"obj": {"type": "LogFloats", "path": ["monitoring", "cpu"], "values": [{"value": 1.0, "step": null, "ts": 1638528860.6843045}]}, "version": 380}
{"obj": {"type": "LogFloats", "path": ["monitoring", "memory"], "values": [{"value": 10.599628448486328, "step": null, "ts": 1638528860.6843045}]}, "version": 381}
{"obj": {"type": "LogFloats", "path": ["monitoring", "gpu_memory"], "values": [{"value": 1.1274223327636719, "step": null, "ts": 1638528860.6843045}]}, "version": 382}
{"obj": {"type": "LogFloats", "path": ["monitoring", "memory"], "values": [{"value": 10.596050262451172, "step": null, "ts": 1638528870.7097712}]}, "version": 383}
{"obj": {"type": "LogFloats", "path": ["monitoring", "gpu_memory"], "values": [{"value": 1.1274223327636719, "step": null, "ts": 1638528870.7097712}]}, "version": 384}
{"obj": {"type": "LogFloats", "path": ["monitoring", "cpu"], "values": [{"value": 1.4, "step": null, "ts": 1638528880.7194657}]}, "version": 385}
{"obj": {"type": "LogFloats", "path": ["monitoring", "memory"], "values": [{"value": 10.57672119140625, "step": null, "ts": 1638528880.7194657}]}, "version": 386}
{"obj": {"type": "LogFloats", "path": ["monitoring", "gpu"], "values": [{"value": 1.0, "step": null, "ts": 1638528880.7194657}]}, "version": 387}
{"obj": {"type": "LogFloats", "path": ["monitoring", "gpu_memory"], "values": [{"value": 1.1274223327636719, "step": null, "ts": 1638528880.7194657}]}, "version": 388}
{"obj": {"type": "LogFloats", "path": ["monitoring", "memory"], "values": [{"value": 10.575637817382812, "step": null, "ts": 1638528890.7440479}]}, "version": 389}
{"obj": {"type": "LogFloats", "path": ["monitoring", "gpu_memory"], "values": [{"value": 1.1274223327636719, "step": null, "ts": 1638528890.7440479}]}, "version": 390}
{"obj": {"type": "LogFloats", "path": ["monitoring", "cpu"], "values": [{"value": 5.2, "step": null, "ts": 1638528900.9727306}]}, "version": 391}
{"obj": {"type": "LogFloats", "path": ["monitoring", "memory"], "values": [{"value": 10.571441650390625, "step": null, "ts": 1638528900.9727306}]}, "version": 392}
{"obj": {"type": "LogFloats", "path": ["monitoring", "gpu_memory"], "values": [{"value": 1.1274223327636719, "step": null, "ts": 1638528900.9727306}]}, "version": 393}
{"obj": {"type": "LogFloats", "path": ["monitoring", "memory"], "values": [{"value": 10.57363510131836, "step": null, "ts": 1638528910.978277}]}, "version": 394}
{"obj": {"type": "LogFloats", "path": ["monitoring", "gpu_memory"], "values": [{"value": 1.1274223327636719, "step": null, "ts": 1638528910.978277}]}, "version": 395}
{"obj": {"type": "LogFloats", "path": ["monitoring", "cpu"], "values": [{"value": 1.3, "step": null, "ts": 1638528921.005035}]}, "version": 396}
{"obj": {"type": "LogFloats", "path": ["monitoring", "memory"], "values": [{"value": 10.578514099121094, "step": null, "ts": 1638528921.005035}]}, "version": 397}
{"obj": {"type": "LogFloats", "path": ["monitoring", "gpu"], "values": [{"value": 1.0, "step": null, "ts": 1638528921.005035}]}, "version": 398}
{"obj": {"type": "LogFloats", "path": ["monitoring", "gpu_memory"], "values": [{"value": 1.1274223327636719, "step": null, "ts": 1638528921.005035}]}, "version": 399}
{"obj": {"type": "LogFloats", "path": ["monitoring", "cpu"], "values": [{"value": 1.7, "step": null, "ts": 1638528931.0145874}]}, "version": 400}
{"obj": {"type": "LogFloats", "path": ["monitoring", "memory"], "values": [{"value": 10.568126678466797, "step": null, "ts": 1638528931.0145874}]}, "version": 401}
{"obj": {"type": "LogFloats", "path": ["monitoring", "gpu_memory"], "values": [{"value": 1.1274223327636719, "step": null, "ts": 1638528931.0145874}]}, "version": 402}
{"obj": {"type": "LogFloats", "path": ["monitoring", "cpu"], "values": [{"value": 0.9, "step": null, "ts": 1638528941.2215967}]}, "version": 403}
{"obj": {"type": "LogFloats", "path": ["monitoring", "memory"], "values": [{"value": 10.564826965332031, "step": null, "ts": 1638528941.2215967}]}, "version": 404}
{"obj": {"type": "LogFloats", "path": ["monitoring", "gpu_memory"], "values": [{"value": 1.1274223327636719, "step": null, "ts": 1638528941.2215967}]}, "version": 405}
{"obj": {"type": "LogFloats", "path": ["monitoring", "cpu"], "values": [{"value": 10.0, "step": null, "ts": 1638528951.224938}]}, "version": 406}
{"obj": {"type": "LogFloats", "path": ["monitoring", "memory"], "values": [{"value": 10.56441879272461, "step": null, "ts": 1638528951.224938}]}, "version": 407}
{"obj": {"type": "LogFloats", "path": ["monitoring", "gpu_memory"], "values": [{"value": 1.1274223327636719, "step": null, "ts": 1638528951.224938}]}, "version": 408}
{"obj": {"type": "LogFloats", "path": ["monitoring", "cpu"], "values": [{"value": 1.4, "step": null, "ts": 1638528961.2464707}]}, "version": 409}
{"obj": {"type": "LogFloats", "path": ["monitoring", "memory"], "values": [{"value": 10.668418884277344, "step": null, "ts": 1638528961.2464707}]}, "version": 410}
{"obj": {"type": "LogFloats", "path": ["monitoring", "gpu"], "values": [{"value": 1.0, "step": null, "ts": 1638528961.2464707}]}, "version": 411}
{"obj": {"type": "LogFloats", "path": ["monitoring", "gpu_memory"], "values": [{"value": 1.1274223327636719, "step": null, "ts": 1638528961.2464707}]}, "version": 412}
{"obj": {"type": "LogFloats", "path": ["monitoring", "cpu"], "values": [{"value": 2.9, "step": null, "ts": 1638528971.2494583}]}, "version": 413}
{"obj": {"type": "LogFloats", "path": ["monitoring", "memory"], "values": [{"value": 10.616085052490234, "step": null, "ts": 1638528971.2494583}]}, "version": 414}
{"obj": {"type": "LogFloats", "path": ["monitoring", "gpu_memory"], "values": [{"value": 1.1274223327636719, "step": null, "ts": 1638528971.2494583}]}, "version": 415}
{"obj": {"type": "LogFloats", "path": ["monitoring", "cpu"], "values": [{"value": 2.3, "step": null, "ts": 1638528981.4832525}]}, "version": 416}
{"obj": {"type": "LogFloats", "path": ["monitoring", "memory"], "values": [{"value": 10.653602600097656, "step": null, "ts": 1638528981.4832525}]}, "version": 417}
{"obj": {"type": "LogFloats", "path": ["monitoring", "gpu_memory"], "values": [{"value": 1.1274223327636719, "step": null, "ts": 1638528981.4832525}]}, "version": 418}
{"obj": {"type": "LogFloats", "path": ["monitoring", "cpu"], "values": [{"value": 9.3, "step": null, "ts": 1638528991.4871264}]}, "version": 419}
{"obj": {"type": "LogFloats", "path": ["monitoring", "memory"], "values": [{"value": 10.649700164794922, "step": null, "ts": 1638528991.4871264}]}, "version": 420}
{"obj": {"type": "LogFloats", "path": ["monitoring", "gpu_memory"], "values": [{"value": 1.1274223327636719, "step": null, "ts": 1638528991.4871264}]}, "version": 421}
{"obj": {"type": "LogFloats", "path": ["monitoring", "cpu"], "values": [{"value": 36.6, "step": null, "ts": 1638529001.497482}]}, "version": 422}
{"obj": {"type": "LogFloats", "path": ["monitoring", "memory"], "values": [{"value": 10.660125732421875, "step": null, "ts": 1638529001.497482}]}, "version": 423}
{"obj": {"type": "LogFloats", "path": ["monitoring", "gpu"], "values": [{"value": 1.0, "step": null, "ts": 1638529001.497482}]}, "version": 424}
{"obj": {"type": "LogFloats", "path": ["monitoring", "gpu_memory"], "values": [{"value": 1.1274223327636719, "step": null, "ts": 1638529001.497482}]}, "version": 425}
{"obj": {"type": "LogFloats", "path": ["monitoring", "cpu"], "values": [{"value": 3.8, "step": null, "ts": 1638529011.5159342}]}, "version": 426}
{"obj": {"type": "LogFloats", "path": ["monitoring", "memory"], "values": [{"value": 10.666465759277344, "step": null, "ts": 1638529011.5159342}]}, "version": 427}
{"obj": {"type": "LogFloats", "path": ["monitoring", "gpu_memory"], "values": [{"value": 1.1274223327636719, "step": null, "ts": 1638529011.5159342}]}, "version": 428}
{"obj": {"type": "LogFloats", "path": ["monitoring", "cpu"], "values": [{"value": 17.0, "step": null, "ts": 1638529021.5379274}]}, "version": 429}
{"obj": {"type": "LogFloats", "path": ["monitoring", "memory"], "values": [{"value": 10.135719299316406, "step": null, "ts": 1638529021.5379274}]}, "version": 430}
{"obj": {"type": "LogFloats", "path": ["monitoring", "gpu_memory"], "values": [{"value": 1.1274223327636719, "step": null, "ts": 1638529021.5379274}]}, "version": 431}
{"obj": {"type": "LogFloats", "path": ["monitoring", "cpu"], "values": [{"value": 13.2, "step": null, "ts": 1638529031.5474563}]}, "version": 432}
{"obj": {"type": "LogFloats", "path": ["monitoring", "memory"], "values": [{"value": 10.156723022460938, "step": null, "ts": 1638529031.5474563}]}, "version": 433}
{"obj": {"type": "LogFloats", "path": ["monitoring", "gpu_memory"], "values": [{"value": 1.1274223327636719, "step": null, "ts": 1638529031.5474563}]}, "version": 434}
{"obj": {"type": "LogFloats", "path": ["monitoring", "cpu"], "values": [{"value": 2.2, "step": null, "ts": 1638529041.7783985}]}, "version": 435}
{"obj": {"type": "LogFloats", "path": ["monitoring", "memory"], "values": [{"value": 10.17184829711914, "step": null, "ts": 1638529041.7783985}]}, "version": 436}
{"obj": {"type": "LogFloats", "path": ["monitoring", "gpu_memory"], "values": [{"value": 1.1274223327636719, "step": null, "ts": 1638529041.7783985}]}, "version": 437}
{"obj": {"type": "LogFloats", "path": ["monitoring", "cpu"], "values": [{"value": 2.7, "step": null, "ts": 1638529051.7977114}]}, "version": 438}
{"obj": {"type": "LogFloats", "path": ["monitoring", "memory"], "values": [{"value": 10.192150115966797, "step": null, "ts": 1638529051.7977114}]}, "version": 439}
{"obj": {"type": "LogFloats", "path": ["monitoring", "gpu"], "values": [{"value": 1.0, "step": null, "ts": 1638529051.7977114}]}, "version": 440}
{"obj": {"type": "LogFloats", "path": ["monitoring", "gpu_memory"], "values": [{"value": 1.1274223327636719, "step": null, "ts": 1638529051.7977114}]}, "version": 441}
{"obj": {"type": "LogFloats", "path": ["monitoring", "cpu"], "values": [{"value": 3.1, "step": null, "ts": 1638529061.8148987}]}, "version": 442}
{"obj": {"type": "LogFloats", "path": ["monitoring", "memory"], "values": [{"value": 10.166893005371094, "step": null, "ts": 1638529061.8148987}]}, "version": 443}
{"obj": {"type": "LogFloats", "path": ["monitoring", "gpu_memory"], "values": [{"value": 1.1274223327636719, "step": null, "ts": 1638529061.8148987}]}, "version": 444}
{"obj": {"type": "LogFloats", "path": ["monitoring", "cpu"], "values": [{"value": 7.4, "step": null, "ts": 1638529072.0526776}]}, "version": 445}
{"obj": {"type": "LogFloats", "path": ["monitoring", "memory"], "values": [{"value": 10.236698150634766, "step": null, "ts": 1638529072.0526776}]}, "version": 446}
{"obj": {"type": "LogFloats", "path": ["monitoring", "gpu_memory"], "values": [{"value": 1.1274223327636719, "step": null, "ts": 1638529072.0526776}]}, "version": 447}
{"obj": {"type": "LogFloats", "path": ["monitoring", "cpu"], "values": [{"value": 0.4, "step": null, "ts": 1638529082.0874038}]}, "version": 448}
{"obj": {"type": "LogFloats", "path": ["monitoring", "memory"], "values": [{"value": 10.207012176513672, "step": null, "ts": 1638529082.0874038}]}, "version": 449}
{"obj": {"type": "LogFloats", "path": ["monitoring", "gpu"], "values": [{"value": 1.0, "step": null, "ts": 1638529082.0874038}]}, "version": 450}
{"obj": {"type": "LogFloats", "path": ["monitoring", "gpu_memory"], "values": [{"value": 1.1274223327636719, "step": null, "ts": 1638529082.0874038}]}, "version": 451}
{"obj": {"type": "LogFloats", "path": ["monitoring", "memory"], "values": [{"value": 10.195365905761719, "step": null, "ts": 1638529092.1126513}]}, "version": 452}
{"obj": {"type": "LogFloats", "path": ["monitoring", "gpu_memory"], "values": [{"value": 1.1274223327636719, "step": null, "ts": 1638529092.1126513}]}, "version": 453}
{"obj": {"type": "LogFloats", "path": ["monitoring", "cpu"], "values": [{"value": 34.5, "step": null, "ts": 1638529102.3593802}]}, "version": 454}
{"obj": {"type": "LogFloats", "path": ["monitoring", "memory"], "values": [{"value": 10.242393493652344, "step": null, "ts": 1638529102.3593802}]}, "version": 455}
{"obj": {"type": "LogFloats", "path": ["monitoring", "gpu_memory"], "values": [{"value": 1.1274223327636719, "step": null, "ts": 1638529102.3593802}]}, "version": 456}
{"obj": {"type": "LogFloats", "path": ["monitoring", "cpu"], "values": [{"value": 5.6, "step": null, "ts": 1638529112.372766}]}, "version": 457}
{"obj": {"type": "LogFloats", "path": ["monitoring", "memory"], "values": [{"value": 10.262447357177734, "step": null, "ts": 1638529112.372766}]}, "version": 458}
{"obj": {"type": "LogFloats", "path": ["monitoring", "gpu"], "values": [{"value": 1.0, "step": null, "ts": 1638529112.372766}]}, "version": 459}
{"obj": {"type": "LogFloats", "path": ["monitoring", "gpu_memory"], "values": [{"value": 1.1274223327636719, "step": null, "ts": 1638529112.372766}]}, "version": 460}
{"obj": {"type": "LogFloats", "path": ["monitoring", "cpu"], "values": [{"value": 2.5, "step": null, "ts": 1638529122.3900712}]}, "version": 461}
{"obj": {"type": "LogFloats", "path": ["monitoring", "memory"], "values": [{"value": 10.250469207763672, "step": null, "ts": 1638529122.3900712}]}, "version": 462}
{"obj": {"type": "LogFloats", "path": ["monitoring", "gpu_memory"], "values": [{"value": 1.1274223327636719, "step": null, "ts": 1638529122.3900712}]}, "version": 463}
{"obj": {"type": "LogFloats", "path": ["monitoring", "cpu"], "values": [{"value": 18.8, "step": null, "ts": 1638529132.400622}]}, "version": 464}
{"obj": {"type": "LogFloats", "path": ["monitoring", "memory"], "values": [{"value": 10.26279067993164, "step": null, "ts": 1638529132.400622}]}, "version": 465}
{"obj": {"type": "LogFloats", "path": ["monitoring", "gpu_memory"], "values": [{"value": 1.1274223327636719, "step": null, "ts": 1638529132.400622}]}, "version": 466}
{"obj": {"type": "LogFloats", "path": ["monitoring", "memory"], "values": [{"value": 10.27444076538086, "step": null, "ts": 1638529142.5533535}]}, "version": 467}
{"obj": {"type": "LogFloats", "path": ["monitoring", "gpu_memory"], "values": [{"value": 1.1274223327636719, "step": null, "ts": 1638529142.5533535}]}, "version": 468}
{"obj": {"type": "LogFloats", "path": ["monitoring", "memory"], "values": [{"value": 10.296947479248047, "step": null, "ts": 1638529152.5669286}]}, "version": 469}
{"obj": {"type": "LogFloats", "path": ["monitoring", "gpu_memory"], "values": [{"value": 1.1274223327636719, "step": null, "ts": 1638529152.5669286}]}, "version": 470}
{"obj": {"type": "LogFloats", "path": ["monitoring", "cpu"], "values": [{"value": 1.4, "step": null, "ts": 1638529162.875764}]}, "version": 471}
{"obj": {"type": "LogFloats", "path": ["monitoring", "memory"], "values": [{"value": 10.21981430053711, "step": null, "ts": 1638529162.875764}]}, "version": 472}
{"obj": {"type": "LogFloats", "path": ["monitoring", "gpu_memory"], "values": [{"value": 1.1274223327636719, "step": null, "ts": 1638529162.875764}]}, "version": 473}
{"obj": {"type": "LogFloats", "path": ["monitoring", "memory"], "values": [{"value": 10.210006713867188, "step": null, "ts": 1638529172.8818586}]}, "version": 474}
{"obj": {"type": "LogFloats", "path": ["monitoring", "gpu_memory"], "values": [{"value": 1.1274223327636719, "step": null, "ts": 1638529172.8818586}]}, "version": 475}
{"obj": {"type": "LogFloats", "path": ["monitoring", "memory"], "values": [{"value": 10.20947265625, "step": null, "ts": 1638529183.1925163}]}, "version": 476}
{"obj": {"type": "LogFloats", "path": ["monitoring", "gpu_memory"], "values": [{"value": 1.1274223327636719, "step": null, "ts": 1638529183.1925163}]}, "version": 477}
{"obj": {"type": "LogFloats", "path": ["monitoring", "memory"], "values": [{"value": 10.208072662353516, "step": null, "ts": 1638529193.215041}]}, "version": 478}
{"obj": {"type": "LogFloats", "path": ["monitoring", "gpu_memory"], "values": [{"value": 1.1274223327636719, "step": null, "ts": 1638529193.215041}]}, "version": 479}
{"obj": {"type": "LogFloats", "path": ["monitoring", "memory"], "values": [{"value": 10.224739074707031, "step": null, "ts": 1638529203.5073285}]}, "version": 480}
{"obj": {"type": "LogFloats", "path": ["monitoring", "gpu_memory"], "values": [{"value": 1.1274223327636719, "step": null, "ts": 1638529203.5073285}]}, "version": 481}
{"obj": {"type": "LogFloats", "path": ["monitoring", "memory"], "values": [{"value": 10.207050323486328, "step": null, "ts": 1638529213.532559}]}, "version": 482}
{"obj": {"type": "LogFloats", "path": ["monitoring", "gpu_memory"], "values": [{"value": 1.1274223327636719, "step": null, "ts": 1638529213.532559}]}, "version": 483}
{"obj": {"type": "LogFloats", "path": ["monitoring", "cpu"], "values": [{"value": 0.6, "step": null, "ts": 1638529223.842342}]}, "version": 484}
{"obj": {"type": "LogFloats", "path": ["monitoring", "memory"], "values": [{"value": 10.193984985351562, "step": null, "ts": 1638529223.842342}]}, "version": 485}
{"obj": {"type": "LogFloats", "path": ["monitoring", "gpu_memory"], "values": [{"value": 1.1274223327636719, "step": null, "ts": 1638529223.842342}]}, "version": 486}
{"obj": {"type": "LogFloats", "path": ["monitoring", "memory"], "values": [{"value": 10.193534851074219, "step": null, "ts": 1638529233.8648417}]}, "version": 487}
{"obj": {"type": "LogFloats", "path": ["monitoring", "gpu_memory"], "values": [{"value": 1.1274223327636719, "step": null, "ts": 1638529233.8648417}]}, "version": 488}
{"obj": {"type": "LogFloats", "path": ["monitoring", "memory"], "values": [{"value": 10.259517669677734, "step": null, "ts": 1638529244.1630867}]}, "version": 489}
{"obj": {"type": "LogFloats", "path": ["monitoring", "gpu_memory"], "values": [{"value": 1.1274223327636719, "step": null, "ts": 1638529244.1630867}]}, "version": 490}
{"obj": {"type": "LogFloats", "path": ["monitoring", "memory"], "values": [{"value": 10.265995025634766, "step": null, "ts": 1638529254.1740913}]}, "version": 491}
{"obj": {"type": "LogFloats", "path": ["monitoring", "gpu_memory"], "values": [{"value": 1.1274223327636719, "step": null, "ts": 1638529254.1740913}]}, "version": 492}
{"obj": {"type": "LogFloats", "path": ["monitoring", "memory"], "values": [{"value": 10.24209213256836, "step": null, "ts": 1638529264.498945}]}, "version": 493}
{"obj": {"type": "LogFloats", "path": ["monitoring", "gpu_memory"], "values": [{"value": 1.1274223327636719, "step": null, "ts": 1638529264.498945}]}, "version": 494}
{"obj": {"type": "LogFloats", "path": ["monitoring", "memory"], "values": [{"value": 10.2410888671875, "step": null, "ts": 1638529274.5183945}]}, "version": 495}
{"obj": {"type": "LogFloats", "path": ["monitoring", "gpu_memory"], "values": [{"value": 1.1274223327636719, "step": null, "ts": 1638529274.5183945}]}, "version": 496}
{"obj": {"type": "LogFloats", "path": ["monitoring", "memory"], "values": [{"value": 10.230060577392578, "step": null, "ts": 1638529284.7962506}]}, "version": 497}
{"obj": {"type": "LogFloats", "path": ["monitoring", "gpu_memory"], "values": [{"value": 1.1274223327636719, "step": null, "ts": 1638529284.7962506}]}, "version": 498}
{"obj": {"type": "LogFloats", "path": ["monitoring", "memory"], "values": [{"value": 10.281745910644531, "step": null, "ts": 1638529295.0847242}]}, "version": 499}
{"obj": {"type": "LogFloats", "path": ["monitoring", "gpu_memory"], "values": [{"value": 1.1274223327636719, "step": null, "ts": 1638529295.0847242}]}, "version": 500}
{"obj": {"type": "LogFloats", "path": ["monitoring", "memory"], "values": [{"value": 10.316841125488281, "step": null, "ts": 1638529305.1007705}]}, "version": 501}
{"obj": {"type": "LogFloats", "path": ["monitoring", "gpu_memory"], "values": [{"value": 1.1274223327636719, "step": null, "ts": 1638529305.1007705}]}, "version": 502}
{"obj": {"type": "LogFloats", "path": ["monitoring", "cpu"], "values": [{"value": 8.8, "step": null, "ts": 1638529315.4309256}]}, "version": 503}
{"obj": {"type": "LogFloats", "path": ["monitoring", "memory"], "values": [{"value": 10.228492736816406, "step": null, "ts": 1638529315.4309256}]}, "version": 504}
{"obj": {"type": "LogFloats", "path": ["monitoring", "gpu_memory"], "values": [{"value": 1.1274223327636719, "step": null, "ts": 1638529315.4309256}]}, "version": 505}
{"obj": {"type": "LogFloats", "path": ["monitoring", "memory"], "values": [{"value": 10.142532348632812, "step": null, "ts": 1638529325.4392128}]}, "version": 506}
{"obj": {"type": "LogFloats", "path": ["monitoring", "gpu_memory"], "values": [{"value": 1.1274223327636719, "step": null, "ts": 1638529325.4392128}]}, "version": 507}
{"obj": {"type": "LogFloats", "path": ["monitoring", "memory"], "values": [{"value": 10.155326843261719, "step": null, "ts": 1638529335.7505045}]}, "version": 508}
{"obj": {"type": "LogFloats", "path": ["monitoring", "gpu_memory"], "values": [{"value": 1.1274223327636719, "step": null, "ts": 1638529335.7505045}]}, "version": 509}
{"obj": {"type": "LogFloats", "path": ["monitoring", "memory"], "values": [{"value": 10.143321990966797, "step": null, "ts": 1638529345.7733002}]}, "version": 510}
{"obj": {"type": "LogFloats", "path": ["monitoring", "gpu_memory"], "values": [{"value": 1.1274223327636719, "step": null, "ts": 1638529345.7733002}]}, "version": 511}
{"obj": {"type": "LogFloats", "path": ["monitoring", "memory"], "values": [{"value": 10.14986801147461, "step": null, "ts": 1638529356.1142888}]}, "version": 512}
{"obj": {"type": "LogFloats", "path": ["monitoring", "gpu_memory"], "values": [{"value": 1.1274223327636719, "step": null, "ts": 1638529356.1142888}]}, "version": 513}
{"obj": {"type": "LogFloats", "path": ["monitoring", "memory"], "values": [{"value": 10.166885375976562, "step": null, "ts": 1638529366.1403549}]}, "version": 514}
{"obj": {"type": "LogFloats", "path": ["monitoring", "gpu_memory"], "values": [{"value": 1.1274223327636719, "step": null, "ts": 1638529366.1403549}]}, "version": 515}
{"obj": {"type": "LogFloats", "path": ["monitoring", "memory"], "values": [{"value": 10.168376922607422, "step": null, "ts": 1638529376.4549952}]}, "version": 516}
{"obj": {"type": "LogFloats", "path": ["monitoring", "gpu_memory"], "values": [{"value": 1.1274223327636719, "step": null, "ts": 1638529376.4549952}]}, "version": 517}
{"obj": {"type": "LogFloats", "path": ["monitoring", "memory"], "values": [{"value": 10.171607971191406, "step": null, "ts": 1638529386.4730282}]}, "version": 518}
{"obj": {"type": "LogFloats", "path": ["monitoring", "gpu_memory"], "values": [{"value": 1.1274223327636719, "step": null, "ts": 1638529386.4730282}]}, "version": 519}
{"obj": {"type": "LogFloats", "path": ["monitoring", "memory"], "values": [{"value": 10.193130493164062, "step": null, "ts": 1638529396.7933528}]}, "version": 520}
{"obj": {"type": "LogFloats", "path": ["monitoring", "gpu_memory"], "values": [{"value": 1.1274223327636719, "step": null, "ts": 1638529396.7933528}]}, "version": 521}
{"obj": {"type": "LogFloats", "path": ["monitoring", "cpu"], "values": [{"value": 6.6, "step": null, "ts": 1638529407.0567884}]}, "version": 522}
{"obj": {"type": "LogFloats", "path": ["monitoring", "memory"], "values": [{"value": 10.189571380615234, "step": null, "ts": 1638529407.0567884}]}, "version": 523}
{"obj": {"type": "LogFloats", "path": ["monitoring", "gpu_memory"], "values": [{"value": 1.1274223327636719, "step": null, "ts": 1638529407.0567884}]}, "version": 524}
{"obj": {"type": "LogFloats", "path": ["monitoring", "memory"], "values": [{"value": 10.16946792602539, "step": null, "ts": 1638529417.0866601}]}, "version": 525}
{"obj": {"type": "LogFloats", "path": ["monitoring", "gpu_memory"], "values": [{"value": 1.1274223327636719, "step": null, "ts": 1638529417.0866601}]}, "version": 526}
{"obj": {"type": "LogFloats", "path": ["monitoring", "memory"], "values": [{"value": 10.176445007324219, "step": null, "ts": 1638529427.4041426}]}, "version": 527}
{"obj": {"type": "LogFloats", "path": ["monitoring", "gpu_memory"], "values": [{"value": 1.1274223327636719, "step": null, "ts": 1638529427.4041426}]}, "version": 528}
{"obj": {"type": "LogFloats", "path": ["monitoring", "cpu"], "values": [{"value": 17.3, "step": null, "ts": 1638529437.438985}]}, "version": 529}
{"obj": {"type": "LogFloats", "path": ["monitoring", "memory"], "values": [{"value": 10.18215560913086, "step": null, "ts": 1638529437.438985}]}, "version": 530}
{"obj": {"type": "LogFloats", "path": ["monitoring", "gpu_memory"], "values": [{"value": 1.1274223327636719, "step": null, "ts": 1638529437.438985}]}, "version": 531}
{"obj": {"type": "LogFloats", "path": ["monitoring", "memory"], "values": [{"value": 10.196510314941406, "step": null, "ts": 1638529447.7411916}]}, "version": 532}
{"obj": {"type": "LogFloats", "path": ["monitoring", "gpu_memory"], "values": [{"value": 1.1274223327636719, "step": null, "ts": 1638529447.7411916}]}, "version": 533}
{"obj": {"type": "LogFloats", "path": ["monitoring", "memory"], "values": [{"value": 10.173576354980469, "step": null, "ts": 1638529457.7655277}]}, "version": 534}
{"obj": {"type": "LogFloats", "path": ["monitoring", "gpu_memory"], "values": [{"value": 1.1274223327636719, "step": null, "ts": 1638529457.7655277}]}, "version": 535}
{"obj": {"type": "LogFloats", "path": ["monitoring", "memory"], "values": [{"value": 10.142921447753906, "step": null, "ts": 1638529468.0705943}]}, "version": 536}
{"obj": {"type": "LogFloats", "path": ["monitoring", "gpu_memory"], "values": [{"value": 1.1274223327636719, "step": null, "ts": 1638529468.0705943}]}, "version": 537}
{"obj": {"type": "LogFloats", "path": ["monitoring", "cpu"], "values": [{"value": 12.5, "step": null, "ts": 1638529478.3330173}]}, "version": 538}
{"obj": {"type": "LogFloats", "path": ["monitoring", "memory"], "values": [{"value": 10.12762451171875, "step": null, "ts": 1638529478.3330173}]}, "version": 539}
{"obj": {"type": "LogFloats", "path": ["monitoring", "gpu_memory"], "values": [{"value": 1.1274223327636719, "step": null, "ts": 1638529478.3330173}]}, "version": 540}
{"obj": {"type": "LogFloats", "path": ["monitoring", "memory"], "values": [{"value": 10.128246307373047, "step": null, "ts": 1638529488.355076}]}, "version": 541}
{"obj": {"type": "LogFloats", "path": ["monitoring", "gpu_memory"], "values": [{"value": 1.1274223327636719, "step": null, "ts": 1638529488.355076}]}, "version": 542}
{"obj": {"type": "LogStrings", "path": ["monitoring", "stderr"], "values": [{"value": "Info (NVML): Unknown Error. GPU usage metrics may not be reported. For more information, see https://docs-legacy.neptune.ai/logging-and-managing-experiment-results/logging-experiment-data.html#hardware-consumption \n", "step": null, "ts": 1638529498.6582813}]}, "version": 543}
{"obj": {"type": "LogFloats", "path": ["monitoring", "cpu"], "values": [{"value": 4.1, "step": null, "ts": 1638529498.6373324}]}, "version": 544}
{"obj": {"type": "LogFloats", "path": ["monitoring", "memory"], "values": [{"value": 10.144611358642578, "step": null, "ts": 1638529498.6373324}]}, "version": 545}
{"obj": {"type": "LogFloats", "path": ["monitoring", "gpu_memory"], "values": [{"value": 1.1274223327636719, "step": null, "ts": 1638529498.6373324}]}, "version": 546}
{"obj": {"type": "LogFloats", "path": ["monitoring", "memory"], "values": [{"value": 10.202083587646484, "step": null, "ts": 1638529508.8946888}]}, "version": 547}
{"obj": {"type": "LogFloats", "path": ["monitoring", "gpu_memory"], "values": [{"value": 1.1274223327636719, "step": null, "ts": 1638529508.8946888}]}, "version": 548}
{"obj": {"type": "LogFloats", "path": ["monitoring", "cpu"], "values": [{"value": 5.6, "step": null, "ts": 1638529518.9075258}]}, "version": 549}
{"obj": {"type": "LogFloats", "path": ["monitoring", "memory"], "values": [{"value": 10.212059020996094, "step": null, "ts": 1638529518.9075258}]}, "version": 550}
{"obj": {"type": "LogFloats", "path": ["monitoring", "gpu_memory"], "values": [{"value": 1.1274223327636719, "step": null, "ts": 1638529518.9075258}]}, "version": 551}
{"obj": {"type": "LogFloats", "path": ["monitoring", "cpu"], "values": [{"value": 37.5, "step": null, "ts": 1638529529.2491362}]}, "version": 552}
{"obj": {"type": "LogFloats", "path": ["monitoring", "memory"], "values": [{"value": 10.150344848632812, "step": null, "ts": 1638529529.2491362}]}, "version": 553}
{"obj": {"type": "LogFloats", "path": ["monitoring", "gpu_memory"], "values": [{"value": 1.1274223327636719, "step": null, "ts": 1638529529.2491362}]}, "version": 554}
{"obj": {"type": "LogFloats", "path": ["monitoring", "memory"], "values": [{"value": 10.147964477539062, "step": null, "ts": 1638529539.258445}]}, "version": 555}
{"obj": {"type": "LogFloats", "path": ["monitoring", "gpu_memory"], "values": [{"value": 1.1274223327636719, "step": null, "ts": 1638529539.258445}]}, "version": 556}
{"obj": {"type": "LogFloats", "path": ["monitoring", "memory"], "values": [{"value": 10.125999450683594, "step": null, "ts": 1638529549.5757787}]}, "version": 557}
{"obj": {"type": "LogFloats", "path": ["monitoring", "gpu_memory"], "values": [{"value": 1.1274223327636719, "step": null, "ts": 1638529549.5757787}]}, "version": 558}
{"obj": {"type": "LogFloats", "path": ["monitoring", "memory"], "values": [{"value": 10.138729095458984, "step": null, "ts": 1638529559.585304}]}, "version": 559}
{"obj": {"type": "LogFloats", "path": ["monitoring", "gpu_memory"], "values": [{"value": 1.1274223327636719, "step": null, "ts": 1638529559.585304}]}, "version": 560}
{"obj": {"type": "LogFloats", "path": ["monitoring", "cpu"], "values": [{"value": 7.2, "step": null, "ts": 1638529569.8901749}]}, "version": 561}
{"obj": {"type": "LogFloats", "path": ["monitoring", "memory"], "values": [{"value": 10.151657104492188, "step": null, "ts": 1638529569.8901749}]}, "version": 562}
{"obj": {"type": "LogFloats", "path": ["monitoring", "gpu_memory"], "values": [{"value": 1.1274223327636719, "step": null, "ts": 1638529569.8901749}]}, "version": 563}
{"obj": {"type": "LogFloats", "path": ["monitoring", "memory"], "values": [{"value": 10.17770004272461, "step": null, "ts": 1638529579.917754}]}, "version": 564}
{"obj": {"type": "LogFloats", "path": ["monitoring", "gpu_memory"], "values": [{"value": 1.1274223327636719, "step": null, "ts": 1638529579.917754}]}, "version": 565}
{"obj": {"type": "LogStrings", "path": ["monitoring", "stdout"], "values": [{"value": "Shutting down background jobs, please wait a moment...\n", "step": null, "ts": 1638529588.5610719}]}, "version": 566}
{"obj": {"type": "LogStrings", "path": ["monitoring", "stdout"], "values": [{"value": "Done!\n", "step": null, "ts": 1638529588.6082435}]}, "version": 567}
{"obj": {"type": "LogStrings", "path": ["monitoring", "stderr"], "values": [{"value": "Waiting for the remaining 1 operations to synchronize with Neptune. Do not kill this process.\n", "step": null, "ts": 1638529588.6122427}]}, "version": 568}
{"obj": {"type": "LogStrings", "path": ["monitoring", "stdout"], "values": [{"value": "All 1 operations synced, thanks for waiting!\n", "step": null, "ts": 1638529588.7509637}]}, "version": 569}
{"obj": {"type": "LogFloats", "path": ["monitoring", "memory"], "values": [{"value": 10.138916015625, "step": null, "ts": 1638529590.239562}]}, "version": 570}
{"obj": {"type": "LogFloats", "path": ["monitoring", "gpu_memory"], "values": [{"value": 1.1274223327636719, "step": null, "ts": 1638529590.239562}]}, "version": 571}
{"obj": {"type": "LogFloats", "path": ["monitoring", "memory"], "values": [{"value": 10.159160614013672, "step": null, "ts": 1638529600.2655823}]}, "version": 572}
{"obj": {"type": "LogFloats", "path": ["monitoring", "gpu_memory"], "values": [{"value": 1.1274223327636719, "step": null, "ts": 1638529600.2655823}]}, "version": 573}
{"obj": {"type": "LogFloats", "path": ["monitoring", "memory"], "values": [{"value": 10.157524108886719, "step": null, "ts": 1638529610.6014116}]}, "version": 574}
{"obj": {"type": "LogFloats", "path": ["monitoring", "gpu_memory"], "values": [{"value": 1.1274223327636719, "step": null, "ts": 1638529610.6014116}]}, "version": 575}
{"obj": {"type": "LogFloats", "path": ["monitoring", "memory"], "values": [{"value": 10.076866149902344, "step": null, "ts": 1638529620.622126}]}, "version": 576}
{"obj": {"type": "LogFloats", "path": ["monitoring", "gpu_memory"], "values": [{"value": 1.1274223327636719, "step": null, "ts": 1638529620.622126}]}, "version": 577}
{"obj": {"type": "LogFloats", "path": ["monitoring", "cpu"], "values": [{"value": 10.2, "step": null, "ts": 1638529630.9363825}]}, "version": 578}
{"obj": {"type": "LogFloats", "path": ["monitoring", "memory"], "values": [{"value": 10.110496520996094, "step": null, "ts": 1638529630.9363825}]}, "version": 579}
{"obj": {"type": "LogFloats", "path": ["monitoring", "gpu_memory"], "values": [{"value": 1.1274223327636719, "step": null, "ts": 1638529630.9363825}]}, "version": 580}
{"obj": {"type": "LogFloats", "path": ["monitoring", "memory"], "values": [{"value": 10.113044738769531, "step": null, "ts": 1638529641.2091181}]}, "version": 581}
{"obj": {"type": "LogFloats", "path": ["monitoring", "gpu_memory"], "values": [{"value": 1.1274223327636719, "step": null, "ts": 1638529641.2091181}]}, "version": 582}
{"obj": {"type": "LogStrings", "path": ["monitoring", "stdout"], "values": [{"value": "Shutting down background jobs, please wait a moment...\n", "step": null, "ts": 1638529650.0876722}]}, "version": 583}
