{"obj": {"type": "AssignString", "path": ["sys", "name"], "value": "Untitled"}, "version": 1}
{"obj": {"type": "AssignString", "path": ["sys", "description"], "value": ""}, "version": 2}
{"obj": {"type": "AssignString", "path": ["sys", "hostname"], "value": "LAPTOP-5BDQRCA3"}, "version": 3}
{"obj": {"type": "AssignBool", "path": ["sys", "failed"], "value": false}, "version": 4}
{"obj": {"type": "ClearStringLog", "path": ["monitoring", "stdout"]}, "version": 5}
{"obj": {"type": "ClearStringLog", "path": ["monitoring", "stderr"]}, "version": 6}
{"obj": {"type": "ConfigFloatSeries", "path": ["monitoring", "cpu"], "min": 0.0, "max": 100.0, "unit": "%"}, "version": 7}
{"obj": {"type": "ClearFloatLog", "path": ["monitoring", "cpu"]}, "version": 8}
{"obj": {"type": "ConfigFloatSeries", "path": ["monitoring", "memory"], "min": 0.0, "max": 15.811737060546875, "unit": "GB"}, "version": 9}
{"obj": {"type": "ClearFloatLog", "path": ["monitoring", "memory"]}, "version": 10}
{"obj": {"type": "ConfigFloatSeries", "path": ["monitoring", "gpu"], "min": 0.0, "max": 100.0, "unit": "%"}, "version": 11}
{"obj": {"type": "ClearFloatLog", "path": ["monitoring", "gpu"]}, "version": 12}
{"obj": {"type": "ConfigFloatSeries", "path": ["monitoring", "gpu_memory"], "min": 0.0, "max": 4.0, "unit": "GB"}, "version": 13}
{"obj": {"type": "ClearFloatLog", "path": ["monitoring", "gpu_memory"]}, "version": 14}
{"obj": {"type": "LogStrings", "path": ["monitoring", "stdout"], "values": [{"value": "", "step": null, "ts": 1638648391.8731432}]}, "version": 15}
{"obj": {"type": "LogFloats", "path": ["monitoring", "cpu"], "values": [{"value": 15.3, "step": null, "ts": 1638648391.8651667}]}, "version": 16}
{"obj": {"type": "LogStrings", "path": ["monitoring", "stdout"], "values": [{"value": "https://app.neptune.ai/Facemask-project/Facemask/e/FAC-12\n", "step": null, "ts": 1638648391.8781307}]}, "version": 17}
{"obj": {"type": "LogFloats", "path": ["monitoring", "memory"], "values": [{"value": 10.177879333496094, "step": null, "ts": 1638648391.8651667}]}, "version": 18}
{"obj": {"type": "LogFloats", "path": ["monitoring", "gpu_memory"], "values": [{"value": 1.9809379577636719, "step": null, "ts": 1638648391.8651667}]}, "version": 19}
{"obj": {"type": "LogStrings", "path": ["monitoring", "stdout"], "values": [{"value": "Remember to stop your run once you\u2019ve finished logging your metadata (https://docs.neptune.ai/api-reference/run#stop). It will be stopped automatically only when the notebook kernel/interactive console is terminated.\n", "step": null, "ts": 1638648391.8821194}]}, "version": 20}
{"obj": {"type": "LogFloats", "path": ["monitoring", "cpu"], "values": [{"value": 22.1, "step": null, "ts": 1638648401.8858006}]}, "version": 21}
{"obj": {"type": "LogFloats", "path": ["monitoring", "memory"], "values": [{"value": 10.185016632080078, "step": null, "ts": 1638648401.8858006}]}, "version": 22}
{"obj": {"type": "LogFloats", "path": ["monitoring", "gpu_memory"], "values": [{"value": 1.9809379577636719, "step": null, "ts": 1638648401.8858006}]}, "version": 23}
{"obj": {"type": "LogFloats", "path": ["monitoring", "cpu"], "values": [{"value": 16.6, "step": null, "ts": 1638648411.8947916}]}, "version": 24}
{"obj": {"type": "LogFloats", "path": ["monitoring", "memory"], "values": [{"value": 10.197372436523438, "step": null, "ts": 1638648411.8947916}]}, "version": 25}
{"obj": {"type": "LogFloats", "path": ["monitoring", "gpu_memory"], "values": [{"value": 2.066875457763672, "step": null, "ts": 1638648411.8947916}]}, "version": 26}
{"obj": {"type": "AssignFloat", "path": ["parameters", "lr"], "value": 0.0015}, "version": 27}
{"obj": {"type": "AssignString", "path": ["parameters", "optim"], "value": "Adam"}, "version": 28}
{"obj": {"type": "AssignString", "path": ["parameters", "loss_function"], "value": "MSELoss()"}, "version": 29}
{"obj": {"type": "AssignInt", "path": ["parameters", "Batch_size"], "value": 50}, "version": 30}
{"obj": {"type": "LogFloats", "path": ["monitoring", "cpu"], "values": [{"value": 23.9, "step": null, "ts": 1638648421.9298043}]}, "version": 31}
{"obj": {"type": "LogFloats", "path": ["monitoring", "memory"], "values": [{"value": 10.16400146484375, "step": null, "ts": 1638648421.9298043}]}, "version": 32}
{"obj": {"type": "LogFloats", "path": ["monitoring", "gpu_memory"], "values": [{"value": 2.066875457763672, "step": null, "ts": 1638648421.9298043}]}, "version": 33}
{"obj": {"type": "LogFloats", "path": ["monitoring", "cpu"], "values": [{"value": 58.4, "step": null, "ts": 1638648432.1630208}]}, "version": 34}
{"obj": {"type": "LogFloats", "path": ["monitoring", "memory"], "values": [{"value": 10.223350524902344, "step": null, "ts": 1638648432.1630208}]}, "version": 35}
{"obj": {"type": "LogFloats", "path": ["monitoring", "gpu"], "values": [{"value": 40.0, "step": null, "ts": 1638648432.1630208}]}, "version": 36}
{"obj": {"type": "LogFloats", "path": ["monitoring", "gpu_memory"], "values": [{"value": 2.309062957763672, "step": null, "ts": 1638648432.1630208}]}, "version": 37}
{"obj": {"type": "LogStrings", "path": ["monitoring", "stdout"], "values": [{"value": "Epoch: 1 \tTraining Loss: 2108.270752", "step": null, "ts": 1638648439.374735}]}, "version": 38}
{"obj": {"type": "LogStrings", "path": ["monitoring", "stdout"], "values": [{"value": "\n", "step": null, "ts": 1638648439.374735}]}, "version": 39}
{"obj": {"type": "LogFloats", "path": ["train", "loss"], "values": [{"value": 2108.270751953125, "step": null, "ts": 1638648439.3757324}]}, "version": 40}
{"obj": {"type": "LogFloats", "path": ["monitoring", "cpu"], "values": [{"value": 59.3, "step": null, "ts": 1638648442.1852229}]}, "version": 41}
{"obj": {"type": "LogFloats", "path": ["monitoring", "memory"], "values": [{"value": 10.161552429199219, "step": null, "ts": 1638648442.1852229}]}, "version": 42}
{"obj": {"type": "LogFloats", "path": ["monitoring", "gpu"], "values": [{"value": 96.0, "step": null, "ts": 1638648442.1852229}]}, "version": 43}
{"obj": {"type": "LogFloats", "path": ["monitoring", "gpu_memory"], "values": [{"value": 2.309062957763672, "step": null, "ts": 1638648442.1852229}]}, "version": 44}
{"obj": {"type": "LogStrings", "path": ["monitoring", "stdout"], "values": [{"value": "Epoch: 2 \tTraining Loss: 2101.377930", "step": null, "ts": 1638648452.08177}]}, "version": 45}
{"obj": {"type": "LogStrings", "path": ["monitoring", "stdout"], "values": [{"value": "\n", "step": null, "ts": 1638648452.0827637}]}, "version": 46}
{"obj": {"type": "LogFloats", "path": ["train", "loss"], "values": [{"value": 2101.3779296875, "step": null, "ts": 1638648452.0827637}]}, "version": 47}
{"obj": {"type": "LogFloats", "path": ["monitoring", "cpu"], "values": [{"value": 65.3, "step": null, "ts": 1638648452.207431}]}, "version": 48}
{"obj": {"type": "LogFloats", "path": ["monitoring", "memory"], "values": [{"value": 10.260669708251953, "step": null, "ts": 1638648452.207431}]}, "version": 49}
{"obj": {"type": "LogFloats", "path": ["monitoring", "gpu"], "values": [{"value": 55.0, "step": null, "ts": 1638648452.207431}]}, "version": 50}
{"obj": {"type": "LogFloats", "path": ["monitoring", "gpu_memory"], "values": [{"value": 2.309062957763672, "step": null, "ts": 1638648452.207431}]}, "version": 51}
{"obj": {"type": "LogFloats", "path": ["monitoring", "cpu"], "values": [{"value": 62.7, "step": null, "ts": 1638648462.2206633}]}, "version": 52}
{"obj": {"type": "LogFloats", "path": ["monitoring", "memory"], "values": [{"value": 10.354068756103516, "step": null, "ts": 1638648462.2206633}]}, "version": 53}
{"obj": {"type": "LogFloats", "path": ["monitoring", "gpu"], "values": [{"value": 94.0, "step": null, "ts": 1638648462.2206633}]}, "version": 54}
{"obj": {"type": "LogFloats", "path": ["monitoring", "gpu_memory"], "values": [{"value": 2.309062957763672, "step": null, "ts": 1638648462.2206633}]}, "version": 55}
{"obj": {"type": "LogStrings", "path": ["monitoring", "stdout"], "values": [{"value": "Epoch: 3 \tTraining Loss: 2081.239746", "step": null, "ts": 1638648464.6701148}]}, "version": 56}
{"obj": {"type": "LogStrings", "path": ["monitoring", "stdout"], "values": [{"value": "\n", "step": null, "ts": 1638648464.6701148}]}, "version": 57}
{"obj": {"type": "LogFloats", "path": ["train", "loss"], "values": [{"value": 2081.23974609375, "step": null, "ts": 1638648464.6711128}]}, "version": 58}
{"obj": {"type": "LogFloats", "path": ["monitoring", "cpu"], "values": [{"value": 55.1, "step": null, "ts": 1638648472.2279096}]}, "version": 59}
{"obj": {"type": "LogFloats", "path": ["monitoring", "memory"], "values": [{"value": 10.339981079101562, "step": null, "ts": 1638648472.2279096}]}, "version": 60}
{"obj": {"type": "LogFloats", "path": ["monitoring", "gpu"], "values": [{"value": 89.0, "step": null, "ts": 1638648472.2279096}]}, "version": 61}
{"obj": {"type": "LogFloats", "path": ["monitoring", "gpu_memory"], "values": [{"value": 2.309062957763672, "step": null, "ts": 1638648472.2279096}]}, "version": 62}
{"obj": {"type": "LogStrings", "path": ["monitoring", "stdout"], "values": [{"value": "Epoch: 4 \tTraining Loss: 1932.182495", "step": null, "ts": 1638648476.2122588}]}, "version": 63}
{"obj": {"type": "LogStrings", "path": ["monitoring", "stdout"], "values": [{"value": "\n", "step": null, "ts": 1638648476.213258}]}, "version": 64}
{"obj": {"type": "LogFloats", "path": ["train", "loss"], "values": [{"value": 1932.1824951171875, "step": null, "ts": 1638648476.213258}]}, "version": 65}
{"obj": {"type": "LogFloats", "path": ["monitoring", "cpu"], "values": [{"value": 56.7, "step": null, "ts": 1638648482.2391582}]}, "version": 66}
{"obj": {"type": "LogFloats", "path": ["monitoring", "memory"], "values": [{"value": 10.293270111083984, "step": null, "ts": 1638648482.2391582}]}, "version": 67}
{"obj": {"type": "LogFloats", "path": ["monitoring", "gpu"], "values": [{"value": 96.0, "step": null, "ts": 1638648482.2391582}]}, "version": 68}
{"obj": {"type": "LogFloats", "path": ["monitoring", "gpu_memory"], "values": [{"value": 2.309062957763672, "step": null, "ts": 1638648482.2391582}]}, "version": 69}
{"obj": {"type": "LogStrings", "path": ["monitoring", "stdout"], "values": [{"value": "Epoch: 5 \tTraining Loss: 2150.465088", "step": null, "ts": 1638648488.9681594}]}, "version": 70}
{"obj": {"type": "LogStrings", "path": ["monitoring", "stdout"], "values": [{"value": "\n", "step": null, "ts": 1638648488.9681594}]}, "version": 71}
{"obj": {"type": "LogFloats", "path": ["train", "loss"], "values": [{"value": 2150.465087890625, "step": null, "ts": 1638648488.9691677}]}, "version": 72}
{"obj": {"type": "LogFloats", "path": ["monitoring", "cpu"], "values": [{"value": 62.1, "step": null, "ts": 1638648492.256394}]}, "version": 73}
{"obj": {"type": "LogFloats", "path": ["monitoring", "memory"], "values": [{"value": 10.336532592773438, "step": null, "ts": 1638648492.256394}]}, "version": 74}
{"obj": {"type": "LogFloats", "path": ["monitoring", "gpu"], "values": [{"value": 95.0, "step": null, "ts": 1638648492.256394}]}, "version": 75}
{"obj": {"type": "LogFloats", "path": ["monitoring", "gpu_memory"], "values": [{"value": 2.309062957763672, "step": null, "ts": 1638648492.256394}]}, "version": 76}
{"obj": {"type": "LogStrings", "path": ["monitoring", "stdout"], "values": [{"value": "Epoch: 6 \tTraining Loss: 2266.853027", "step": null, "ts": 1638648500.367686}]}, "version": 77}
{"obj": {"type": "LogStrings", "path": ["monitoring", "stdout"], "values": [{"value": "\n", "step": null, "ts": 1638648500.3686833}]}, "version": 78}
{"obj": {"type": "LogFloats", "path": ["train", "loss"], "values": [{"value": 2266.85302734375, "step": null, "ts": 1638648500.3686833}]}, "version": 79}
{"obj": {"type": "LogFloats", "path": ["monitoring", "cpu"], "values": [{"value": 53.9, "step": null, "ts": 1638648502.2745893}]}, "version": 80}
{"obj": {"type": "LogFloats", "path": ["monitoring", "memory"], "values": [{"value": 10.311332702636719, "step": null, "ts": 1638648502.2745893}]}, "version": 81}
{"obj": {"type": "LogFloats", "path": ["monitoring", "gpu"], "values": [{"value": 99.0, "step": null, "ts": 1638648502.2745893}]}, "version": 82}
{"obj": {"type": "LogFloats", "path": ["monitoring", "gpu_memory"], "values": [{"value": 2.309062957763672, "step": null, "ts": 1638648502.2745893}]}, "version": 83}
{"obj": {"type": "LogStrings", "path": ["monitoring", "stdout"], "values": [{"value": "Epoch: 7 \tTraining Loss: 2140.762695", "step": null, "ts": 1638648512.2893276}]}, "version": 84}
{"obj": {"type": "LogStrings", "path": ["monitoring", "stdout"], "values": [{"value": "\n", "step": null, "ts": 1638648512.2893276}]}, "version": 85}
{"obj": {"type": "LogFloats", "path": ["train", "loss"], "values": [{"value": 2140.7626953125, "step": null, "ts": 1638648512.2903266}]}, "version": 86}
{"obj": {"type": "LogFloats", "path": ["monitoring", "cpu"], "values": [{"value": 57.3, "step": null, "ts": 1638648512.287332}]}, "version": 87}
{"obj": {"type": "LogFloats", "path": ["monitoring", "memory"], "values": [{"value": 10.303443908691406, "step": null, "ts": 1638648512.287332}]}, "version": 88}
{"obj": {"type": "LogFloats", "path": ["monitoring", "gpu"], "values": [{"value": 87.0, "step": null, "ts": 1638648512.287332}]}, "version": 89}
{"obj": {"type": "LogFloats", "path": ["monitoring", "gpu_memory"], "values": [{"value": 2.309062957763672, "step": null, "ts": 1638648512.287332}]}, "version": 90}
{"obj": {"type": "LogFloats", "path": ["monitoring", "cpu"], "values": [{"value": 59.9, "step": null, "ts": 1638648522.2972314}]}, "version": 91}
{"obj": {"type": "LogFloats", "path": ["monitoring", "memory"], "values": [{"value": 10.2777099609375, "step": null, "ts": 1638648522.2972314}]}, "version": 92}
{"obj": {"type": "LogFloats", "path": ["monitoring", "gpu"], "values": [{"value": 90.0, "step": null, "ts": 1638648522.2972314}]}, "version": 93}
{"obj": {"type": "LogFloats", "path": ["monitoring", "gpu_memory"], "values": [{"value": 2.309062957763672, "step": null, "ts": 1638648522.2972314}]}, "version": 94}
{"obj": {"type": "LogStrings", "path": ["monitoring", "stdout"], "values": [{"value": "Epoch: 8 \tTraining Loss: 1813.582153", "step": null, "ts": 1638648524.879346}]}, "version": 95}
{"obj": {"type": "LogStrings", "path": ["monitoring", "stdout"], "values": [{"value": "\n", "step": null, "ts": 1638648524.8803399}]}, "version": 96}
{"obj": {"type": "LogFloats", "path": ["train", "loss"], "values": [{"value": 1813.5821533203125, "step": null, "ts": 1638648524.8803399}]}, "version": 97}
{"obj": {"type": "LogFloats", "path": ["monitoring", "cpu"], "values": [{"value": 59.3, "step": null, "ts": 1638648532.3174448}]}, "version": 98}
{"obj": {"type": "LogFloats", "path": ["monitoring", "memory"], "values": [{"value": 10.28848648071289, "step": null, "ts": 1638648532.3174448}]}, "version": 99}
{"obj": {"type": "LogFloats", "path": ["monitoring", "gpu"], "values": [{"value": 81.0, "step": null, "ts": 1638648532.3174448}]}, "version": 100}
{"obj": {"type": "LogFloats", "path": ["monitoring", "gpu_memory"], "values": [{"value": 2.309062957763672, "step": null, "ts": 1638648532.3174448}]}, "version": 101}
{"obj": {"type": "LogStrings", "path": ["monitoring", "stdout"], "values": [{"value": "Epoch: 9 \tTraining Loss: 2037.403442", "step": null, "ts": 1638648536.7451165}]}, "version": 102}
{"obj": {"type": "LogStrings", "path": ["monitoring", "stdout"], "values": [{"value": "\n", "step": null, "ts": 1638648536.7461145}]}, "version": 103}
{"obj": {"type": "LogFloats", "path": ["train", "loss"], "values": [{"value": 2037.4034423828125, "step": null, "ts": 1638648536.7461145}]}, "version": 104}
{"obj": {"type": "LogFloats", "path": ["monitoring", "cpu"], "values": [{"value": 55.8, "step": null, "ts": 1638648542.3312087}]}, "version": 105}
{"obj": {"type": "LogFloats", "path": ["monitoring", "memory"], "values": [{"value": 10.27685546875, "step": null, "ts": 1638648542.3312087}]}, "version": 106}
{"obj": {"type": "LogFloats", "path": ["monitoring", "gpu"], "values": [{"value": 95.0, "step": null, "ts": 1638648542.3312087}]}, "version": 107}
{"obj": {"type": "LogFloats", "path": ["monitoring", "gpu_memory"], "values": [{"value": 2.309062957763672, "step": null, "ts": 1638648542.3312087}]}, "version": 108}
{"obj": {"type": "LogStrings", "path": ["monitoring", "stdout"], "values": [{"value": "Epoch: 10 \tTraining Loss: 1779.044678", "step": null, "ts": 1638648549.273623}]}, "version": 109}
{"obj": {"type": "LogStrings", "path": ["monitoring", "stdout"], "values": [{"value": "\n", "step": null, "ts": 1638648549.274621}]}, "version": 110}
{"obj": {"type": "LogFloats", "path": ["train", "loss"], "values": [{"value": 1779.044677734375, "step": null, "ts": 1638648549.274621}]}, "version": 111}
{"obj": {"type": "LogFloats", "path": ["monitoring", "cpu"], "values": [{"value": 61.5, "step": null, "ts": 1638648552.3444173}]}, "version": 112}
{"obj": {"type": "LogFloats", "path": ["monitoring", "memory"], "values": [{"value": 10.263713836669922, "step": null, "ts": 1638648552.3444173}]}, "version": 113}
{"obj": {"type": "LogFloats", "path": ["monitoring", "gpu"], "values": [{"value": 90.0, "step": null, "ts": 1638648552.3444173}]}, "version": 114}
{"obj": {"type": "LogFloats", "path": ["monitoring", "gpu_memory"], "values": [{"value": 2.309062957763672, "step": null, "ts": 1638648552.3444173}]}, "version": 115}
{"obj": {"type": "LogStrings", "path": ["monitoring", "stdout"], "values": [{"value": "Epoch: 11 \tTraining Loss: 1912.845337", "step": null, "ts": 1638648561.1887722}]}, "version": 116}
{"obj": {"type": "LogStrings", "path": ["monitoring", "stdout"], "values": [{"value": "\n", "step": null, "ts": 1638648561.18977}]}, "version": 117}
{"obj": {"type": "LogFloats", "path": ["train", "loss"], "values": [{"value": 1912.8453369140625, "step": null, "ts": 1638648561.18977}]}, "version": 118}
{"obj": {"type": "LogFloats", "path": ["monitoring", "cpu"], "values": [{"value": 56.6, "step": null, "ts": 1638648562.3646288}]}, "version": 119}
{"obj": {"type": "LogFloats", "path": ["monitoring", "memory"], "values": [{"value": 10.322498321533203, "step": null, "ts": 1638648562.3646288}]}, "version": 120}
{"obj": {"type": "LogFloats", "path": ["monitoring", "gpu"], "values": [{"value": 88.0, "step": null, "ts": 1638648562.3646288}]}, "version": 121}
{"obj": {"type": "LogFloats", "path": ["monitoring", "gpu_memory"], "values": [{"value": 2.309062957763672, "step": null, "ts": 1638648562.3646288}]}, "version": 122}
{"obj": {"type": "LogFloats", "path": ["monitoring", "cpu"], "values": [{"value": 53.6, "step": null, "ts": 1638648572.3838706}]}, "version": 123}
{"obj": {"type": "LogFloats", "path": ["monitoring", "memory"], "values": [{"value": 10.32120132446289, "step": null, "ts": 1638648572.3838706}]}, "version": 124}
{"obj": {"type": "LogFloats", "path": ["monitoring", "gpu"], "values": [{"value": 99.0, "step": null, "ts": 1638648572.3838706}]}, "version": 125}
{"obj": {"type": "LogFloats", "path": ["monitoring", "gpu_memory"], "values": [{"value": 2.309062957763672, "step": null, "ts": 1638648572.3838706}]}, "version": 126}
{"obj": {"type": "LogStrings", "path": ["monitoring", "stdout"], "values": [{"value": "Epoch: 12 \tTraining Loss: 1891.489502", "step": null, "ts": 1638648572.556423}]}, "version": 127}
{"obj": {"type": "LogStrings", "path": ["monitoring", "stdout"], "values": [{"value": "\n", "step": null, "ts": 1638648572.5573804}]}, "version": 128}
{"obj": {"type": "LogFloats", "path": ["train", "loss"], "values": [{"value": 1891.489501953125, "step": null, "ts": 1638648572.5573804}]}, "version": 129}
{"obj": {"type": "LogFloats", "path": ["monitoring", "cpu"], "values": [{"value": 59.4, "step": null, "ts": 1638648582.3990722}]}, "version": 130}
{"obj": {"type": "LogFloats", "path": ["monitoring", "memory"], "values": [{"value": 10.312427520751953, "step": null, "ts": 1638648582.3990722}]}, "version": 131}
{"obj": {"type": "LogFloats", "path": ["monitoring", "gpu"], "values": [{"value": 92.0, "step": null, "ts": 1638648582.3990722}]}, "version": 132}
{"obj": {"type": "LogFloats", "path": ["monitoring", "gpu_memory"], "values": [{"value": 2.309062957763672, "step": null, "ts": 1638648582.3990722}]}, "version": 133}
{"obj": {"type": "LogStrings", "path": ["monitoring", "stdout"], "values": [{"value": "Epoch: 13 \tTraining Loss: 2022.320801", "step": null, "ts": 1638648584.570289}]}, "version": 134}
{"obj": {"type": "LogStrings", "path": ["monitoring", "stdout"], "values": [{"value": "\n", "step": null, "ts": 1638648584.5712862}]}, "version": 135}
{"obj": {"type": "LogFloats", "path": ["train", "loss"], "values": [{"value": 2022.32080078125, "step": null, "ts": 1638648584.5712862}]}, "version": 136}
{"obj": {"type": "LogFloats", "path": ["monitoring", "cpu"], "values": [{"value": 53.8, "step": null, "ts": 1638648592.4108624}]}, "version": 137}
{"obj": {"type": "LogFloats", "path": ["monitoring", "memory"], "values": [{"value": 10.301963806152344, "step": null, "ts": 1638648592.4108624}]}, "version": 138}
{"obj": {"type": "LogFloats", "path": ["monitoring", "gpu"], "values": [{"value": 85.0, "step": null, "ts": 1638648592.4108624}]}, "version": 139}
{"obj": {"type": "LogFloats", "path": ["monitoring", "gpu_memory"], "values": [{"value": 2.309062957763672, "step": null, "ts": 1638648592.4108624}]}, "version": 140}
{"obj": {"type": "LogStrings", "path": ["monitoring", "stdout"], "values": [{"value": "Epoch: 14 \tTraining Loss: 2004.362183", "step": null, "ts": 1638648596.0286999}]}, "version": 141}
{"obj": {"type": "LogStrings", "path": ["monitoring", "stdout"], "values": [{"value": "\n", "step": null, "ts": 1638648596.0296962}]}, "version": 142}
{"obj": {"type": "LogFloats", "path": ["train", "loss"], "values": [{"value": 2004.3621826171875, "step": null, "ts": 1638648596.0296962}]}, "version": 143}
{"obj": {"type": "LogFloats", "path": ["monitoring", "cpu"], "values": [{"value": 57.9, "step": null, "ts": 1638648602.429607}]}, "version": 144}
{"obj": {"type": "LogFloats", "path": ["monitoring", "memory"], "values": [{"value": 10.270557403564453, "step": null, "ts": 1638648602.429607}]}, "version": 145}
{"obj": {"type": "LogFloats", "path": ["monitoring", "gpu"], "values": [{"value": 96.0, "step": null, "ts": 1638648602.429607}]}, "version": 146}
{"obj": {"type": "LogFloats", "path": ["monitoring", "gpu_memory"], "values": [{"value": 2.309062957763672, "step": null, "ts": 1638648602.429607}]}, "version": 147}
{"obj": {"type": "LogStrings", "path": ["monitoring", "stdout"], "values": [{"value": "Epoch: 15 \tTraining Loss: 2053.073730", "step": null, "ts": 1638648608.6081069}]}, "version": 148}
{"obj": {"type": "LogStrings", "path": ["monitoring", "stdout"], "values": [{"value": "\n", "step": null, "ts": 1638648608.6081069}]}, "version": 149}
{"obj": {"type": "LogFloats", "path": ["train", "loss"], "values": [{"value": 2053.07373046875, "step": null, "ts": 1638648608.609104}]}, "version": 150}
{"obj": {"type": "LogFloats", "path": ["monitoring", "cpu"], "values": [{"value": 61.4, "step": null, "ts": 1638648612.4378679}]}, "version": 151}
{"obj": {"type": "LogFloats", "path": ["monitoring", "memory"], "values": [{"value": 10.267986297607422, "step": null, "ts": 1638648612.4378679}]}, "version": 152}
{"obj": {"type": "LogFloats", "path": ["monitoring", "gpu"], "values": [{"value": 92.0, "step": null, "ts": 1638648612.4378679}]}, "version": 153}
{"obj": {"type": "LogFloats", "path": ["monitoring", "gpu_memory"], "values": [{"value": 2.309062957763672, "step": null, "ts": 1638648612.4378679}]}, "version": 154}
{"obj": {"type": "LogFloats", "path": ["monitoring", "cpu"], "values": [{"value": 31.5, "step": null, "ts": 1638648622.4522}]}, "version": 155}
{"obj": {"type": "LogFloats", "path": ["monitoring", "memory"], "values": [{"value": 10.318069458007812, "step": null, "ts": 1638648622.4522}]}, "version": 156}
{"obj": {"type": "LogFloats", "path": ["monitoring", "gpu_memory"], "values": [{"value": 2.309062957763672, "step": null, "ts": 1638648622.4522}]}, "version": 157}
{"obj": {"type": "LogFloats", "path": ["monitoring", "cpu"], "values": [{"value": 12.7, "step": null, "ts": 1638648632.4830527}]}, "version": 158}
{"obj": {"type": "LogFloats", "path": ["monitoring", "memory"], "values": [{"value": 10.348834991455078, "step": null, "ts": 1638648632.4830527}]}, "version": 159}
{"obj": {"type": "LogFloats", "path": ["monitoring", "gpu_memory"], "values": [{"value": 2.309062957763672, "step": null, "ts": 1638648632.4830527}]}, "version": 160}
{"obj": {"type": "LogFloats", "path": ["monitoring", "cpu"], "values": [{"value": 19.5, "step": null, "ts": 1638648642.503498}]}, "version": 161}
{"obj": {"type": "LogFloats", "path": ["monitoring", "memory"], "values": [{"value": 10.357902526855469, "step": null, "ts": 1638648642.503498}]}, "version": 162}
{"obj": {"type": "LogFloats", "path": ["monitoring", "gpu_memory"], "values": [{"value": 2.309062957763672, "step": null, "ts": 1638648642.503498}]}, "version": 163}
{"obj": {"type": "LogFloats", "path": ["monitoring", "cpu"], "values": [{"value": 22.5, "step": null, "ts": 1638648652.5195427}]}, "version": 164}
{"obj": {"type": "LogFloats", "path": ["monitoring", "memory"], "values": [{"value": 10.326061248779297, "step": null, "ts": 1638648652.5195427}]}, "version": 165}
{"obj": {"type": "LogFloats", "path": ["monitoring", "gpu_memory"], "values": [{"value": 2.309062957763672, "step": null, "ts": 1638648652.5195427}]}, "version": 166}
{"obj": {"type": "LogFloats", "path": ["monitoring", "cpu"], "values": [{"value": 13.5, "step": null, "ts": 1638648662.539199}]}, "version": 167}
{"obj": {"type": "LogFloats", "path": ["monitoring", "memory"], "values": [{"value": 10.309112548828125, "step": null, "ts": 1638648662.539199}]}, "version": 168}
{"obj": {"type": "LogFloats", "path": ["monitoring", "gpu_memory"], "values": [{"value": 2.309062957763672, "step": null, "ts": 1638648662.539199}]}, "version": 169}
{"obj": {"type": "AssignFloat", "path": ["parameters", "lr"], "value": 0.015}, "version": 170}
{"obj": {"type": "AssignString", "path": ["parameters", "optim"], "value": "Adam"}, "version": 171}
{"obj": {"type": "AssignString", "path": ["parameters", "loss_function"], "value": "MSELoss()"}, "version": 172}
{"obj": {"type": "AssignInt", "path": ["parameters", "Batch_size"], "value": 50}, "version": 173}
{"obj": {"type": "LogFloats", "path": ["monitoring", "cpu"], "values": [{"value": 11.2, "step": null, "ts": 1638648672.7781727}]}, "version": 174}
{"obj": {"type": "LogFloats", "path": ["monitoring", "memory"], "values": [{"value": 10.328201293945312, "step": null, "ts": 1638648672.7781727}]}, "version": 175}
{"obj": {"type": "LogFloats", "path": ["monitoring", "gpu_memory"], "values": [{"value": 2.398906707763672, "step": null, "ts": 1638648672.7781727}]}, "version": 176}
{"obj": {"type": "LogFloats", "path": ["monitoring", "cpu"], "values": [{"value": 24.3, "step": null, "ts": 1638648682.789711}]}, "version": 177}
{"obj": {"type": "LogFloats", "path": ["monitoring", "memory"], "values": [{"value": 10.071361541748047, "step": null, "ts": 1638648682.789711}]}, "version": 178}
{"obj": {"type": "LogFloats", "path": ["monitoring", "gpu"], "values": [{"value": 59.0, "step": null, "ts": 1638648682.789711}]}, "version": 179}
{"obj": {"type": "LogFloats", "path": ["monitoring", "gpu_memory"], "values": [{"value": 2.695781707763672, "step": null, "ts": 1638648682.789711}]}, "version": 180}
{"obj": {"type": "LogFloats", "path": ["monitoring", "cpu"], "values": [{"value": 72.2, "step": null, "ts": 1638648692.8068912}]}, "version": 181}
{"obj": {"type": "LogFloats", "path": ["monitoring", "memory"], "values": [{"value": 10.07773208618164, "step": null, "ts": 1638648692.8068912}]}, "version": 182}
{"obj": {"type": "LogFloats", "path": ["monitoring", "gpu"], "values": [{"value": 71.0, "step": null, "ts": 1638648692.8068912}]}, "version": 183}
{"obj": {"type": "LogFloats", "path": ["monitoring", "gpu_memory"], "values": [{"value": 2.695781707763672, "step": null, "ts": 1638648692.8068912}]}, "version": 184}
{"obj": {"type": "LogStrings", "path": ["monitoring", "stdout"], "values": [{"value": "Epoch: 1 \tTraining Loss: 15203.986328", "step": null, "ts": 1638648695.2052488}]}, "version": 185}
{"obj": {"type": "LogStrings", "path": ["monitoring", "stdout"], "values": [{"value": "\n", "step": null, "ts": 1638648695.2052488}]}, "version": 186}
{"obj": {"type": "LogFloats", "path": ["train", "loss"], "values": [{"value": 15203.986328125, "step": null, "ts": 1638648695.2062473}]}, "version": 187}
{"obj": {"type": "LogFloats", "path": ["monitoring", "cpu"], "values": [{"value": 69.5, "step": null, "ts": 1638648702.8293092}]}, "version": 188}
{"obj": {"type": "LogFloats", "path": ["monitoring", "memory"], "values": [{"value": 10.120983123779297, "step": null, "ts": 1638648702.8293092}]}, "version": 189}
{"obj": {"type": "LogFloats", "path": ["monitoring", "gpu"], "values": [{"value": 76.0, "step": null, "ts": 1638648702.8293092}]}, "version": 190}
{"obj": {"type": "LogFloats", "path": ["monitoring", "gpu_memory"], "values": [{"value": 2.695781707763672, "step": null, "ts": 1638648702.8293092}]}, "version": 191}
{"obj": {"type": "LogStrings", "path": ["monitoring", "stdout"], "values": [{"value": "Epoch: 2 \tTraining Loss: 16854.332031", "step": null, "ts": 1638648709.127977}]}, "version": 192}
{"obj": {"type": "LogStrings", "path": ["monitoring", "stdout"], "values": [{"value": "\n", "step": null, "ts": 1638648709.1289756}]}, "version": 193}
{"obj": {"type": "LogFloats", "path": ["train", "loss"], "values": [{"value": 16854.33203125, "step": null, "ts": 1638648709.1289756}]}, "version": 194}
{"obj": {"type": "LogFloats", "path": ["monitoring", "cpu"], "values": [{"value": 62.5, "step": null, "ts": 1638648712.8425856}]}, "version": 195}
{"obj": {"type": "LogFloats", "path": ["monitoring", "memory"], "values": [{"value": 10.08816146850586, "step": null, "ts": 1638648712.8425856}]}, "version": 196}
{"obj": {"type": "LogFloats", "path": ["monitoring", "gpu"], "values": [{"value": 81.0, "step": null, "ts": 1638648712.8425856}]}, "version": 197}
{"obj": {"type": "LogFloats", "path": ["monitoring", "gpu_memory"], "values": [{"value": 2.695781707763672, "step": null, "ts": 1638648712.8425856}]}, "version": 198}
{"obj": {"type": "LogFloats", "path": ["monitoring", "cpu"], "values": [{"value": 71.9, "step": null, "ts": 1638648722.84876}]}, "version": 199}
{"obj": {"type": "LogFloats", "path": ["monitoring", "memory"], "values": [{"value": 10.194740295410156, "step": null, "ts": 1638648722.84876}]}, "version": 200}
{"obj": {"type": "LogFloats", "path": ["monitoring", "gpu"], "values": [{"value": 82.0, "step": null, "ts": 1638648722.84876}]}, "version": 201}
{"obj": {"type": "LogFloats", "path": ["monitoring", "gpu_memory"], "values": [{"value": 2.695781707763672, "step": null, "ts": 1638648722.84876}]}, "version": 202}
{"obj": {"type": "LogStrings", "path": ["monitoring", "stdout"], "values": [{"value": "Epoch: 3 \tTraining Loss: 15547.593750", "step": null, "ts": 1638648723.0696821}]}, "version": 203}
{"obj": {"type": "LogStrings", "path": ["monitoring", "stdout"], "values": [{"value": "\n", "step": null, "ts": 1638648723.0706792}]}, "version": 204}
{"obj": {"type": "LogFloats", "path": ["train", "loss"], "values": [{"value": 15547.59375, "step": null, "ts": 1638648723.0706792}]}, "version": 205}
{"obj": {"type": "LogFloats", "path": ["monitoring", "cpu"], "values": [{"value": 69.4, "step": null, "ts": 1638648732.8681908}]}, "version": 206}
{"obj": {"type": "LogFloats", "path": ["monitoring", "memory"], "values": [{"value": 10.286296844482422, "step": null, "ts": 1638648732.8681908}]}, "version": 207}
{"obj": {"type": "LogFloats", "path": ["monitoring", "gpu"], "values": [{"value": 55.0, "step": null, "ts": 1638648732.8681908}]}, "version": 208}
{"obj": {"type": "LogFloats", "path": ["monitoring", "gpu_memory"], "values": [{"value": 2.695781707763672, "step": null, "ts": 1638648732.8681908}]}, "version": 209}
{"obj": {"type": "LogStrings", "path": ["monitoring", "stdout"], "values": [{"value": "Epoch: 4 \tTraining Loss: 16065.323242", "step": null, "ts": 1638648736.5979767}]}, "version": 210}
{"obj": {"type": "LogStrings", "path": ["monitoring", "stdout"], "values": [{"value": "\n", "step": null, "ts": 1638648736.5989766}]}, "version": 211}
{"obj": {"type": "LogFloats", "path": ["train", "loss"], "values": [{"value": 16065.3232421875, "step": null, "ts": 1638648736.5989766}]}, "version": 212}
{"obj": {"type": "LogFloats", "path": ["monitoring", "cpu"], "values": [{"value": 68.1, "step": null, "ts": 1638648742.8809943}]}, "version": 213}
{"obj": {"type": "LogFloats", "path": ["monitoring", "memory"], "values": [{"value": 10.214107513427734, "step": null, "ts": 1638648742.8809943}]}, "version": 214}
{"obj": {"type": "LogFloats", "path": ["monitoring", "gpu"], "values": [{"value": 76.0, "step": null, "ts": 1638648742.8809943}]}, "version": 215}
{"obj": {"type": "LogFloats", "path": ["monitoring", "gpu_memory"], "values": [{"value": 2.695781707763672, "step": null, "ts": 1638648742.8809943}]}, "version": 216}
{"obj": {"type": "LogStrings", "path": ["monitoring", "stdout"], "values": [{"value": "Epoch: 5 \tTraining Loss: 15219.242188", "step": null, "ts": 1638648751.8428912}]}, "version": 217}
{"obj": {"type": "LogStrings", "path": ["monitoring", "stdout"], "values": [{"value": "\n", "step": null, "ts": 1638648751.8438885}]}, "version": 218}
{"obj": {"type": "LogFloats", "path": ["train", "loss"], "values": [{"value": 15219.2421875, "step": null, "ts": 1638648751.8438885}]}, "version": 219}
{"obj": {"type": "LogFloats", "path": ["monitoring", "cpu"], "values": [{"value": 70.1, "step": null, "ts": 1638648752.8995824}]}, "version": 220}
{"obj": {"type": "LogFloats", "path": ["monitoring", "memory"], "values": [{"value": 10.326297760009766, "step": null, "ts": 1638648752.8995824}]}, "version": 221}
{"obj": {"type": "LogFloats", "path": ["monitoring", "gpu"], "values": [{"value": 75.0, "step": null, "ts": 1638648752.8995824}]}, "version": 222}
{"obj": {"type": "LogFloats", "path": ["monitoring", "gpu_memory"], "values": [{"value": 2.695781707763672, "step": null, "ts": 1638648752.8995824}]}, "version": 223}
{"obj": {"type": "LogFloats", "path": ["monitoring", "cpu"], "values": [{"value": 75.8, "step": null, "ts": 1638648762.9139647}]}, "version": 224}
{"obj": {"type": "LogFloats", "path": ["monitoring", "memory"], "values": [{"value": 10.303997039794922, "step": null, "ts": 1638648762.9139647}]}, "version": 225}
{"obj": {"type": "LogFloats", "path": ["monitoring", "gpu"], "values": [{"value": 77.0, "step": null, "ts": 1638648762.9139647}]}, "version": 226}
{"obj": {"type": "LogFloats", "path": ["monitoring", "gpu_memory"], "values": [{"value": 2.695781707763672, "step": null, "ts": 1638648762.9139647}]}, "version": 227}
{"obj": {"type": "LogStrings", "path": ["monitoring", "stdout"], "values": [{"value": "Epoch: 6 \tTraining Loss: 14648.989258", "step": null, "ts": 1638648767.3529696}]}, "version": 228}
{"obj": {"type": "LogStrings", "path": ["monitoring", "stdout"], "values": [{"value": "\n", "step": null, "ts": 1638648767.3529696}]}, "version": 229}
{"obj": {"type": "LogFloats", "path": ["train", "loss"], "values": [{"value": 14648.9892578125, "step": null, "ts": 1638648767.3539681}]}, "version": 230}
{"obj": {"type": "LogFloats", "path": ["monitoring", "cpu"], "values": [{"value": 72.7, "step": null, "ts": 1638648772.925933}]}, "version": 231}
{"obj": {"type": "LogFloats", "path": ["monitoring", "memory"], "values": [{"value": 10.268791198730469, "step": null, "ts": 1638648772.925933}]}, "version": 232}
{"obj": {"type": "LogFloats", "path": ["monitoring", "gpu"], "values": [{"value": 58.0, "step": null, "ts": 1638648772.925933}]}, "version": 233}
{"obj": {"type": "LogFloats", "path": ["monitoring", "gpu_memory"], "values": [{"value": 2.695781707763672, "step": null, "ts": 1638648772.925933}]}, "version": 234}
{"obj": {"type": "LogStrings", "path": ["monitoring", "stdout"], "values": [{"value": "Epoch: 7 \tTraining Loss: 15931.768555", "step": null, "ts": 1638648782.9511364}]}, "version": 235}
{"obj": {"type": "LogStrings", "path": ["monitoring", "stdout"], "values": [{"value": "\n", "step": null, "ts": 1638648782.9521348}]}, "version": 236}
{"obj": {"type": "LogFloats", "path": ["train", "loss"], "values": [{"value": 15931.7685546875, "step": null, "ts": 1638648782.9531324}]}, "version": 237}
{"obj": {"type": "LogFloats", "path": ["monitoring", "cpu"], "values": [{"value": 70.9, "step": null, "ts": 1638648782.9461493}]}, "version": 238}
{"obj": {"type": "LogFloats", "path": ["monitoring", "memory"], "values": [{"value": 10.30001449584961, "step": null, "ts": 1638648782.9461493}]}, "version": 239}
{"obj": {"type": "LogFloats", "path": ["monitoring", "gpu"], "values": [{"value": 73.0, "step": null, "ts": 1638648782.9461493}]}, "version": 240}
{"obj": {"type": "LogFloats", "path": ["monitoring", "gpu_memory"], "values": [{"value": 2.695781707763672, "step": null, "ts": 1638648782.9461493}]}, "version": 241}
{"obj": {"type": "LogFloats", "path": ["monitoring", "cpu"], "values": [{"value": 37.2, "step": null, "ts": 1638648792.965081}]}, "version": 242}
{"obj": {"type": "LogFloats", "path": ["monitoring", "memory"], "values": [{"value": 10.31964111328125, "step": null, "ts": 1638648792.965081}]}, "version": 243}
{"obj": {"type": "LogFloats", "path": ["monitoring", "gpu_memory"], "values": [{"value": 2.695781707763672, "step": null, "ts": 1638648792.965081}]}, "version": 244}
{"obj": {"type": "LogFloats", "path": ["monitoring", "cpu"], "values": [{"value": 23.6, "step": null, "ts": 1638648802.9861813}]}, "version": 245}
{"obj": {"type": "LogFloats", "path": ["monitoring", "memory"], "values": [{"value": 10.252700805664062, "step": null, "ts": 1638648802.9861813}]}, "version": 246}
{"obj": {"type": "LogFloats", "path": ["monitoring", "gpu_memory"], "values": [{"value": 2.695781707763672, "step": null, "ts": 1638648802.9861813}]}, "version": 247}
{"obj": {"type": "LogFloats", "path": ["monitoring", "cpu"], "values": [{"value": 27.7, "step": null, "ts": 1638648812.9968245}]}, "version": 248}
{"obj": {"type": "LogFloats", "path": ["monitoring", "memory"], "values": [{"value": 10.207695007324219, "step": null, "ts": 1638648812.9968245}]}, "version": 249}
{"obj": {"type": "LogFloats", "path": ["monitoring", "gpu_memory"], "values": [{"value": 2.695781707763672, "step": null, "ts": 1638648812.9968245}]}, "version": 250}
{"obj": {"type": "AssignFloat", "path": ["parameters", "lr"], "value": 0.001}, "version": 251}
{"obj": {"type": "AssignString", "path": ["parameters", "optim"], "value": "Adam"}, "version": 252}
{"obj": {"type": "AssignString", "path": ["parameters", "loss_function"], "value": "MSELoss()"}, "version": 253}
{"obj": {"type": "AssignInt", "path": ["parameters", "Batch_size"], "value": 50}, "version": 254}
{"obj": {"type": "LogFloats", "path": ["monitoring", "cpu"], "values": [{"value": 23.1, "step": null, "ts": 1638648823.0129328}]}, "version": 255}
{"obj": {"type": "LogFloats", "path": ["monitoring", "memory"], "values": [{"value": 10.163951873779297, "step": null, "ts": 1638648823.0129328}]}, "version": 256}
{"obj": {"type": "LogFloats", "path": ["monitoring", "gpu_memory"], "values": [{"value": 2.695781707763672, "step": null, "ts": 1638648823.0129328}]}, "version": 257}
{"obj": {"type": "LogFloats", "path": ["monitoring", "cpu"], "values": [{"value": 67.3, "step": null, "ts": 1638648833.0404}]}, "version": 258}
{"obj": {"type": "LogFloats", "path": ["monitoring", "memory"], "values": [{"value": 10.00521469116211, "step": null, "ts": 1638648833.0404}]}, "version": 259}
{"obj": {"type": "LogFloats", "path": ["monitoring", "gpu"], "values": [{"value": 40.0, "step": null, "ts": 1638648833.0404}]}, "version": 260}
{"obj": {"type": "LogFloats", "path": ["monitoring", "gpu_memory"], "values": [{"value": 2.801250457763672, "step": null, "ts": 1638648833.0404}]}, "version": 261}
{"obj": {"type": "LogFloats", "path": ["monitoring", "cpu"], "values": [{"value": 85.2, "step": null, "ts": 1638648843.0506446}]}, "version": 262}
{"obj": {"type": "LogFloats", "path": ["monitoring", "memory"], "values": [{"value": 9.931465148925781, "step": null, "ts": 1638648843.0506446}]}, "version": 263}
{"obj": {"type": "LogFloats", "path": ["monitoring", "gpu"], "values": [{"value": 35.0, "step": null, "ts": 1638648843.0506446}]}, "version": 264}
{"obj": {"type": "LogFloats", "path": ["monitoring", "gpu_memory"], "values": [{"value": 2.801250457763672, "step": null, "ts": 1638648843.0506446}]}, "version": 265}
{"obj": {"type": "LogStrings", "path": ["monitoring", "stdout"], "values": [{"value": "Epoch: 1 \tTraining Loss: 2110.238037", "step": null, "ts": 1638648844.5354445}]}, "version": 266}
{"obj": {"type": "LogStrings", "path": ["monitoring", "stdout"], "values": [{"value": "\n", "step": null, "ts": 1638648844.5354445}]}, "version": 267}
{"obj": {"type": "LogFloats", "path": ["train", "loss"], "values": [{"value": 2110.238037109375, "step": null, "ts": 1638648844.5364425}]}, "version": 268}
{"obj": {"type": "LogFloats", "path": ["monitoring", "cpu"], "values": [{"value": 80.0, "step": null, "ts": 1638648853.074325}]}, "version": 269}
{"obj": {"type": "LogFloats", "path": ["monitoring", "memory"], "values": [{"value": 10.002586364746094, "step": null, "ts": 1638648853.074325}]}, "version": 270}
{"obj": {"type": "LogFloats", "path": ["monitoring", "gpu"], "values": [{"value": 66.0, "step": null, "ts": 1638648853.074325}]}, "version": 271}
{"obj": {"type": "LogFloats", "path": ["monitoring", "gpu_memory"], "values": [{"value": 2.801250457763672, "step": null, "ts": 1638648853.074325}]}, "version": 272}
{"obj": {"type": "LogStrings", "path": ["monitoring", "stdout"], "values": [{"value": "Epoch: 2 \tTraining Loss: 1922.710815", "step": null, "ts": 1638648861.174554}]}, "version": 273}
{"obj": {"type": "LogStrings", "path": ["monitoring", "stdout"], "values": [{"value": "\n", "step": null, "ts": 1638648861.175552}]}, "version": 274}
{"obj": {"type": "LogFloats", "path": ["train", "loss"], "values": [{"value": 1922.7108154296875, "step": null, "ts": 1638648861.175552}]}, "version": 275}
{"obj": {"type": "LogFloats", "path": ["monitoring", "cpu"], "values": [{"value": 73.3, "step": null, "ts": 1638648863.0909505}]}, "version": 276}
{"obj": {"type": "LogFloats", "path": ["monitoring", "memory"], "values": [{"value": 10.031990051269531, "step": null, "ts": 1638648863.0909505}]}, "version": 277}
{"obj": {"type": "LogFloats", "path": ["monitoring", "gpu"], "values": [{"value": 79.0, "step": null, "ts": 1638648863.0909505}]}, "version": 278}
{"obj": {"type": "LogFloats", "path": ["monitoring", "gpu_memory"], "values": [{"value": 2.801250457763672, "step": null, "ts": 1638648863.0909505}]}, "version": 279}
{"obj": {"type": "LogFloats", "path": ["monitoring", "cpu"], "values": [{"value": 72.3, "step": null, "ts": 1638648873.100662}]}, "version": 280}
{"obj": {"type": "LogFloats", "path": ["monitoring", "memory"], "values": [{"value": 10.040660858154297, "step": null, "ts": 1638648873.100662}]}, "version": 281}
{"obj": {"type": "LogFloats", "path": ["monitoring", "gpu"], "values": [{"value": 68.0, "step": null, "ts": 1638648873.100662}]}, "version": 282}
{"obj": {"type": "LogFloats", "path": ["monitoring", "gpu_memory"], "values": [{"value": 2.801250457763672, "step": null, "ts": 1638648873.100662}]}, "version": 283}
{"obj": {"type": "LogStrings", "path": ["monitoring", "stdout"], "values": [{"value": "Epoch: 3 \tTraining Loss: 2003.929810", "step": null, "ts": 1638648876.1639662}]}, "version": 284}
{"obj": {"type": "LogStrings", "path": ["monitoring", "stdout"], "values": [{"value": "\n", "step": null, "ts": 1638648876.1649632}]}, "version": 285}
{"obj": {"type": "LogFloats", "path": ["train", "loss"], "values": [{"value": 2003.9298095703125, "step": null, "ts": 1638648876.1649632}]}, "version": 286}
{"obj": {"type": "LogFloats", "path": ["monitoring", "cpu"], "values": [{"value": 68.1, "step": null, "ts": 1638648883.1175094}]}, "version": 287}
{"obj": {"type": "LogFloats", "path": ["monitoring", "memory"], "values": [{"value": 9.88998794555664, "step": null, "ts": 1638648883.1175094}]}, "version": 288}
{"obj": {"type": "LogFloats", "path": ["monitoring", "gpu"], "values": [{"value": 87.0, "step": null, "ts": 1638648883.1175094}]}, "version": 289}
{"obj": {"type": "LogFloats", "path": ["monitoring", "gpu_memory"], "values": [{"value": 2.801250457763672, "step": null, "ts": 1638648883.1175094}]}, "version": 290}
{"obj": {"type": "LogStrings", "path": ["monitoring", "stdout"], "values": [{"value": "Epoch: 4 \tTraining Loss: 1938.005859", "step": null, "ts": 1638648889.6299098}]}, "version": 291}
{"obj": {"type": "LogStrings", "path": ["monitoring", "stdout"], "values": [{"value": "\n", "step": null, "ts": 1638648889.6309152}]}, "version": 292}
{"obj": {"type": "LogFloats", "path": ["train", "loss"], "values": [{"value": 1938.005859375, "step": null, "ts": 1638648889.6309152}]}, "version": 293}
{"obj": {"type": "LogFloats", "path": ["monitoring", "cpu"], "values": [{"value": 64.7, "step": null, "ts": 1638648893.1256232}]}, "version": 294}
{"obj": {"type": "LogFloats", "path": ["monitoring", "memory"], "values": [{"value": 9.98355484008789, "step": null, "ts": 1638648893.1256232}]}, "version": 295}
{"obj": {"type": "LogFloats", "path": ["monitoring", "gpu"], "values": [{"value": 68.0, "step": null, "ts": 1638648893.1256232}]}, "version": 296}
{"obj": {"type": "LogFloats", "path": ["monitoring", "gpu_memory"], "values": [{"value": 2.801250457763672, "step": null, "ts": 1638648893.1256232}]}, "version": 297}
{"obj": {"type": "LogFloats", "path": ["monitoring", "cpu"], "values": [{"value": 66.5, "step": null, "ts": 1638648903.1429477}]}, "version": 298}
{"obj": {"type": "LogFloats", "path": ["monitoring", "memory"], "values": [{"value": 10.045555114746094, "step": null, "ts": 1638648903.1429477}]}, "version": 299}
{"obj": {"type": "LogFloats", "path": ["monitoring", "gpu"], "values": [{"value": 60.0, "step": null, "ts": 1638648903.1429477}]}, "version": 300}
{"obj": {"type": "LogFloats", "path": ["monitoring", "gpu_memory"], "values": [{"value": 2.801250457763672, "step": null, "ts": 1638648903.1429477}]}, "version": 301}
{"obj": {"type": "LogStrings", "path": ["monitoring", "stdout"], "values": [{"value": "Epoch: 5 \tTraining Loss: 2077.999512", "step": null, "ts": 1638648903.6850169}]}, "version": 302}
{"obj": {"type": "LogStrings", "path": ["monitoring", "stdout"], "values": [{"value": "\n", "step": null, "ts": 1638648903.6860142}]}, "version": 303}
{"obj": {"type": "LogFloats", "path": ["train", "loss"], "values": [{"value": 2077.99951171875, "step": null, "ts": 1638648903.6860142}]}, "version": 304}
{"obj": {"type": "LogFloats", "path": ["monitoring", "cpu"], "values": [{"value": 68.2, "step": null, "ts": 1638648913.166317}]}, "version": 305}
{"obj": {"type": "LogFloats", "path": ["monitoring", "memory"], "values": [{"value": 10.020549774169922, "step": null, "ts": 1638648913.166317}]}, "version": 306}
{"obj": {"type": "LogFloats", "path": ["monitoring", "gpu"], "values": [{"value": 80.0, "step": null, "ts": 1638648913.166317}]}, "version": 307}
{"obj": {"type": "LogFloats", "path": ["monitoring", "gpu_memory"], "values": [{"value": 2.801250457763672, "step": null, "ts": 1638648913.166317}]}, "version": 308}
{"obj": {"type": "LogStrings", "path": ["monitoring", "stdout"], "values": [{"value": "Epoch: 6 \tTraining Loss: 1662.812500", "step": null, "ts": 1638648917.9181476}]}, "version": 309}
{"obj": {"type": "LogStrings", "path": ["monitoring", "stdout"], "values": [{"value": "\n", "step": null, "ts": 1638648917.9191444}]}, "version": 310}
{"obj": {"type": "LogFloats", "path": ["train", "loss"], "values": [{"value": 1662.8125, "step": null, "ts": 1638648917.9191444}]}, "version": 311}
{"obj": {"type": "LogFloats", "path": ["monitoring", "cpu"], "values": [{"value": 65.0, "step": null, "ts": 1638648923.1885784}]}, "version": 312}
{"obj": {"type": "LogFloats", "path": ["monitoring", "memory"], "values": [{"value": 10.040771484375, "step": null, "ts": 1638648923.1885784}]}, "version": 313}
{"obj": {"type": "LogFloats", "path": ["monitoring", "gpu"], "values": [{"value": 85.0, "step": null, "ts": 1638648923.1885784}]}, "version": 314}
{"obj": {"type": "LogFloats", "path": ["monitoring", "gpu_memory"], "values": [{"value": 2.801250457763672, "step": null, "ts": 1638648923.1885784}]}, "version": 315}
{"obj": {"type": "LogStrings", "path": ["monitoring", "stdout"], "values": [{"value": "Epoch: 7 \tTraining Loss: 2039.878662", "step": null, "ts": 1638648932.0846064}]}, "version": 316}
{"obj": {"type": "LogStrings", "path": ["monitoring", "stdout"], "values": [{"value": "\n", "step": null, "ts": 1638648932.085604}]}, "version": 317}
{"obj": {"type": "LogFloats", "path": ["train", "loss"], "values": [{"value": 2039.878662109375, "step": null, "ts": 1638648932.085604}]}, "version": 318}
{"obj": {"type": "LogFloats", "path": ["monitoring", "cpu"], "values": [{"value": 67.7, "step": null, "ts": 1638648933.197631}]}, "version": 319}
{"obj": {"type": "LogFloats", "path": ["monitoring", "memory"], "values": [{"value": 10.03042984008789, "step": null, "ts": 1638648933.197631}]}, "version": 320}
{"obj": {"type": "LogFloats", "path": ["monitoring", "gpu"], "values": [{"value": 72.0, "step": null, "ts": 1638648933.197631}]}, "version": 321}
{"obj": {"type": "LogFloats", "path": ["monitoring", "gpu_memory"], "values": [{"value": 2.801250457763672, "step": null, "ts": 1638648933.197631}]}, "version": 322}
{"obj": {"type": "LogFloats", "path": ["monitoring", "cpu"], "values": [{"value": 69.0, "step": null, "ts": 1638648943.2158394}]}, "version": 323}
{"obj": {"type": "LogFloats", "path": ["monitoring", "memory"], "values": [{"value": 9.99911880493164, "step": null, "ts": 1638648943.2158394}]}, "version": 324}
{"obj": {"type": "LogFloats", "path": ["monitoring", "gpu"], "values": [{"value": 76.0, "step": null, "ts": 1638648943.2158394}]}, "version": 325}
{"obj": {"type": "LogFloats", "path": ["monitoring", "gpu_memory"], "values": [{"value": 2.801250457763672, "step": null, "ts": 1638648943.2158394}]}, "version": 326}
{"obj": {"type": "LogStrings", "path": ["monitoring", "stdout"], "values": [{"value": "Epoch: 8 \tTraining Loss: 2067.691406", "step": null, "ts": 1638648946.3087316}]}, "version": 327}
{"obj": {"type": "LogStrings", "path": ["monitoring", "stdout"], "values": [{"value": "\n", "step": null, "ts": 1638648946.3097296}]}, "version": 328}
{"obj": {"type": "LogFloats", "path": ["train", "loss"], "values": [{"value": 2067.69140625, "step": null, "ts": 1638648946.3107276}]}, "version": 329}
{"obj": {"type": "LogFloats", "path": ["monitoring", "cpu"], "values": [{"value": 66.1, "step": null, "ts": 1638648953.2323565}]}, "version": 330}
{"obj": {"type": "LogFloats", "path": ["monitoring", "memory"], "values": [{"value": 9.973514556884766, "step": null, "ts": 1638648953.2323565}]}, "version": 331}
{"obj": {"type": "LogFloats", "path": ["monitoring", "gpu"], "values": [{"value": 71.0, "step": null, "ts": 1638648953.2323565}]}, "version": 332}
{"obj": {"type": "LogFloats", "path": ["monitoring", "gpu_memory"], "values": [{"value": 2.801250457763672, "step": null, "ts": 1638648953.2323565}]}, "version": 333}
{"obj": {"type": "LogStrings", "path": ["monitoring", "stdout"], "values": [{"value": "Epoch: 9 \tTraining Loss: 1895.835327", "step": null, "ts": 1638648960.5743122}]}, "version": 334}
{"obj": {"type": "LogStrings", "path": ["monitoring", "stdout"], "values": [{"value": "\n", "step": null, "ts": 1638648960.575307}]}, "version": 335}
{"obj": {"type": "LogFloats", "path": ["train", "loss"], "values": [{"value": 1895.8353271484375, "step": null, "ts": 1638648960.575307}]}, "version": 336}
{"obj": {"type": "LogFloats", "path": ["monitoring", "cpu"], "values": [{"value": 66.9, "step": null, "ts": 1638648963.2426276}]}, "version": 337}
{"obj": {"type": "LogFloats", "path": ["monitoring", "memory"], "values": [{"value": 10.008354187011719, "step": null, "ts": 1638648963.2426276}]}, "version": 338}
{"obj": {"type": "LogFloats", "path": ["monitoring", "gpu_memory"], "values": [{"value": 2.801250457763672, "step": null, "ts": 1638648963.2426276}]}, "version": 339}
{"obj": {"type": "LogFloats", "path": ["monitoring", "cpu"], "values": [{"value": 23.0, "step": null, "ts": 1638648973.2746549}]}, "version": 340}
{"obj": {"type": "LogFloats", "path": ["monitoring", "memory"], "values": [{"value": 10.018062591552734, "step": null, "ts": 1638648973.2746549}]}, "version": 341}
{"obj": {"type": "LogFloats", "path": ["monitoring", "gpu_memory"], "values": [{"value": 2.801250457763672, "step": null, "ts": 1638648973.2746549}]}, "version": 342}
{"obj": {"type": "LogFloats", "path": ["monitoring", "cpu"], "values": [{"value": 20.5, "step": null, "ts": 1638648983.2882872}]}, "version": 343}
{"obj": {"type": "LogFloats", "path": ["monitoring", "memory"], "values": [{"value": 10.007244110107422, "step": null, "ts": 1638648983.2882872}]}, "version": 344}
{"obj": {"type": "LogFloats", "path": ["monitoring", "gpu_memory"], "values": [{"value": 2.801250457763672, "step": null, "ts": 1638648983.2882872}]}, "version": 345}
{"obj": {"type": "LogFloats", "path": ["monitoring", "cpu"], "values": [{"value": 22.9, "step": null, "ts": 1638648993.3250494}]}, "version": 346}
{"obj": {"type": "LogFloats", "path": ["monitoring", "memory"], "values": [{"value": 10.019660949707031, "step": null, "ts": 1638648993.3250494}]}, "version": 347}
{"obj": {"type": "LogFloats", "path": ["monitoring", "gpu_memory"], "values": [{"value": 2.801250457763672, "step": null, "ts": 1638648993.3250494}]}, "version": 348}
{"obj": {"type": "LogFloats", "path": ["monitoring", "cpu"], "values": [{"value": 26.7, "step": null, "ts": 1638649003.3398411}]}, "version": 349}
{"obj": {"type": "LogFloats", "path": ["monitoring", "memory"], "values": [{"value": 9.876853942871094, "step": null, "ts": 1638649003.3398411}]}, "version": 350}
{"obj": {"type": "LogFloats", "path": ["monitoring", "gpu_memory"], "values": [{"value": 2.801250457763672, "step": null, "ts": 1638649003.3398411}]}, "version": 351}
{"obj": {"type": "LogFloats", "path": ["monitoring", "cpu"], "values": [{"value": 24.0, "step": null, "ts": 1638649013.3573923}]}, "version": 352}
{"obj": {"type": "LogFloats", "path": ["monitoring", "memory"], "values": [{"value": 9.899768829345703, "step": null, "ts": 1638649013.3573923}]}, "version": 353}
{"obj": {"type": "LogFloats", "path": ["monitoring", "gpu_memory"], "values": [{"value": 2.801250457763672, "step": null, "ts": 1638649013.3573923}]}, "version": 354}
{"obj": {"type": "LogFloats", "path": ["monitoring", "cpu"], "values": [{"value": 24.9, "step": null, "ts": 1638649023.3955162}]}, "version": 355}
{"obj": {"type": "LogFloats", "path": ["monitoring", "memory"], "values": [{"value": 9.919330596923828, "step": null, "ts": 1638649023.3955162}]}, "version": 356}
{"obj": {"type": "LogFloats", "path": ["monitoring", "gpu_memory"], "values": [{"value": 2.801250457763672, "step": null, "ts": 1638649023.3955162}]}, "version": 357}
{"obj": {"type": "LogFloats", "path": ["monitoring", "cpu"], "values": [{"value": 25.8, "step": null, "ts": 1638649033.431562}]}, "version": 358}
{"obj": {"type": "LogFloats", "path": ["monitoring", "memory"], "values": [{"value": 9.925739288330078, "step": null, "ts": 1638649033.431562}]}, "version": 359}
{"obj": {"type": "LogFloats", "path": ["monitoring", "gpu_memory"], "values": [{"value": 2.801250457763672, "step": null, "ts": 1638649033.431562}]}, "version": 360}
{"obj": {"type": "LogFloats", "path": ["monitoring", "cpu"], "values": [{"value": 18.6, "step": null, "ts": 1638649043.4505475}]}, "version": 361}
{"obj": {"type": "LogFloats", "path": ["monitoring", "memory"], "values": [{"value": 9.919681549072266, "step": null, "ts": 1638649043.4505475}]}, "version": 362}
{"obj": {"type": "LogFloats", "path": ["monitoring", "gpu_memory"], "values": [{"value": 2.801250457763672, "step": null, "ts": 1638649043.4505475}]}, "version": 363}
{"obj": {"type": "LogFloats", "path": ["monitoring", "cpu"], "values": [{"value": 21.9, "step": null, "ts": 1638649053.4712002}]}, "version": 364}
{"obj": {"type": "LogFloats", "path": ["monitoring", "memory"], "values": [{"value": 9.93267822265625, "step": null, "ts": 1638649053.4712002}]}, "version": 365}
{"obj": {"type": "LogFloats", "path": ["monitoring", "gpu_memory"], "values": [{"value": 2.801250457763672, "step": null, "ts": 1638649053.4712002}]}, "version": 366}
{"obj": {"type": "LogFloats", "path": ["monitoring", "cpu"], "values": [{"value": 27.7, "step": null, "ts": 1638649063.4912517}]}, "version": 367}
{"obj": {"type": "LogFloats", "path": ["monitoring", "memory"], "values": [{"value": 10.004035949707031, "step": null, "ts": 1638649063.4912517}]}, "version": 368}
{"obj": {"type": "LogFloats", "path": ["monitoring", "gpu_memory"], "values": [{"value": 2.801250457763672, "step": null, "ts": 1638649063.4912517}]}, "version": 369}
{"obj": {"type": "LogFloats", "path": ["monitoring", "cpu"], "values": [{"value": 27.8, "step": null, "ts": 1638649073.5003753}]}, "version": 370}
{"obj": {"type": "LogFloats", "path": ["monitoring", "memory"], "values": [{"value": 9.964080810546875, "step": null, "ts": 1638649073.5003753}]}, "version": 371}
{"obj": {"type": "LogFloats", "path": ["monitoring", "gpu_memory"], "values": [{"value": 2.801250457763672, "step": null, "ts": 1638649073.5003753}]}, "version": 372}
{"obj": {"type": "LogFloats", "path": ["monitoring", "cpu"], "values": [{"value": 30.7, "step": null, "ts": 1638649083.5363507}]}, "version": 373}
{"obj": {"type": "LogFloats", "path": ["monitoring", "memory"], "values": [{"value": 9.995235443115234, "step": null, "ts": 1638649083.5363507}]}, "version": 374}
{"obj": {"type": "LogFloats", "path": ["monitoring", "gpu_memory"], "values": [{"value": 2.801250457763672, "step": null, "ts": 1638649083.5363507}]}, "version": 375}
{"obj": {"type": "LogFloats", "path": ["monitoring", "cpu"], "values": [{"value": 25.3, "step": null, "ts": 1638649093.5564747}]}, "version": 376}
{"obj": {"type": "LogFloats", "path": ["monitoring", "memory"], "values": [{"value": 9.980972290039062, "step": null, "ts": 1638649093.5564747}]}, "version": 377}
{"obj": {"type": "LogFloats", "path": ["monitoring", "gpu_memory"], "values": [{"value": 2.801250457763672, "step": null, "ts": 1638649093.5564747}]}, "version": 378}
{"obj": {"type": "LogFloats", "path": ["monitoring", "cpu"], "values": [{"value": 17.0, "step": null, "ts": 1638649103.5715375}]}, "version": 379}
{"obj": {"type": "LogFloats", "path": ["monitoring", "memory"], "values": [{"value": 9.98190689086914, "step": null, "ts": 1638649103.5715375}]}, "version": 380}
{"obj": {"type": "LogFloats", "path": ["monitoring", "gpu_memory"], "values": [{"value": 2.801250457763672, "step": null, "ts": 1638649103.5715375}]}, "version": 381}
{"obj": {"type": "LogFloats", "path": ["monitoring", "cpu"], "values": [{"value": 17.2, "step": null, "ts": 1638649113.5839477}]}, "version": 382}
{"obj": {"type": "LogFloats", "path": ["monitoring", "memory"], "values": [{"value": 10.00021743774414, "step": null, "ts": 1638649113.5839477}]}, "version": 383}
{"obj": {"type": "LogFloats", "path": ["monitoring", "gpu_memory"], "values": [{"value": 2.801250457763672, "step": null, "ts": 1638649113.5839477}]}, "version": 384}
{"obj": {"type": "LogFloats", "path": ["monitoring", "cpu"], "values": [{"value": 18.4, "step": null, "ts": 1638649123.5987816}]}, "version": 385}
{"obj": {"type": "LogFloats", "path": ["monitoring", "memory"], "values": [{"value": 10.01385498046875, "step": null, "ts": 1638649123.5987816}]}, "version": 386}
{"obj": {"type": "LogFloats", "path": ["monitoring", "gpu_memory"], "values": [{"value": 2.801250457763672, "step": null, "ts": 1638649123.5987816}]}, "version": 387}
{"obj": {"type": "LogFloats", "path": ["monitoring", "cpu"], "values": [{"value": 15.1, "step": null, "ts": 1638649133.6074333}]}, "version": 388}
{"obj": {"type": "LogFloats", "path": ["monitoring", "memory"], "values": [{"value": 9.957260131835938, "step": null, "ts": 1638649133.6074333}]}, "version": 389}
{"obj": {"type": "LogFloats", "path": ["monitoring", "gpu_memory"], "values": [{"value": 2.801250457763672, "step": null, "ts": 1638649133.6074333}]}, "version": 390}
{"obj": {"type": "LogFloats", "path": ["monitoring", "cpu"], "values": [{"value": 24.4, "step": null, "ts": 1638649143.6231067}]}, "version": 391}
{"obj": {"type": "LogFloats", "path": ["monitoring", "memory"], "values": [{"value": 10.082805633544922, "step": null, "ts": 1638649143.6231067}]}, "version": 392}
{"obj": {"type": "LogFloats", "path": ["monitoring", "gpu_memory"], "values": [{"value": 2.801250457763672, "step": null, "ts": 1638649143.6231067}]}, "version": 393}
{"obj": {"type": "LogFloats", "path": ["monitoring", "cpu"], "values": [{"value": 26.6, "step": null, "ts": 1638649153.6349466}]}, "version": 394}
{"obj": {"type": "LogFloats", "path": ["monitoring", "memory"], "values": [{"value": 9.96966552734375, "step": null, "ts": 1638649153.6349466}]}, "version": 395}
{"obj": {"type": "LogFloats", "path": ["monitoring", "gpu_memory"], "values": [{"value": 2.801250457763672, "step": null, "ts": 1638649153.6349466}]}, "version": 396}
{"obj": {"type": "LogFloats", "path": ["monitoring", "cpu"], "values": [{"value": 25.4, "step": null, "ts": 1638649163.6575603}]}, "version": 397}
{"obj": {"type": "LogFloats", "path": ["monitoring", "memory"], "values": [{"value": 10.045513153076172, "step": null, "ts": 1638649163.6575603}]}, "version": 398}
{"obj": {"type": "LogFloats", "path": ["monitoring", "gpu_memory"], "values": [{"value": 2.801250457763672, "step": null, "ts": 1638649163.6575603}]}, "version": 399}
{"obj": {"type": "LogFloats", "path": ["monitoring", "cpu"], "values": [{"value": 28.7, "step": null, "ts": 1638649173.6789393}]}, "version": 400}
{"obj": {"type": "LogFloats", "path": ["monitoring", "memory"], "values": [{"value": 10.069618225097656, "step": null, "ts": 1638649173.6789393}]}, "version": 401}
{"obj": {"type": "LogFloats", "path": ["monitoring", "gpu_memory"], "values": [{"value": 2.801250457763672, "step": null, "ts": 1638649173.6789393}]}, "version": 402}
{"obj": {"type": "LogFloats", "path": ["monitoring", "cpu"], "values": [{"value": 20.1, "step": null, "ts": 1638649183.6880102}]}, "version": 403}
{"obj": {"type": "LogFloats", "path": ["monitoring", "memory"], "values": [{"value": 10.038658142089844, "step": null, "ts": 1638649183.6880102}]}, "version": 404}
{"obj": {"type": "LogFloats", "path": ["monitoring", "gpu_memory"], "values": [{"value": 2.801250457763672, "step": null, "ts": 1638649183.6880102}]}, "version": 405}
{"obj": {"type": "LogFloats", "path": ["monitoring", "cpu"], "values": [{"value": 30.1, "step": null, "ts": 1638649193.7073874}]}, "version": 406}
{"obj": {"type": "LogFloats", "path": ["monitoring", "memory"], "values": [{"value": 10.036018371582031, "step": null, "ts": 1638649193.7073874}]}, "version": 407}
{"obj": {"type": "LogFloats", "path": ["monitoring", "gpu_memory"], "values": [{"value": 2.801250457763672, "step": null, "ts": 1638649193.7073874}]}, "version": 408}
{"obj": {"type": "LogFloats", "path": ["monitoring", "cpu"], "values": [{"value": 27.5, "step": null, "ts": 1638649203.7443988}]}, "version": 409}
{"obj": {"type": "LogFloats", "path": ["monitoring", "memory"], "values": [{"value": 10.088207244873047, "step": null, "ts": 1638649203.7443988}]}, "version": 410}
{"obj": {"type": "LogFloats", "path": ["monitoring", "gpu_memory"], "values": [{"value": 2.801250457763672, "step": null, "ts": 1638649203.7443988}]}, "version": 411}
{"obj": {"type": "LogFloats", "path": ["monitoring", "cpu"], "values": [{"value": 24.0, "step": null, "ts": 1638649213.7623007}]}, "version": 412}
{"obj": {"type": "LogFloats", "path": ["monitoring", "memory"], "values": [{"value": 10.019859313964844, "step": null, "ts": 1638649213.7623007}]}, "version": 413}
{"obj": {"type": "LogFloats", "path": ["monitoring", "gpu_memory"], "values": [{"value": 2.801250457763672, "step": null, "ts": 1638649213.7623007}]}, "version": 414}
{"obj": {"type": "LogFloats", "path": ["monitoring", "cpu"], "values": [{"value": 23.8, "step": null, "ts": 1638649223.7727845}]}, "version": 415}
{"obj": {"type": "LogFloats", "path": ["monitoring", "memory"], "values": [{"value": 9.991580963134766, "step": null, "ts": 1638649223.7727845}]}, "version": 416}
{"obj": {"type": "LogFloats", "path": ["monitoring", "gpu_memory"], "values": [{"value": 2.801250457763672, "step": null, "ts": 1638649223.7727845}]}, "version": 417}
{"obj": {"type": "LogFloats", "path": ["monitoring", "cpu"], "values": [{"value": 19.2, "step": null, "ts": 1638649233.793395}]}, "version": 418}
{"obj": {"type": "LogFloats", "path": ["monitoring", "memory"], "values": [{"value": 10.04232406616211, "step": null, "ts": 1638649233.793395}]}, "version": 419}
{"obj": {"type": "LogFloats", "path": ["monitoring", "gpu_memory"], "values": [{"value": 2.801250457763672, "step": null, "ts": 1638649233.793395}]}, "version": 420}
{"obj": {"type": "LogFloats", "path": ["monitoring", "cpu"], "values": [{"value": 23.2, "step": null, "ts": 1638649243.8044717}]}, "version": 421}
{"obj": {"type": "LogFloats", "path": ["monitoring", "memory"], "values": [{"value": 10.008842468261719, "step": null, "ts": 1638649243.8044717}]}, "version": 422}
{"obj": {"type": "LogFloats", "path": ["monitoring", "gpu_memory"], "values": [{"value": 2.871562957763672, "step": null, "ts": 1638649243.8044717}]}, "version": 423}
{"obj": {"type": "LogFloats", "path": ["monitoring", "cpu"], "values": [{"value": 29.9, "step": null, "ts": 1638649253.8225105}]}, "version": 424}
{"obj": {"type": "LogFloats", "path": ["monitoring", "memory"], "values": [{"value": 10.042282104492188, "step": null, "ts": 1638649253.8225105}]}, "version": 425}
{"obj": {"type": "LogFloats", "path": ["monitoring", "gpu_memory"], "values": [{"value": 2.871562957763672, "step": null, "ts": 1638649253.8225105}]}, "version": 426}
{"obj": {"type": "LogFloats", "path": ["monitoring", "cpu"], "values": [{"value": 23.8, "step": null, "ts": 1638649263.8451188}]}, "version": 427}
{"obj": {"type": "LogFloats", "path": ["monitoring", "memory"], "values": [{"value": 9.959278106689453, "step": null, "ts": 1638649263.8451188}]}, "version": 428}
{"obj": {"type": "LogFloats", "path": ["monitoring", "gpu_memory"], "values": [{"value": 2.871562957763672, "step": null, "ts": 1638649263.8451188}]}, "version": 429}
{"obj": {"type": "LogFloats", "path": ["monitoring", "cpu"], "values": [{"value": 22.1, "step": null, "ts": 1638649273.8533072}]}, "version": 430}
{"obj": {"type": "LogFloats", "path": ["monitoring", "memory"], "values": [{"value": 9.973800659179688, "step": null, "ts": 1638649273.8533072}]}, "version": 431}
{"obj": {"type": "LogFloats", "path": ["monitoring", "gpu_memory"], "values": [{"value": 2.871562957763672, "step": null, "ts": 1638649273.8533072}]}, "version": 432}
{"obj": {"type": "LogFloats", "path": ["monitoring", "cpu"], "values": [{"value": 16.6, "step": null, "ts": 1638649283.861094}]}, "version": 433}
{"obj": {"type": "LogFloats", "path": ["monitoring", "memory"], "values": [{"value": 9.936664581298828, "step": null, "ts": 1638649283.861094}]}, "version": 434}
{"obj": {"type": "LogFloats", "path": ["monitoring", "gpu_memory"], "values": [{"value": 2.871562957763672, "step": null, "ts": 1638649283.861094}]}, "version": 435}
{"obj": {"type": "LogFloats", "path": ["monitoring", "cpu"], "values": [{"value": 22.1, "step": null, "ts": 1638649293.871454}]}, "version": 436}
{"obj": {"type": "LogFloats", "path": ["monitoring", "memory"], "values": [{"value": 9.964588165283203, "step": null, "ts": 1638649293.871454}]}, "version": 437}
{"obj": {"type": "LogFloats", "path": ["monitoring", "gpu_memory"], "values": [{"value": 2.941875457763672, "step": null, "ts": 1638649293.871454}]}, "version": 438}
{"obj": {"type": "LogFloats", "path": ["monitoring", "cpu"], "values": [{"value": 20.7, "step": null, "ts": 1638649303.8784716}]}, "version": 439}
{"obj": {"type": "LogFloats", "path": ["monitoring", "memory"], "values": [{"value": 9.961357116699219, "step": null, "ts": 1638649303.8784716}]}, "version": 440}
{"obj": {"type": "LogFloats", "path": ["monitoring", "gpu_memory"], "values": [{"value": 2.941875457763672, "step": null, "ts": 1638649303.8784716}]}, "version": 441}
{"obj": {"type": "LogFloats", "path": ["monitoring", "cpu"], "values": [{"value": 35.9, "step": null, "ts": 1638649313.8885999}]}, "version": 442}
{"obj": {"type": "LogFloats", "path": ["monitoring", "memory"], "values": [{"value": 10.023807525634766, "step": null, "ts": 1638649313.8885999}]}, "version": 443}
{"obj": {"type": "LogFloats", "path": ["monitoring", "gpu"], "values": [{"value": 99.0, "step": null, "ts": 1638649313.8885999}]}, "version": 444}
{"obj": {"type": "LogFloats", "path": ["monitoring", "gpu_memory"], "values": [{"value": 3.123516082763672, "step": null, "ts": 1638649313.8885999}]}, "version": 445}
{"obj": {"type": "LogFloats", "path": ["monitoring", "cpu"], "values": [{"value": 70.5, "step": null, "ts": 1638649323.896607}]}, "version": 446}
{"obj": {"type": "LogFloats", "path": ["monitoring", "memory"], "values": [{"value": 9.981925964355469, "step": null, "ts": 1638649323.896607}]}, "version": 447}
{"obj": {"type": "LogFloats", "path": ["monitoring", "gpu"], "values": [{"value": 84.0, "step": null, "ts": 1638649323.896607}]}, "version": 448}
{"obj": {"type": "LogFloats", "path": ["monitoring", "gpu_memory"], "values": [{"value": 3.123516082763672, "step": null, "ts": 1638649323.896607}]}, "version": 449}
{"obj": {"type": "LogStrings", "path": ["monitoring", "stdout"], "values": [{"value": "Epoch: 1 \tTraining Loss: 17267.212891", "step": null, "ts": 1638649328.1848135}]}, "version": 450}
{"obj": {"type": "LogStrings", "path": ["monitoring", "stdout"], "values": [{"value": "\n", "step": null, "ts": 1638649328.1858182}]}, "version": 451}
{"obj": {"type": "LogFloats", "path": ["train", "loss"], "values": [{"value": 17267.212890625, "step": null, "ts": 1638649328.1858182}]}, "version": 452}
{"obj": {"type": "LogFloats", "path": ["monitoring", "cpu"], "values": [{"value": 63.2, "step": null, "ts": 1638649333.9181058}]}, "version": 453}
{"obj": {"type": "LogFloats", "path": ["monitoring", "memory"], "values": [{"value": 9.956676483154297, "step": null, "ts": 1638649333.9181058}]}, "version": 454}
{"obj": {"type": "LogFloats", "path": ["monitoring", "gpu"], "values": [{"value": 99.0, "step": null, "ts": 1638649333.9181058}]}, "version": 455}
{"obj": {"type": "LogFloats", "path": ["monitoring", "gpu_memory"], "values": [{"value": 3.123516082763672, "step": null, "ts": 1638649333.9181058}]}, "version": 456}
{"obj": {"type": "LogFloats", "path": ["monitoring", "cpu"], "values": [{"value": 57.7, "step": null, "ts": 1638649343.9348824}]}, "version": 457}
{"obj": {"type": "LogFloats", "path": ["monitoring", "memory"], "values": [{"value": 9.913993835449219, "step": null, "ts": 1638649343.9348824}]}, "version": 458}
{"obj": {"type": "LogFloats", "path": ["monitoring", "gpu"], "values": [{"value": 98.0, "step": null, "ts": 1638649343.9348824}]}, "version": 459}
{"obj": {"type": "LogFloats", "path": ["monitoring", "gpu_memory"], "values": [{"value": 3.123516082763672, "step": null, "ts": 1638649343.9348824}]}, "version": 460}
{"obj": {"type": "LogStrings", "path": ["monitoring", "stdout"], "values": [{"value": "Epoch: 2 \tTraining Loss: 14451.452148", "step": null, "ts": 1638649344.1323514}]}, "version": 461}
{"obj": {"type": "LogStrings", "path": ["monitoring", "stdout"], "values": [{"value": "\n", "step": null, "ts": 1638649344.133339}]}, "version": 462}
{"obj": {"type": "LogFloats", "path": ["train", "loss"], "values": [{"value": 14451.4521484375, "step": null, "ts": 1638649344.133339}]}, "version": 463}
{"obj": {"type": "LogFloats", "path": ["monitoring", "cpu"], "values": [{"value": 61.2, "step": null, "ts": 1638649353.953263}]}, "version": 464}
{"obj": {"type": "LogFloats", "path": ["monitoring", "memory"], "values": [{"value": 9.934814453125, "step": null, "ts": 1638649353.953263}]}, "version": 465}
{"obj": {"type": "LogFloats", "path": ["monitoring", "gpu"], "values": [{"value": 99.0, "step": null, "ts": 1638649353.953263}]}, "version": 466}
{"obj": {"type": "LogFloats", "path": ["monitoring", "gpu_memory"], "values": [{"value": 3.123516082763672, "step": null, "ts": 1638649353.953263}]}, "version": 467}
{"obj": {"type": "LogStrings", "path": ["monitoring", "stdout"], "values": [{"value": "Epoch: 3 \tTraining Loss: 15521.076172", "step": null, "ts": 1638649360.114938}]}, "version": 468}
{"obj": {"type": "LogStrings", "path": ["monitoring", "stdout"], "values": [{"value": "\n", "step": null, "ts": 1638649360.1159356}]}, "version": 469}
{"obj": {"type": "LogFloats", "path": ["train", "loss"], "values": [{"value": 15521.076171875, "step": null, "ts": 1638649360.1159356}]}, "version": 470}
{"obj": {"type": "LogFloats", "path": ["monitoring", "cpu"], "values": [{"value": 66.7, "step": null, "ts": 1638649363.9719179}]}, "version": 471}
{"obj": {"type": "LogFloats", "path": ["monitoring", "memory"], "values": [{"value": 10.135921478271484, "step": null, "ts": 1638649363.9719179}]}, "version": 472}
{"obj": {"type": "LogFloats", "path": ["monitoring", "gpu"], "values": [{"value": 98.0, "step": null, "ts": 1638649363.9719179}]}, "version": 473}
{"obj": {"type": "LogFloats", "path": ["monitoring", "gpu_memory"], "values": [{"value": 3.123516082763672, "step": null, "ts": 1638649363.9719179}]}, "version": 474}
{"obj": {"type": "LogFloats", "path": ["monitoring", "cpu"], "values": [{"value": 66.9, "step": null, "ts": 1638649373.9823163}]}, "version": 475}
{"obj": {"type": "LogFloats", "path": ["monitoring", "memory"], "values": [{"value": 10.061603546142578, "step": null, "ts": 1638649373.9823163}]}, "version": 476}
{"obj": {"type": "LogFloats", "path": ["monitoring", "gpu"], "values": [{"value": 99.0, "step": null, "ts": 1638649373.9823163}]}, "version": 477}
{"obj": {"type": "LogFloats", "path": ["monitoring", "gpu_memory"], "values": [{"value": 3.123516082763672, "step": null, "ts": 1638649373.9823163}]}, "version": 478}
{"obj": {"type": "LogStrings", "path": ["monitoring", "stdout"], "values": [{"value": "Epoch: 4 \tTraining Loss: 15477.863281", "step": null, "ts": 1638649376.819908}]}, "version": 479}
{"obj": {"type": "LogStrings", "path": ["monitoring", "stdout"], "values": [{"value": "\n", "step": null, "ts": 1638649376.8209062}]}, "version": 480}
{"obj": {"type": "LogFloats", "path": ["train", "loss"], "values": [{"value": 15477.86328125, "step": null, "ts": 1638649376.8209062}]}, "version": 481}
{"obj": {"type": "LogFloats", "path": ["monitoring", "cpu"], "values": [{"value": 66.8, "step": null, "ts": 1638649383.997444}]}, "version": 482}
{"obj": {"type": "LogFloats", "path": ["monitoring", "memory"], "values": [{"value": 10.055877685546875, "step": null, "ts": 1638649383.997444}]}, "version": 483}
{"obj": {"type": "LogFloats", "path": ["monitoring", "gpu"], "values": [{"value": 88.0, "step": null, "ts": 1638649383.997444}]}, "version": 484}
{"obj": {"type": "LogFloats", "path": ["monitoring", "gpu_memory"], "values": [{"value": 3.123516082763672, "step": null, "ts": 1638649383.997444}]}, "version": 485}
{"obj": {"type": "LogStrings", "path": ["monitoring", "stdout"], "values": [{"value": "Epoch: 5 \tTraining Loss: 15918.762695", "step": null, "ts": 1638649393.7747595}]}, "version": 486}
{"obj": {"type": "LogStrings", "path": ["monitoring", "stdout"], "values": [{"value": "\n", "step": null, "ts": 1638649393.7747595}]}, "version": 487}
{"obj": {"type": "LogFloats", "path": ["train", "loss"], "values": [{"value": 15918.7626953125, "step": null, "ts": 1638649393.7757561}]}, "version": 488}
{"obj": {"type": "LogFloats", "path": ["monitoring", "cpu"], "values": [{"value": 69.6, "step": null, "ts": 1638649394.0080576}]}, "version": 489}
{"obj": {"type": "LogFloats", "path": ["monitoring", "memory"], "values": [{"value": 10.041332244873047, "step": null, "ts": 1638649394.0080576}]}, "version": 490}
{"obj": {"type": "LogFloats", "path": ["monitoring", "gpu"], "values": [{"value": 52.0, "step": null, "ts": 1638649394.0080576}]}, "version": 491}
{"obj": {"type": "LogFloats", "path": ["monitoring", "gpu_memory"], "values": [{"value": 3.123516082763672, "step": null, "ts": 1638649394.0080576}]}, "version": 492}
{"obj": {"type": "LogFloats", "path": ["monitoring", "cpu"], "values": [{"value": 66.1, "step": null, "ts": 1638649404.0289593}]}, "version": 493}
{"obj": {"type": "LogFloats", "path": ["monitoring", "memory"], "values": [{"value": 10.082054138183594, "step": null, "ts": 1638649404.0289593}]}, "version": 494}
{"obj": {"type": "LogFloats", "path": ["monitoring", "gpu"], "values": [{"value": 99.0, "step": null, "ts": 1638649404.0289593}]}, "version": 495}
{"obj": {"type": "LogFloats", "path": ["monitoring", "gpu_memory"], "values": [{"value": 3.123516082763672, "step": null, "ts": 1638649404.0289593}]}, "version": 496}
{"obj": {"type": "LogStrings", "path": ["monitoring", "stdout"], "values": [{"value": "Epoch: 6 \tTraining Loss: 16588.402344", "step": null, "ts": 1638649410.133755}]}, "version": 497}
{"obj": {"type": "LogStrings", "path": ["monitoring", "stdout"], "values": [{"value": "\n", "step": null, "ts": 1638649410.1357486}]}, "version": 498}
{"obj": {"type": "LogFloats", "path": ["train", "loss"], "values": [{"value": 16588.40234375, "step": null, "ts": 1638649410.1357486}]}, "version": 499}
{"obj": {"type": "LogFloats", "path": ["monitoring", "cpu"], "values": [{"value": 72.2, "step": null, "ts": 1638649414.0438566}]}, "version": 500}
{"obj": {"type": "LogFloats", "path": ["monitoring", "memory"], "values": [{"value": 10.126911163330078, "step": null, "ts": 1638649414.0438566}]}, "version": 501}
{"obj": {"type": "LogFloats", "path": ["monitoring", "gpu"], "values": [{"value": 99.0, "step": null, "ts": 1638649414.0438566}]}, "version": 502}
{"obj": {"type": "LogFloats", "path": ["monitoring", "gpu_memory"], "values": [{"value": 3.123516082763672, "step": null, "ts": 1638649414.0438566}]}, "version": 503}
{"obj": {"type": "LogFloats", "path": ["monitoring", "cpu"], "values": [{"value": 64.1, "step": null, "ts": 1638649424.0551043}]}, "version": 504}
{"obj": {"type": "LogFloats", "path": ["monitoring", "memory"], "values": [{"value": 10.136455535888672, "step": null, "ts": 1638649424.0551043}]}, "version": 505}
{"obj": {"type": "LogFloats", "path": ["monitoring", "gpu_memory"], "values": [{"value": 3.123516082763672, "step": null, "ts": 1638649424.0551043}]}, "version": 506}
{"obj": {"type": "LogFloats", "path": ["monitoring", "cpu"], "values": [{"value": 17.7, "step": null, "ts": 1638649434.091264}]}, "version": 507}
{"obj": {"type": "LogFloats", "path": ["monitoring", "memory"], "values": [{"value": 10.057273864746094, "step": null, "ts": 1638649434.091264}]}, "version": 508}
{"obj": {"type": "LogFloats", "path": ["monitoring", "gpu_memory"], "values": [{"value": 3.123516082763672, "step": null, "ts": 1638649434.091264}]}, "version": 509}
{"obj": {"type": "LogFloats", "path": ["monitoring", "cpu"], "values": [{"value": 22.2, "step": null, "ts": 1638649444.1077251}]}, "version": 510}
{"obj": {"type": "LogFloats", "path": ["monitoring", "memory"], "values": [{"value": 10.073932647705078, "step": null, "ts": 1638649444.1077251}]}, "version": 511}
{"obj": {"type": "LogFloats", "path": ["monitoring", "gpu_memory"], "values": [{"value": 3.123516082763672, "step": null, "ts": 1638649444.1077251}]}, "version": 512}
{"obj": {"type": "LogFloats", "path": ["monitoring", "cpu"], "values": [{"value": 21.3, "step": null, "ts": 1638649454.3548193}]}, "version": 513}
{"obj": {"type": "LogFloats", "path": ["monitoring", "memory"], "values": [{"value": 10.027862548828125, "step": null, "ts": 1638649454.3548193}]}, "version": 514}
{"obj": {"type": "LogFloats", "path": ["monitoring", "gpu_memory"], "values": [{"value": 3.123516082763672, "step": null, "ts": 1638649454.3548193}]}, "version": 515}
{"obj": {"type": "LogFloats", "path": ["monitoring", "cpu"], "values": [{"value": 36.0, "step": null, "ts": 1638649464.376867}]}, "version": 516}
{"obj": {"type": "LogFloats", "path": ["monitoring", "memory"], "values": [{"value": 10.099666595458984, "step": null, "ts": 1638649464.376867}]}, "version": 517}
{"obj": {"type": "LogFloats", "path": ["monitoring", "gpu_memory"], "values": [{"value": 3.123516082763672, "step": null, "ts": 1638649464.376867}]}, "version": 518}
{"obj": {"type": "LogFloats", "path": ["monitoring", "cpu"], "values": [{"value": 29.3, "step": null, "ts": 1638649474.6877666}]}, "version": 519}
{"obj": {"type": "LogFloats", "path": ["monitoring", "memory"], "values": [{"value": 10.43283462524414, "step": null, "ts": 1638649474.6877666}]}, "version": 520}
{"obj": {"type": "LogFloats", "path": ["monitoring", "gpu_memory"], "values": [{"value": 3.123516082763672, "step": null, "ts": 1638649474.6877666}]}, "version": 521}
{"obj": {"type": "LogFloats", "path": ["monitoring", "cpu"], "values": [{"value": 21.4, "step": null, "ts": 1638649484.702789}]}, "version": 522}
{"obj": {"type": "LogFloats", "path": ["monitoring", "memory"], "values": [{"value": 10.097614288330078, "step": null, "ts": 1638649484.702789}]}, "version": 523}
{"obj": {"type": "LogFloats", "path": ["monitoring", "gpu_memory"], "values": [{"value": 3.123516082763672, "step": null, "ts": 1638649484.702789}]}, "version": 524}
{"obj": {"type": "LogFloats", "path": ["monitoring", "cpu"], "values": [{"value": 20.8, "step": null, "ts": 1638649495.0243704}]}, "version": 525}
{"obj": {"type": "LogFloats", "path": ["monitoring", "memory"], "values": [{"value": 10.107109069824219, "step": null, "ts": 1638649495.0243704}]}, "version": 526}
{"obj": {"type": "LogFloats", "path": ["monitoring", "gpu_memory"], "values": [{"value": 3.123516082763672, "step": null, "ts": 1638649495.0243704}]}, "version": 527}
{"obj": {"type": "LogFloats", "path": ["monitoring", "cpu"], "values": [{"value": 20.1, "step": null, "ts": 1638649505.0591912}]}, "version": 528}
{"obj": {"type": "LogFloats", "path": ["monitoring", "memory"], "values": [{"value": 10.148971557617188, "step": null, "ts": 1638649505.0591912}]}, "version": 529}
{"obj": {"type": "LogFloats", "path": ["monitoring", "gpu_memory"], "values": [{"value": 3.209453582763672, "step": null, "ts": 1638649505.0591912}]}, "version": 530}
{"obj": {"type": "AssignFloat", "path": ["parameters", "lr"], "value": 0.001}, "version": 531}
{"obj": {"type": "AssignString", "path": ["parameters", "optim"], "value": "Adam"}, "version": 532}
{"obj": {"type": "AssignString", "path": ["parameters", "loss_function"], "value": "MSELoss()"}, "version": 533}
{"obj": {"type": "AssignInt", "path": ["parameters", "Batch_size"], "value": 50}, "version": 534}
{"obj": {"type": "LogFloats", "path": ["monitoring", "cpu"], "values": [{"value": 25.2, "step": null, "ts": 1638649515.0848954}]}, "version": 535}
{"obj": {"type": "LogFloats", "path": ["monitoring", "memory"], "values": [{"value": 10.070838928222656, "step": null, "ts": 1638649515.0848954}]}, "version": 536}
{"obj": {"type": "LogFloats", "path": ["monitoring", "gpu_memory"], "values": [{"value": 3.209453582763672, "step": null, "ts": 1638649515.0848954}]}, "version": 537}
{"obj": {"type": "LogFloats", "path": ["monitoring", "cpu"], "values": [{"value": 23.9, "step": null, "ts": 1638649525.1021194}]}, "version": 538}
{"obj": {"type": "LogFloats", "path": ["monitoring", "memory"], "values": [{"value": 10.083782196044922, "step": null, "ts": 1638649525.1021194}]}, "version": 539}
{"obj": {"type": "LogFloats", "path": ["monitoring", "gpu_memory"], "values": [{"value": 3.568828582763672, "step": null, "ts": 1638649525.1021194}]}, "version": 540}
{"obj": {"type": "LogFloats", "path": ["monitoring", "cpu"], "values": [{"value": 28.6, "step": null, "ts": 1638649535.1219745}]}, "version": 541}
{"obj": {"type": "LogFloats", "path": ["monitoring", "memory"], "values": [{"value": 10.10220718383789, "step": null, "ts": 1638649535.1219745}]}, "version": 542}
{"obj": {"type": "LogFloats", "path": ["monitoring", "gpu_memory"], "values": [{"value": 3.568828582763672, "step": null, "ts": 1638649535.1219745}]}, "version": 543}
{"obj": {"type": "LogFloats", "path": ["monitoring", "cpu"], "values": [{"value": 20.8, "step": null, "ts": 1638649545.1412537}]}, "version": 544}
{"obj": {"type": "LogFloats", "path": ["monitoring", "memory"], "values": [{"value": 10.24283218383789, "step": null, "ts": 1638649545.1412537}]}, "version": 545}
{"obj": {"type": "LogFloats", "path": ["monitoring", "gpu_memory"], "values": [{"value": 3.568828582763672, "step": null, "ts": 1638649545.1412537}]}, "version": 546}
{"obj": {"type": "LogFloats", "path": ["monitoring", "cpu"], "values": [{"value": 29.9, "step": null, "ts": 1638649555.1741173}]}, "version": 547}
{"obj": {"type": "LogFloats", "path": ["monitoring", "memory"], "values": [{"value": 10.314556121826172, "step": null, "ts": 1638649555.1741173}]}, "version": 548}
{"obj": {"type": "LogFloats", "path": ["monitoring", "gpu_memory"], "values": [{"value": 3.568828582763672, "step": null, "ts": 1638649555.1741173}]}, "version": 549}
{"obj": {"type": "LogFloats", "path": ["monitoring", "cpu"], "values": [{"value": 41.6, "step": null, "ts": 1638649565.196113}]}, "version": 550}
{"obj": {"type": "LogFloats", "path": ["monitoring", "memory"], "values": [{"value": 10.354923248291016, "step": null, "ts": 1638649565.196113}]}, "version": 551}
{"obj": {"type": "LogFloats", "path": ["monitoring", "gpu_memory"], "values": [{"value": 3.568828582763672, "step": null, "ts": 1638649565.196113}]}, "version": 552}
{"obj": {"type": "LogFloats", "path": ["monitoring", "cpu"], "values": [{"value": 21.5, "step": null, "ts": 1638649575.2066863}]}, "version": 553}
{"obj": {"type": "LogFloats", "path": ["monitoring", "memory"], "values": [{"value": 10.484989166259766, "step": null, "ts": 1638649575.2066863}]}, "version": 554}
{"obj": {"type": "LogFloats", "path": ["monitoring", "gpu_memory"], "values": [{"value": 3.568828582763672, "step": null, "ts": 1638649575.2066863}]}, "version": 555}
{"obj": {"type": "LogFloats", "path": ["monitoring", "cpu"], "values": [{"value": 17.5, "step": null, "ts": 1638649585.2134953}]}, "version": 556}
{"obj": {"type": "LogFloats", "path": ["monitoring", "memory"], "values": [{"value": 10.41098403930664, "step": null, "ts": 1638649585.2134953}]}, "version": 557}
{"obj": {"type": "LogFloats", "path": ["monitoring", "gpu_memory"], "values": [{"value": 3.568828582763672, "step": null, "ts": 1638649585.2134953}]}, "version": 558}
{"obj": {"type": "LogFloats", "path": ["monitoring", "cpu"], "values": [{"value": 33.3, "step": null, "ts": 1638649595.2388115}]}, "version": 559}
{"obj": {"type": "LogFloats", "path": ["monitoring", "memory"], "values": [{"value": 10.49093246459961, "step": null, "ts": 1638649595.2388115}]}, "version": 560}
{"obj": {"type": "LogFloats", "path": ["monitoring", "gpu_memory"], "values": [{"value": 3.568828582763672, "step": null, "ts": 1638649595.2388115}]}, "version": 561}
{"obj": {"type": "LogFloats", "path": ["monitoring", "cpu"], "values": [{"value": 21.2, "step": null, "ts": 1638649605.254157}]}, "version": 562}
{"obj": {"type": "LogFloats", "path": ["monitoring", "memory"], "values": [{"value": 10.49715805053711, "step": null, "ts": 1638649605.254157}]}, "version": 563}
{"obj": {"type": "LogFloats", "path": ["monitoring", "gpu_memory"], "values": [{"value": 3.568828582763672, "step": null, "ts": 1638649605.254157}]}, "version": 564}
{"obj": {"type": "LogFloats", "path": ["monitoring", "cpu"], "values": [{"value": 20.7, "step": null, "ts": 1638649615.2705712}]}, "version": 565}
{"obj": {"type": "LogFloats", "path": ["monitoring", "memory"], "values": [{"value": 10.51962661743164, "step": null, "ts": 1638649615.2705712}]}, "version": 566}
{"obj": {"type": "LogFloats", "path": ["monitoring", "gpu_memory"], "values": [{"value": 3.568828582763672, "step": null, "ts": 1638649615.2705712}]}, "version": 567}
{"obj": {"type": "LogFloats", "path": ["monitoring", "cpu"], "values": [{"value": 20.9, "step": null, "ts": 1638649625.284492}]}, "version": 568}
{"obj": {"type": "LogFloats", "path": ["monitoring", "memory"], "values": [{"value": 10.52956771850586, "step": null, "ts": 1638649625.284492}]}, "version": 569}
{"obj": {"type": "LogFloats", "path": ["monitoring", "gpu_memory"], "values": [{"value": 3.568828582763672, "step": null, "ts": 1638649625.284492}]}, "version": 570}
{"obj": {"type": "LogFloats", "path": ["monitoring", "cpu"], "values": [{"value": 21.4, "step": null, "ts": 1638649635.2956522}]}, "version": 571}
{"obj": {"type": "LogFloats", "path": ["monitoring", "memory"], "values": [{"value": 10.398750305175781, "step": null, "ts": 1638649635.2956522}]}, "version": 572}
{"obj": {"type": "LogFloats", "path": ["monitoring", "gpu_memory"], "values": [{"value": 3.215312957763672, "step": null, "ts": 1638649635.2956522}]}, "version": 573}
{"obj": {"type": "AssignFloat", "path": ["parameters", "lr"], "value": 0.001}, "version": 574}
{"obj": {"type": "AssignString", "path": ["parameters", "optim"], "value": "Adam"}, "version": 575}
{"obj": {"type": "AssignString", "path": ["parameters", "loss_function"], "value": "MSELoss()"}, "version": 576}
{"obj": {"type": "AssignInt", "path": ["parameters", "Batch_size"], "value": 50}, "version": 577}
{"obj": {"type": "LogFloats", "path": ["monitoring", "cpu"], "values": [{"value": 23.6, "step": null, "ts": 1638649645.3074708}]}, "version": 578}
{"obj": {"type": "LogFloats", "path": ["monitoring", "memory"], "values": [{"value": 10.354751586914062, "step": null, "ts": 1638649645.3074708}]}, "version": 579}
{"obj": {"type": "LogFloats", "path": ["monitoring", "gpu_memory"], "values": [{"value": 3.377422332763672, "step": null, "ts": 1638649645.3074708}]}, "version": 580}
{"obj": {"type": "LogFloats", "path": ["monitoring", "cpu"], "values": [{"value": 25.0, "step": null, "ts": 1638649655.32373}]}, "version": 581}
{"obj": {"type": "LogFloats", "path": ["monitoring", "memory"], "values": [{"value": 10.20941162109375, "step": null, "ts": 1638649655.32373}]}, "version": 582}
{"obj": {"type": "LogFloats", "path": ["monitoring", "gpu_memory"], "values": [{"value": 3.539531707763672, "step": null, "ts": 1638649655.32373}]}, "version": 583}
{"obj": {"type": "LogFloats", "path": ["monitoring", "cpu"], "values": [{"value": 20.0, "step": null, "ts": 1638649665.3393078}]}, "version": 584}
{"obj": {"type": "LogFloats", "path": ["monitoring", "memory"], "values": [{"value": 10.395294189453125, "step": null, "ts": 1638649665.3393078}]}, "version": 585}
{"obj": {"type": "LogFloats", "path": ["monitoring", "gpu_memory"], "values": [{"value": 3.539531707763672, "step": null, "ts": 1638649665.3393078}]}, "version": 586}
{"obj": {"type": "LogStrings", "path": ["monitoring", "stdout"], "values": [{"value": "Shutting down background jobs, please wait a moment...\n", "step": null, "ts": 1638649667.249561}]}, "version": 587}
